0 verbose cli /opt/homebrew/Cellar/node/24.10.0/bin/node /opt/homebrew/bin/npm
1 info using npm@11.6.0
2 info using node@v24.10.0
3 silly config load:file:/opt/homebrew/lib/node_modules/npm/npmrc
4 silly config load:file:/Users/beniam/Documents/CODE/LOMI/MEDIC/medic/assets/.npmrc
5 silly config load:file:/Users/beniam/.npmrc
6 silly config load:file:/opt/homebrew/etc/npmrc
7 verbose title npm install @mantine/core @mantine/hooks
8 verbose argv "install" "@mantine/core" "@mantine/hooks" "--cache" "../.npm-cache"
9 verbose logfile logs-max:10 dir:/Users/beniam/Documents/CODE/LOMI/MEDIC/medic/.npm-cache/_logs/2025-12-12T14_23_36_677Z-
10 verbose logfile /Users/beniam/Documents/CODE/LOMI/MEDIC/medic/.npm-cache/_logs/2025-12-12T14_23_36_677Z-debug-0.log
11 silly logfile done cleaning log files
12 silly packumentCache heap:4496293888 maxSize:1124073472 maxEntrySize:562036736
13 silly idealTree buildDeps
14 silly fetch manifest @mantine/core@*
15 silly packumentCache full:https://registry.npmjs.org/@mantine%2fcore cache-miss
16 http fetch GET 200 https://registry.npmjs.org/@mantine%2fcore 391ms (cache miss)
17 silly packumentCache full:https://registry.npmjs.org/@mantine%2fcore set size:undefined disposed:false
18 silly fetch manifest @mantine/hooks@*
19 silly packumentCache full:https://registry.npmjs.org/@mantine%2fhooks cache-miss
20 http fetch GET 200 https://registry.npmjs.org/@mantine%2fhooks 207ms (cache miss)
21 silly packumentCache full:https://registry.npmjs.org/@mantine%2fhooks set size:undefined disposed:false
22 silly fetch manifest react@^18.3.1
23 silly packumentCache full:https://registry.npmjs.org/react cache-miss
24 http fetch GET 200 https://registry.npmjs.org/react 64ms (cache revalidated)
25 silly packumentCache full:https://registry.npmjs.org/react set size:6344067 disposed:false
26 silly fetch manifest react-dom@^18.3.1
27 silly packumentCache full:https://registry.npmjs.org/react-dom cache-miss
28 http fetch GET 200 https://registry.npmjs.org/react-dom 54ms (cache revalidated)
29 silly packumentCache full:https://registry.npmjs.org/react-dom set size:8342628 disposed:false
30 silly placeDep ROOT @mantine/core@8.3.10 OK for: medic_assets@1.0.0 want: *
31 silly placeDep ROOT @mantine/hooks@8.3.10 OK for: @mantine/core@8.3.10 want: 8.3.10
32 silly placeDep ROOT @mantine/hooks@8.3.10 REPLACE for: medic_assets@1.0.0 want: *
33 silly fetch manifest @floating-ui/react@^0.27.16
34 silly packumentCache full:https://registry.npmjs.org/@floating-ui%2freact cache-miss
35 silly fetch manifest clsx@^2.1.1
36 silly packumentCache full:https://registry.npmjs.org/clsx cache-miss
37 silly fetch manifest react-number-format@^5.4.4
38 silly packumentCache full:https://registry.npmjs.org/react-number-format cache-miss
39 silly fetch manifest react-remove-scroll@^2.7.1
40 silly packumentCache full:https://registry.npmjs.org/react-remove-scroll cache-miss
41 silly fetch manifest react-textarea-autosize@8.5.9
42 silly packumentCache full:https://registry.npmjs.org/react-textarea-autosize cache-miss
43 silly fetch manifest type-fest@^4.41.0
44 silly packumentCache full:https://registry.npmjs.org/type-fest cache-miss
45 http fetch GET 200 https://registry.npmjs.org/clsx 47ms (cache miss)
46 silly packumentCache full:https://registry.npmjs.org/clsx set size:undefined disposed:false
47 http fetch GET 200 https://registry.npmjs.org/type-fest 111ms (cache miss)
48 silly packumentCache full:https://registry.npmjs.org/type-fest set size:undefined disposed:false
49 http fetch GET 200 https://registry.npmjs.org/react-remove-scroll 142ms (cache miss)
50 silly packumentCache full:https://registry.npmjs.org/react-remove-scroll set size:undefined disposed:false
51 http fetch GET 200 https://registry.npmjs.org/react-textarea-autosize 145ms (cache miss)
52 silly packumentCache full:https://registry.npmjs.org/react-textarea-autosize set size:undefined disposed:false
53 http fetch GET 200 https://registry.npmjs.org/react-number-format 149ms (cache miss)
54 silly packumentCache full:https://registry.npmjs.org/react-number-format set size:undefined disposed:false
55 http fetch GET 200 https://registry.npmjs.org/@floating-ui%2freact 184ms (cache miss)
56 silly packumentCache full:https://registry.npmjs.org/@floating-ui%2freact set size:undefined disposed:false
57 silly fetch manifest react@^18.x || ^19.x
58 silly packumentCache full:https://registry.npmjs.org/react cache-miss
59 http cache https://registry.npmjs.org/react 25ms (cache hit)
60 silly packumentCache full:https://registry.npmjs.org/react set size:6344067 disposed:false
61 silly fetch manifest react-dom@^18.x || ^19.x
62 silly packumentCache full:https://registry.npmjs.org/react-dom cache-miss
63 http cache https://registry.npmjs.org/react-dom 22ms (cache hit)
64 silly packumentCache full:https://registry.npmjs.org/react-dom set size:8342628 disposed:false
65 silly fetch manifest @types/react@*
66 silly packumentCache full:https://registry.npmjs.org/@types%2freact cache-miss
67 http fetch GET 200 https://registry.npmjs.org/@types%2freact 83ms (cache miss)
68 silly packumentCache full:https://registry.npmjs.org/@types%2freact set size:undefined disposed:false
69 silly placeDep ROOT @floating-ui/react@0.27.16 OK for: @mantine/core@8.3.10 want: ^0.27.16
70 silly placeDep ROOT clsx@2.1.1 OK for: @mantine/core@8.3.10 want: ^2.1.1
71 silly placeDep ROOT react-number-format@5.4.4 OK for: @mantine/core@8.3.10 want: ^5.4.4
72 silly placeDep ROOT react-remove-scroll@2.7.2 OK for: @mantine/core@8.3.10 want: ^2.7.1
73 silly placeDep ROOT react-textarea-autosize@8.5.9 OK for: @mantine/core@8.3.10 want: 8.5.9
74 silly placeDep ROOT type-fest@4.41.0 OK for: @mantine/core@8.3.10 want: ^4.41.0
75 silly fetch manifest tabbable@^6.0.0
76 silly packumentCache full:https://registry.npmjs.org/tabbable cache-miss
77 silly fetch manifest @floating-ui/react-dom@^2.1.6
78 silly packumentCache full:https://registry.npmjs.org/@floating-ui%2freact-dom cache-miss
79 silly fetch manifest @floating-ui/utils@^0.2.10
80 silly packumentCache full:https://registry.npmjs.org/@floating-ui%2futils cache-miss
81 silly fetch manifest react-remove-scroll-bar@^2.3.7
82 silly packumentCache full:https://registry.npmjs.org/react-remove-scroll-bar cache-miss
83 silly fetch manifest react-style-singleton@^2.2.3
84 silly packumentCache full:https://registry.npmjs.org/react-style-singleton cache-miss
85 silly fetch manifest tslib@^2.1.0
86 silly packumentCache full:https://registry.npmjs.org/tslib cache-miss
87 silly fetch manifest use-callback-ref@^1.3.3
88 silly packumentCache full:https://registry.npmjs.org/use-callback-ref cache-miss
89 silly fetch manifest use-sidecar@^1.1.3
90 silly packumentCache full:https://registry.npmjs.org/use-sidecar cache-miss
91 silly fetch manifest use-composed-ref@^1.3.0
92 silly packumentCache full:https://registry.npmjs.org/use-composed-ref cache-miss
93 http fetch GET 200 https://registry.npmjs.org/tabbable 124ms (cache miss)
94 silly packumentCache full:https://registry.npmjs.org/tabbable set size:undefined disposed:false
95 silly fetch manifest use-latest@^1.2.1
96 silly packumentCache full:https://registry.npmjs.org/use-latest cache-miss
97 http fetch GET 200 https://registry.npmjs.org/use-callback-ref 136ms (cache miss)
98 silly packumentCache full:https://registry.npmjs.org/use-callback-ref set size:undefined disposed:false
99 http fetch GET 200 https://registry.npmjs.org/react-remove-scroll-bar 140ms (cache miss)
100 silly packumentCache full:https://registry.npmjs.org/react-remove-scroll-bar set size:undefined disposed:false
101 http fetch GET 200 https://registry.npmjs.org/@floating-ui%2futils 145ms (cache miss)
102 silly packumentCache full:https://registry.npmjs.org/@floating-ui%2futils set size:undefined disposed:false
103 http fetch GET 200 https://registry.npmjs.org/react-style-singleton 148ms (cache miss)
104 silly packumentCache full:https://registry.npmjs.org/react-style-singleton set size:undefined disposed:false
105 http fetch GET 200 https://registry.npmjs.org/use-sidecar 154ms (cache miss)
106 silly packumentCache full:https://registry.npmjs.org/use-sidecar set size:undefined disposed:false
107 http fetch GET 200 https://registry.npmjs.org/tslib 157ms (cache miss)
108 silly packumentCache full:https://registry.npmjs.org/tslib set size:undefined disposed:false
109 http fetch GET 200 https://registry.npmjs.org/@floating-ui%2freact-dom 164ms (cache miss)
110 silly packumentCache full:https://registry.npmjs.org/@floating-ui%2freact-dom set size:undefined disposed:false
111 http fetch GET 200 https://registry.npmjs.org/use-composed-ref 168ms (cache miss)
112 silly packumentCache full:https://registry.npmjs.org/use-composed-ref set size:undefined disposed:false
113 http fetch GET 200 https://registry.npmjs.org/use-latest 72ms (cache miss)
114 silly packumentCache full:https://registry.npmjs.org/use-latest set size:undefined disposed:false
115 silly fetch manifest react@>=17.0.0
116 silly packumentCache full:https://registry.npmjs.org/react cache-miss
117 http cache https://registry.npmjs.org/react 16ms (cache hit)
118 silly packumentCache full:https://registry.npmjs.org/react set size:6344067 disposed:false
119 silly fetch manifest react-dom@>=17.0.0
120 silly packumentCache full:https://registry.npmjs.org/react-dom cache-miss
121 http cache https://registry.npmjs.org/react-dom 18ms (cache hit)
122 silly packumentCache full:https://registry.npmjs.org/react-dom set size:8342628 disposed:false
123 silly placeDep ROOT @floating-ui/react-dom@2.1.6 OK for: @floating-ui/react@0.27.16 want: ^2.1.6
124 silly placeDep ROOT @floating-ui/utils@0.2.10 OK for: @floating-ui/react@0.27.16 want: ^0.2.10
125 silly placeDep ROOT tabbable@6.3.0 OK for: @floating-ui/react@0.27.16 want: ^6.0.0
126 silly fetch manifest @floating-ui/dom@^1.7.4
127 silly packumentCache full:https://registry.npmjs.org/@floating-ui%2fdom cache-miss
128 http fetch GET 200 https://registry.npmjs.org/@floating-ui%2fdom 58ms (cache miss)
129 silly packumentCache full:https://registry.npmjs.org/@floating-ui%2fdom set size:undefined disposed:false
130 silly placeDep ROOT @floating-ui/dom@1.7.4 OK for: @floating-ui/react-dom@2.1.6 want: ^1.7.4
131 silly fetch manifest @floating-ui/core@^1.7.3
132 silly packumentCache full:https://registry.npmjs.org/@floating-ui%2fcore cache-miss
133 http fetch GET 200 https://registry.npmjs.org/@floating-ui%2fcore 83ms (cache miss)
134 silly packumentCache full:https://registry.npmjs.org/@floating-ui%2fcore set size:undefined disposed:false
135 silly placeDep ROOT @floating-ui/core@1.7.3 OK for: @floating-ui/dom@1.7.4 want: ^1.7.3
136 silly fetch manifest react@^16.8.0 || ^17.0.0 || ^18.0.0 || ^19.0.0 || ^19.0.0-rc
137 silly packumentCache full:https://registry.npmjs.org/react cache-miss
138 http cache https://registry.npmjs.org/react 12ms (cache hit)
139 silly packumentCache full:https://registry.npmjs.org/react set size:6344067 disposed:false
140 silly placeDep ROOT react-remove-scroll-bar@2.3.8 OK for: react-remove-scroll@2.7.2 want: ^2.3.7
141 silly placeDep ROOT react-style-singleton@2.2.3 OK for: react-remove-scroll@2.7.2 want: ^2.2.3
142 silly placeDep ROOT tslib@2.8.1 OK for: react-remove-scroll@2.7.2 want: ^2.1.0
143 silly placeDep ROOT use-callback-ref@1.3.3 OK for: react-remove-scroll@2.7.2 want: ^1.3.3
144 silly placeDep ROOT use-sidecar@1.1.3 OK for: react-remove-scroll@2.7.2 want: ^1.1.3
145 silly fetch manifest react-style-singleton@^2.2.2
146 silly packumentCache full:https://registry.npmjs.org/react-style-singleton cache-miss
147 silly fetch manifest tslib@^2.0.0
148 silly packumentCache full:https://registry.npmjs.org/tslib cache-miss
149 silly fetch manifest tslib@^2.0.0
150 silly packumentCache full:https://registry.npmjs.org/tslib cache-miss
151 silly fetch manifest get-nonce@^1.0.0
152 silly packumentCache full:https://registry.npmjs.org/get-nonce cache-miss
153 silly fetch manifest detect-node-es@^1.1.0
154 silly packumentCache full:https://registry.npmjs.org/detect-node-es cache-miss
155 http cache https://registry.npmjs.org/tslib 17ms (cache hit)
156 silly packumentCache full:https://registry.npmjs.org/tslib set size:108760 disposed:false
157 http cache https://registry.npmjs.org/react-style-singleton 19ms (cache hit)
158 silly packumentCache full:https://registry.npmjs.org/react-style-singleton set size:33682 disposed:false
159 http cache https://registry.npmjs.org/tslib 20ms (cache hit)
160 silly packumentCache full:https://registry.npmjs.org/tslib set size:108760 disposed:false
161 silly packumentCache full:https://registry.npmjs.org/tslib dispose
162 http fetch GET 200 https://registry.npmjs.org/get-nonce 76ms (cache miss)
163 silly packumentCache full:https://registry.npmjs.org/get-nonce set size:undefined disposed:false
164 http fetch GET 200 https://registry.npmjs.org/detect-node-es 163ms (cache miss)
165 silly packumentCache full:https://registry.npmjs.org/detect-node-es set size:undefined disposed:false
166 silly placeDep ROOT get-nonce@1.0.1 OK for: react-style-singleton@2.2.3 want: ^1.0.0
167 silly fetch manifest react@^16.8.0 || ^17.0.0 || ^18.0.0 || ^19.0.0
168 silly packumentCache full:https://registry.npmjs.org/react cache-miss
169 http cache https://registry.npmjs.org/react 15ms (cache hit)
170 silly packumentCache full:https://registry.npmjs.org/react set size:6344067 disposed:false
171 silly placeDep ROOT use-composed-ref@1.4.0 OK for: react-textarea-autosize@8.5.9 want: ^1.3.0
172 silly placeDep ROOT use-latest@1.3.0 OK for: react-textarea-autosize@8.5.9 want: ^1.2.1
173 silly fetch manifest use-isomorphic-layout-effect@^1.1.1
174 silly packumentCache full:https://registry.npmjs.org/use-isomorphic-layout-effect cache-miss
175 http fetch GET 200 https://registry.npmjs.org/use-isomorphic-layout-effect 70ms (cache miss)
176 silly packumentCache full:https://registry.npmjs.org/use-isomorphic-layout-effect set size:undefined disposed:false
177 silly placeDep ROOT use-isomorphic-layout-effect@1.2.1 OK for: use-latest@1.3.0 want: ^1.1.1
178 silly placeDep ROOT detect-node-es@1.1.0 OK for: use-sidecar@1.1.3 want: ^1.1.0
179 silly reify moves {}
180 silly audit bulk request {
180 silly audit   '@ant-design/colors': [ '7.2.1' ],
180 silly audit   '@ant-design/cssinjs': [ '1.24.0' ],
180 silly audit   '@ant-design/cssinjs-utils': [ '1.1.3' ],
180 silly audit   '@emotion/hash': [ '0.8.0', '0.9.2' ],
180 silly audit   '@emotion/unitless': [ '0.7.5', '0.10.0' ],
180 silly audit   stylis: [ '4.3.6', '4.2.0' ],
180 silly audit   '@ant-design/fast-color': [ '2.0.6' ],
180 silly audit   '@ant-design/icons': [ '5.6.1' ],
180 silly audit   '@ant-design/icons-svg': [ '4.4.2' ],
180 silly audit   '@ant-design/react-slick': [ '1.1.2' ],
180 silly audit   '@babel/code-frame': [ '7.27.1' ],
180 silly audit   '@babel/generator': [ '7.28.5' ],
180 silly audit   '@babel/helper-globals': [ '7.28.0' ],
180 silly audit   '@babel/helper-module-imports': [ '7.27.1' ],
180 silly audit   '@babel/helper-string-parser': [ '7.27.1' ],
180 silly audit   '@babel/helper-validator-identifier': [ '7.28.5' ],
180 silly audit   '@babel/parser': [ '7.28.5' ],
180 silly audit   '@babel/runtime': [ '7.28.4' ],
180 silly audit   '@babel/template': [ '7.27.2' ],
180 silly audit   '@babel/traverse': [ '7.28.5' ],
180 silly audit   '@babel/types': [ '7.28.5' ],
180 silly audit   '@emotion/babel-plugin': [ '11.13.5' ],
180 silly audit   '@emotion/cache': [ '11.14.0' ],
180 silly audit   '@emotion/is-prop-valid': [ '1.4.0' ],
180 silly audit   '@emotion/memoize': [ '0.9.0' ],
180 silly audit   '@emotion/react': [ '11.14.0' ],
180 silly audit   '@emotion/serialize': [ '1.3.3' ],
180 silly audit   '@emotion/sheet': [ '1.4.0' ],
180 silly audit   '@emotion/styled': [ '11.14.1' ],
180 silly audit   '@emotion/use-insertion-effect-with-fallbacks': [ '1.2.0' ],
180 silly audit   '@emotion/utils': [ '1.4.2' ],
180 silly audit   '@emotion/weak-memoize': [ '0.4.0' ],
180 silly audit   '@inertiajs/core': [ '1.3.0' ],
180 silly audit   '@inertiajs/inertia': [ '0.11.1' ],
180 silly audit   axios: [ '0.21.4', '1.13.2' ],
180 silly audit   '@inertiajs/progress': [ '0.2.7' ],
180 silly audit   '@inertiajs/react': [ '1.3.0' ],
180 silly audit   '@jridgewell/gen-mapping': [ '0.3.13' ],
180 silly audit   '@jridgewell/resolve-uri': [ '3.1.2' ],
180 silly audit   '@jridgewell/sourcemap-codec': [ '1.5.5' ],
180 silly audit   '@jridgewell/trace-mapping': [ '0.3.31' ],
180 silly audit   '@mapbox/jsonlint-lines-primitives': [ '2.0.2' ],
180 silly audit   '@mapbox/mapbox-gl-supported': [ '3.0.0' ],
180 silly audit   '@mapbox/point-geometry': [ '1.1.0' ],
180 silly audit   '@mapbox/tiny-sdf': [ '2.0.7' ],
180 silly audit   '@mapbox/unitbezier': [ '0.0.1' ],
180 silly audit   '@mapbox/vector-tile': [ '2.0.4' ],
180 silly audit   '@mapbox/whoots-js': [ '3.1.0' ],
180 silly audit   '@rc-component/async-validator': [ '5.0.4' ],
180 silly audit   '@rc-component/color-picker': [ '2.0.1' ],
180 silly audit   '@rc-component/context': [ '1.4.0' ],
180 silly audit   '@rc-component/mini-decimal': [ '1.1.0' ],
180 silly audit   '@rc-component/mutate-observer': [ '1.1.0' ],
180 silly audit   '@rc-component/portal': [ '1.1.2' ],
180 silly audit   '@rc-component/qrcode': [ '1.1.1' ],
180 silly audit   '@rc-component/tour': [ '1.15.1' ],
180 silly audit   '@rc-component/trigger': [ '2.3.0' ],
180 silly audit   '@tabler/icons': [ '3.35.0' ],
180 silly audit   '@tabler/icons-react': [ '3.35.0' ],
180 silly audit   '@tanstack/query-core': [ '5.90.12' ],
180 silly audit   '@tanstack/react-query': [ '5.90.12' ],
180 silly audit   '@types/geojson': [ '7946.0.16' ],
180 silly audit   '@types/geojson-vt': [ '3.2.5' ],
180 silly audit   '@types/mapbox__point-geometry': [ '0.1.4' ],
180 silly audit   '@types/mapbox-gl': [ '3.4.1' ],
180 silly audit   '@types/parse-json': [ '4.0.2' ],
180 silly audit   '@types/pbf': [ '3.0.5' ],
180 silly audit   '@types/prop-types': [ '15.7.15' ],
180 silly audit   '@types/react': [ '18.3.27' ],
180 silly audit   '@types/react-dom': [ '18.3.7' ],
180 silly audit   '@types/supercluster': [ '7.1.3' ],
180 silly audit   antd: [ '5.29.1' ],
180 silly audit   asynckit: [ '0.4.0' ],
180 silly audit   'babel-plugin-macros': [ '3.1.0' ],
180 silly audit   'call-bind-apply-helpers': [ '1.0.2' ],
180 silly audit   'call-bound': [ '1.0.4' ],
180 silly audit   callsites: [ '3.1.0' ],
180 silly audit   'cheap-ruler': [ '4.0.0' ],
180 silly audit   classnames: [ '2.5.1' ],
180 silly audit   'combined-stream': [ '1.0.8' ],
180 silly audit   'compute-scroll-into-view': [ '3.1.1' ],
180 silly audit   'convert-source-map': [ '1.9.0' ],
180 silly audit   'copy-to-clipboard': [ '3.3.3' ],
180 silly audit   cosmiconfig: [ '7.1.0' ],
180 silly audit   yaml: [ '1.10.2' ],
180 silly audit   csscolorparser: [ '1.0.3' ],
180 silly audit   csstype: [ '3.2.3' ],
180 silly audit   'date-fns': [ '3.6.0' ],
180 silly audit   dayjs: [ '1.11.19' ],
180 silly audit   debug: [ '4.4.3' ],
180 silly audit   deepmerge: [ '4.3.1' ],
180 silly audit   'delayed-stream': [ '1.0.0' ],
180 silly audit   'dunder-proto': [ '1.0.1' ],
180 silly audit   earcut: [ '3.0.2' ],
180 silly audit   'error-ex': [ '1.3.4' ],
180 silly audit   'es-define-property': [ '1.0.1' ],
180 silly audit   'es-errors': [ '1.3.0' ],
180 silly audit   'es-object-atoms': [ '1.1.1' ],
180 silly audit   'es-set-tostringtag': [ '2.1.0' ],
180 silly audit   'escape-string-regexp': [ '4.0.0' ],
180 silly audit   'find-root': [ '1.1.0' ],
180 silly audit   'follow-redirects': [ '1.15.11' ],
180 silly audit   'form-data': [ '4.0.5' ],
180 silly audit   'function-bind': [ '1.1.2' ],
180 silly audit   'geojson-vt': [ '4.0.2' ],
180 silly audit   'get-intrinsic': [ '1.3.0' ],
180 silly audit   'get-proto': [ '1.0.1' ],
180 silly audit   'gl-matrix': [ '3.4.4' ],
180 silly audit   gopd: [ '1.2.0' ],
180 silly audit   'grid-index': [ '1.1.0' ],
180 silly audit   gsap: [ '3.12.5' ],
180 silly audit   'has-symbols': [ '1.1.0' ],
180 silly audit   'has-tostringtag': [ '1.0.2' ],
180 silly audit   hasown: [ '2.0.2' ],
180 silly audit   'hoist-non-react-statics': [ '3.3.2' ],
180 silly audit   'html-parse-stringify': [ '3.0.1' ],
180 silly audit   i18next: [ '23.16.8' ],
180 silly audit   'import-fresh': [ '3.3.1' ],
180 silly audit   'is-arrayish': [ '0.2.1' ],
180 silly audit   'is-core-module': [ '2.16.1' ],
180 silly audit   'js-tokens': [ '4.0.0' ],
180 silly audit   jsesc: [ '3.1.0' ],
180 silly audit   'json-parse-even-better-errors': [ '2.3.1' ],
180 silly audit   json2mq: [ '0.2.0' ],
180 silly audit   kdbush: [ '4.0.2' ],
180 silly audit   'lines-and-columns': [ '1.2.4' ],
180 silly audit   'lodash.isequal': [ '4.5.0' ],
180 silly audit   'loose-envify': [ '1.4.0' ],
180 silly audit   'mapbox-gl': [ '3.17.0' ],
180 silly audit   'martinez-polygon-clipping': [ '0.7.4' ],
180 silly audit   tinyqueue: [ '1.2.3', '3.0.0' ],
180 silly audit   'math-intrinsics': [ '1.1.0' ],
180 silly audit   'mime-db': [ '1.52.0' ],
180 silly audit   'mime-types': [ '2.1.35' ],
180 silly audit   ms: [ '2.1.3' ],
180 silly audit   'murmurhash-js': [ '1.0.0' ],
180 silly audit   nprogress: [ '0.2.0' ],
180 silly audit   'object-inspect': [ '1.13.4' ],
180 silly audit   'parent-module': [ '1.0.1' ],
180 silly audit   'parse-json': [ '5.2.0' ],
180 silly audit   'path-parse': [ '1.0.7' ],
180 silly audit   'path-type': [ '4.0.0' ],
180 silly audit   pbf: [ '4.0.1' ],
180 silly audit   picocolors: [ '1.1.1' ],
180 silly audit   potpack: [ '2.1.0' ],
180 silly audit   'protocol-buffers-schema': [ '3.6.0' ],
180 silly audit   'proxy-from-env': [ '1.1.0' ],
180 silly audit   qs: [ '6.14.0' ],
180 silly audit   quickselect: [ '3.0.0' ],
180 silly audit   'rc-cascader': [ '3.34.0' ],
180 silly audit   'rc-checkbox': [ '3.5.0' ],
180 silly audit   'rc-collapse': [ '3.9.0' ],
180 silly audit   'rc-dialog': [ '9.6.0' ],
180 silly audit   'rc-drawer': [ '7.3.0' ],
180 silly audit   'rc-dropdown': [ '4.2.1' ],
180 silly audit   'rc-field-form': [ '2.7.1' ],
180 silly audit   'rc-image': [ '7.12.0' ],
180 silly audit   'rc-input': [ '1.8.0' ],
180 silly audit   'rc-input-number': [ '9.5.0' ],
180 silly audit   'rc-mentions': [ '2.20.0' ],
180 silly audit   'rc-menu': [ '9.16.1' ],
180 silly audit   'rc-motion': [ '2.9.5' ],
180 silly audit   'rc-notification': [ '5.6.4' ],
180 silly audit   'rc-overflow': [ '1.5.0' ],
180 silly audit   'rc-pagination': [ '5.1.0' ],
180 silly audit   'rc-picker': [ '4.11.3' ],
180 silly audit   'rc-progress': [ '4.0.0' ],
180 silly audit   'rc-rate': [ '2.13.1' ],
180 silly audit   'rc-resize-observer': [ '1.4.3' ],
180 silly audit   'rc-segmented': [ '2.7.0' ],
180 silly audit   'rc-select': [ '14.16.8' ],
180 silly audit   'rc-slider': [ '11.1.9' ],
180 silly audit   'rc-steps': [ '6.0.1' ],
180 silly audit   'rc-switch': [ '4.1.0' ],
180 silly audit   'rc-table': [ '7.54.0' ],
180 silly audit   'rc-tabs': [ '15.7.0' ],
180 silly audit   'rc-textarea': [ '1.10.2' ],
180 silly audit   'rc-tooltip': [ '6.4.0' ],
180 silly audit   'rc-tree': [ '5.13.1' ],
180 silly audit   'rc-tree-select': [ '5.27.0' ],
180 silly audit   'rc-upload': [ '4.11.0' ],
180 silly audit   'rc-util': [ '5.44.4' ],
180 silly audit   'react-is': [ '18.3.1', '16.13.1' ],
180 silly audit   'rc-virtual-list': [ '3.19.2' ],
180 silly audit   react: [ '18.3.1' ],
180 silly audit   'react-dom': [ '18.3.1' ],
180 silly audit   'react-hook-form': [ '7.68.0' ],
180 silly audit   'react-i18next': [ '15.7.4' ],
180 silly audit   'resize-observer-polyfill': [ '1.5.1' ],
180 silly audit   resolve: [ '1.22.11' ],
180 silly audit   'resolve-from': [ '4.0.0' ],
180 silly audit   'resolve-protobuf-schema': [ '2.1.0' ],
180 silly audit   'robust-predicates': [ '2.0.4' ],
180 silly audit   scheduler: [ '0.23.2' ],
180 silly audit   'scroll-into-view-if-needed': [ '3.1.0' ],
180 silly audit   'side-channel': [ '1.1.0' ],
180 silly audit   'side-channel-list': [ '1.0.0' ],
180 silly audit   'side-channel-map': [ '1.0.1' ],
180 silly audit   'side-channel-weakmap': [ '1.0.2' ],
180 silly audit   'source-map': [ '0.5.7' ],
180 silly audit   splaytree: [ '0.1.4' ],
180 silly audit   'string-convert': [ '0.2.1' ],
180 silly audit   supercluster: [ '8.0.1' ],
180 silly audit   'supports-preserve-symlinks-flag': [ '1.0.0' ],
180 silly audit   three: [ '0.166.1' ],
180 silly audit   'throttle-debounce': [ '5.0.2' ],
180 silly audit   'toggle-selection': [ '1.0.6' ],
180 silly audit   typescript: [ '5.9.3' ],
180 silly audit   'use-sync-external-store': [ '1.6.0' ],
180 silly audit   'void-elements': [ '3.1.0' ],
180 silly audit   zustand: [ '4.5.7' ],
180 silly audit   '@mantine/core': [ '8.3.10' ],
180 silly audit   '@mantine/hooks': [ '8.3.10' ],
180 silly audit   '@floating-ui/react': [ '0.27.16' ],
180 silly audit   clsx: [ '2.1.1' ],
180 silly audit   'react-number-format': [ '5.4.4' ],
180 silly audit   'react-remove-scroll': [ '2.7.2' ],
180 silly audit   'react-textarea-autosize': [ '8.5.9' ],
180 silly audit   'type-fest': [ '4.41.0' ],
180 silly audit   '@floating-ui/react-dom': [ '2.1.6' ],
180 silly audit   '@floating-ui/utils': [ '0.2.10' ],
180 silly audit   tabbable: [ '6.3.0' ],
180 silly audit   '@floating-ui/dom': [ '1.7.4' ],
180 silly audit   '@floating-ui/core': [ '1.7.3' ],
180 silly audit   'react-remove-scroll-bar': [ '2.3.8' ],
180 silly audit   'react-style-singleton': [ '2.2.3' ],
180 silly audit   tslib: [ '2.8.1' ],
180 silly audit   'use-callback-ref': [ '1.3.3' ],
180 silly audit   'use-sidecar': [ '1.1.3' ],
180 silly audit   'get-nonce': [ '1.0.1' ],
180 silly audit   'use-composed-ref': [ '1.4.0' ],
180 silly audit   'use-latest': [ '1.3.0' ],
180 silly audit   'use-isomorphic-layout-effect': [ '1.2.1' ],
180 silly audit   'detect-node-es': [ '1.1.0' ]
180 silly audit }
181 http cache use-latest@https://registry.npmjs.org/use-latest/-/use-latest-1.3.0.tgz 0ms (cache hit)
182 http cache use-composed-ref@https://registry.npmjs.org/use-composed-ref/-/use-composed-ref-1.4.0.tgz 1ms (cache hit)
183 http cache get-nonce@https://registry.npmjs.org/get-nonce/-/get-nonce-1.0.1.tgz 0ms (cache hit)
184 http cache use-isomorphic-layout-effect@https://registry.npmjs.org/use-isomorphic-layout-effect/-/use-isomorphic-layout-effect-1.2.1.tgz 0ms (cache hit)
185 http cache tslib@https://registry.npmjs.org/tslib/-/tslib-2.8.1.tgz 0ms (cache hit)
186 http cache use-callback-ref@https://registry.npmjs.org/use-callback-ref/-/use-callback-ref-1.3.3.tgz 0ms (cache hit)
187 http cache use-sidecar@https://registry.npmjs.org/use-sidecar/-/use-sidecar-1.1.3.tgz 0ms (cache hit)
188 http cache react-style-singleton@https://registry.npmjs.org/react-style-singleton/-/react-style-singleton-2.2.3.tgz 0ms (cache hit)
189 http cache @floating-ui/core@https://registry.npmjs.org/@floating-ui/core/-/core-1.7.3.tgz 0ms (cache hit)
190 http cache react-remove-scroll-bar@https://registry.npmjs.org/react-remove-scroll-bar/-/react-remove-scroll-bar-2.3.8.tgz 1ms (cache hit)
191 http cache @floating-ui/dom@https://registry.npmjs.org/@floating-ui/dom/-/dom-1.7.4.tgz 0ms (cache hit)
192 http cache @floating-ui/utils@https://registry.npmjs.org/@floating-ui/utils/-/utils-0.2.10.tgz 0ms (cache hit)
193 http cache tabbable@https://registry.npmjs.org/tabbable/-/tabbable-6.3.0.tgz 0ms (cache hit)
194 http cache @floating-ui/react-dom@https://registry.npmjs.org/@floating-ui/react-dom/-/react-dom-2.1.6.tgz 0ms (cache hit)
195 http cache type-fest@https://registry.npmjs.org/type-fest/-/type-fest-4.41.0.tgz 0ms (cache hit)
196 http cache react-textarea-autosize@https://registry.npmjs.org/react-textarea-autosize/-/react-textarea-autosize-8.5.9.tgz 0ms (cache hit)
197 http cache react-number-format@https://registry.npmjs.org/react-number-format/-/react-number-format-5.4.4.tgz 0ms (cache hit)
198 http cache detect-node-es@https://registry.npmjs.org/detect-node-es/-/detect-node-es-1.1.0.tgz 0ms (cache hit)
199 http cache @floating-ui/react@https://registry.npmjs.org/@floating-ui/react/-/react-0.27.16.tgz 0ms (cache hit)
200 http cache react-remove-scroll@https://registry.npmjs.org/react-remove-scroll/-/react-remove-scroll-2.7.2.tgz 0ms (cache hit)
201 http cache @mantine/hooks@https://registry.npmjs.org/@mantine/hooks/-/hooks-8.3.10.tgz 0ms (cache hit)
202 http cache clsx@https://registry.npmjs.org/clsx/-/clsx-2.1.1.tgz 0ms (cache hit)
203 silly tarball no local data for use-latest@https://registry.npmjs.org/use-latest/-/use-latest-1.3.0.tgz. Extracting by manifest.
204 silly tarball no local data for use-composed-ref@https://registry.npmjs.org/use-composed-ref/-/use-composed-ref-1.4.0.tgz. Extracting by manifest.
205 silly tarball no local data for get-nonce@https://registry.npmjs.org/get-nonce/-/get-nonce-1.0.1.tgz. Extracting by manifest.
206 silly tarball no local data for use-isomorphic-layout-effect@https://registry.npmjs.org/use-isomorphic-layout-effect/-/use-isomorphic-layout-effect-1.2.1.tgz. Extracting by manifest.
207 http cache @mantine/core@https://registry.npmjs.org/@mantine/core/-/core-8.3.10.tgz 0ms (cache hit)
208 silly tarball no local data for tslib@https://registry.npmjs.org/tslib/-/tslib-2.8.1.tgz. Extracting by manifest.
209 silly tarball no local data for use-callback-ref@https://registry.npmjs.org/use-callback-ref/-/use-callback-ref-1.3.3.tgz. Extracting by manifest.
210 silly tarball no local data for use-sidecar@https://registry.npmjs.org/use-sidecar/-/use-sidecar-1.1.3.tgz. Extracting by manifest.
211 silly tarball no local data for react-style-singleton@https://registry.npmjs.org/react-style-singleton/-/react-style-singleton-2.2.3.tgz. Extracting by manifest.
212 silly tarball no local data for @floating-ui/core@https://registry.npmjs.org/@floating-ui/core/-/core-1.7.3.tgz. Extracting by manifest.
213 silly tarball no local data for react-remove-scroll-bar@https://registry.npmjs.org/react-remove-scroll-bar/-/react-remove-scroll-bar-2.3.8.tgz. Extracting by manifest.
214 silly tarball no local data for @floating-ui/dom@https://registry.npmjs.org/@floating-ui/dom/-/dom-1.7.4.tgz. Extracting by manifest.
215 silly tarball no local data for @floating-ui/utils@https://registry.npmjs.org/@floating-ui/utils/-/utils-0.2.10.tgz. Extracting by manifest.
216 silly tarball no local data for tabbable@https://registry.npmjs.org/tabbable/-/tabbable-6.3.0.tgz. Extracting by manifest.
217 silly tarball no local data for @floating-ui/react-dom@https://registry.npmjs.org/@floating-ui/react-dom/-/react-dom-2.1.6.tgz. Extracting by manifest.
218 silly tarball no local data for type-fest@https://registry.npmjs.org/type-fest/-/type-fest-4.41.0.tgz. Extracting by manifest.
219 silly tarball no local data for react-textarea-autosize@https://registry.npmjs.org/react-textarea-autosize/-/react-textarea-autosize-8.5.9.tgz. Extracting by manifest.
220 silly tarball no local data for react-number-format@https://registry.npmjs.org/react-number-format/-/react-number-format-5.4.4.tgz. Extracting by manifest.
221 silly tarball no local data for detect-node-es@https://registry.npmjs.org/detect-node-es/-/detect-node-es-1.1.0.tgz. Extracting by manifest.
222 silly tarball no local data for react-remove-scroll@https://registry.npmjs.org/react-remove-scroll/-/react-remove-scroll-2.7.2.tgz. Extracting by manifest.
223 silly tarball no local data for @floating-ui/react@https://registry.npmjs.org/@floating-ui/react/-/react-0.27.16.tgz. Extracting by manifest.
224 silly tarball no local data for @mantine/hooks@https://registry.npmjs.org/@mantine/hooks/-/hooks-8.3.10.tgz. Extracting by manifest.
225 silly tarball no local data for clsx@https://registry.npmjs.org/clsx/-/clsx-2.1.1.tgz. Extracting by manifest.
226 silly tarball no local data for @mantine/core@https://registry.npmjs.org/@mantine/core/-/core-8.3.10.tgz. Extracting by manifest.
227 http fetch GET 200 https://registry.npmjs.org/get-nonce/-/get-nonce-1.0.1.tgz 199ms (cache miss)
228 http fetch GET 200 https://registry.npmjs.org/use-isomorphic-layout-effect/-/use-isomorphic-layout-effect-1.2.1.tgz 201ms (cache miss)
229 http fetch GET 200 https://registry.npmjs.org/use-latest/-/use-latest-1.3.0.tgz 205ms (cache miss)
230 http fetch GET 200 https://registry.npmjs.org/use-callback-ref/-/use-callback-ref-1.3.3.tgz 210ms (cache miss)
231 http fetch GET 200 https://registry.npmjs.org/use-composed-ref/-/use-composed-ref-1.4.0.tgz 213ms (cache miss)
232 http fetch GET 200 https://registry.npmjs.org/detect-node-es/-/detect-node-es-1.1.0.tgz 207ms (cache miss)
233 http fetch GET 200 https://registry.npmjs.org/clsx/-/clsx-2.1.1.tgz 211ms (cache miss)
234 http fetch POST 200 https://registry.npmjs.org/-/npm/v1/security/advisories/bulk 257ms
235 silly audit report {
235 silly audit report   axios: [
235 silly audit report     {
235 silly audit report       id: 1111034,
235 silly audit report       url: 'https://github.com/advisories/GHSA-jr5f-v2jv-69x6',
235 silly audit report       title: 'axios Requests Vulnerable To Possible SSRF and Credential Leakage via Absolute URL',
235 silly audit report       severity: 'high',
235 silly audit report       vulnerable_versions: '<0.30.0',
235 silly audit report       cwe: [Array],
235 silly audit report       cvss: [Object]
235 silly audit report     },
235 silly audit report     {
235 silly audit report       id: 1108262,
235 silly audit report       url: 'https://github.com/advisories/GHSA-4hjh-wcwx-xvwj',
235 silly audit report       title: 'Axios is vulnerable to DoS attack through lack of data size check',
235 silly audit report       severity: 'high',
235 silly audit report       vulnerable_versions: '<0.30.2',
235 silly audit report       cwe: [Array],
235 silly audit report       cvss: [Object]
235 silly audit report     },
235 silly audit report     {
235 silly audit report       id: 1097679,
235 silly audit report       url: 'https://github.com/advisories/GHSA-wf5p-g6vw-rhxx',
235 silly audit report       title: 'Axios Cross-Site Request Forgery Vulnerability',
235 silly audit report       severity: 'moderate',
235 silly audit report       vulnerable_versions: '>=0.8.1 <0.28.0',
235 silly audit report       cwe: [Array],
235 silly audit report       cvss: [Object]
235 silly audit report     }
235 silly audit report   ]
235 silly audit report }
236 silly packumentCache corgi:https://registry.npmjs.org/axios cache-miss
237 http fetch GET 200 https://registry.npmjs.org/tslib/-/tslib-2.8.1.tgz 246ms (cache miss)
238 http fetch GET 200 https://registry.npmjs.org/@floating-ui/react-dom/-/react-dom-2.1.6.tgz 278ms (cache miss)
239 http fetch GET 200 https://registry.npmjs.org/react-style-singleton/-/react-style-singleton-2.2.3.tgz 285ms (cache miss)
240 http fetch GET 200 https://registry.npmjs.org/react-remove-scroll-bar/-/react-remove-scroll-bar-2.3.8.tgz 286ms (cache miss)
241 http fetch GET 200 https://registry.npmjs.org/@floating-ui/utils/-/utils-0.2.10.tgz 286ms (cache miss)
242 http fetch GET 200 https://registry.npmjs.org/react-textarea-autosize/-/react-textarea-autosize-8.5.9.tgz 285ms (cache miss)
243 http fetch GET 200 https://registry.npmjs.org/react-number-format/-/react-number-format-5.4.4.tgz 290ms (cache miss)
244 http fetch GET 200 https://registry.npmjs.org/@floating-ui/dom/-/dom-1.7.4.tgz 307ms (cache miss)
245 http fetch GET 200 https://registry.npmjs.org/@floating-ui/core/-/core-1.7.3.tgz 317ms (cache miss)
246 http fetch GET 200 https://registry.npmjs.org/axios 82ms (cache revalidated)
247 silly packumentCache corgi:https://registry.npmjs.org/axios set size:262593 disposed:false
248 silly packumentCache corgi:https://registry.npmjs.org/@inertiajs%2finertia cache-miss
249 http fetch GET 200 https://registry.npmjs.org/use-sidecar/-/use-sidecar-1.1.3.tgz 328ms (cache miss)
250 http fetch GET 200 https://registry.npmjs.org/react-remove-scroll/-/react-remove-scroll-2.7.2.tgz 359ms (cache miss)
251 http fetch GET 200 https://registry.npmjs.org/tabbable/-/tabbable-6.3.0.tgz 371ms (cache miss)
252 http fetch GET 200 https://registry.npmjs.org/@floating-ui/react/-/react-0.27.16.tgz 380ms (cache miss)
253 http fetch GET 200 https://registry.npmjs.org/type-fest/-/type-fest-4.41.0.tgz 472ms (cache miss)
254 http fetch GET 200 https://registry.npmjs.org/@inertiajs%2finertia 203ms (cache revalidated)
255 silly packumentCache corgi:https://registry.npmjs.org/@inertiajs%2finertia set size:85147 disposed:false
256 silly packumentCache corgi:https://registry.npmjs.org/@inertiajs%2fprogress cache-miss
257 http fetch GET 200 https://registry.npmjs.org/@inertiajs%2fprogress 330ms (cache revalidated)
258 silly packumentCache corgi:https://registry.npmjs.org/@inertiajs%2fprogress set size:18801 disposed:false
259 http fetch GET 200 https://registry.npmjs.org/@mantine/hooks/-/hooks-8.3.10.tgz 1169ms (cache miss)
260 http fetch GET 200 https://registry.npmjs.org/@mantine/core/-/core-8.3.10.tgz 3145ms (cache miss)
261 silly ADD node_modules/detect-node-es
262 silly ADD node_modules/use-isomorphic-layout-effect
263 silly ADD node_modules/use-latest
264 silly ADD node_modules/use-composed-ref
265 silly ADD node_modules/get-nonce
266 silly ADD node_modules/use-sidecar
267 silly ADD node_modules/use-callback-ref
268 silly ADD node_modules/tslib
269 silly ADD node_modules/react-style-singleton
270 silly ADD node_modules/react-remove-scroll-bar
271 silly ADD node_modules/@floating-ui/core
272 silly ADD node_modules/@floating-ui/dom
273 silly ADD node_modules/tabbable
274 silly ADD node_modules/@floating-ui/utils
275 silly ADD node_modules/@floating-ui/react-dom
276 silly ADD node_modules/type-fest
277 silly ADD node_modules/react-textarea-autosize
278 silly ADD node_modules/react-remove-scroll
279 silly ADD node_modules/react-number-format
280 silly ADD node_modules/clsx
281 silly ADD node_modules/@floating-ui/react
282 silly ADD node_modules/@mantine/hooks
283 silly ADD node_modules/@mantine/core
284 verbose cwd /Users/beniam/Documents/CODE/LOMI/MEDIC/medic/assets
285 verbose os Darwin 24.6.0
286 verbose node v24.10.0
287 verbose npm  v11.6.0
288 verbose exit 0
289 info ok
