0 verbose cli /opt/homebrew/Cellar/node/24.10.0/bin/node /opt/homebrew/bin/npm
1 info using npm@11.6.0
2 info using node@v24.10.0
3 silly config load:file:/opt/homebrew/lib/node_modules/npm/npmrc
4 silly config load:file:/Users/beniam/Documents/CODE/LOMI/MEDIC/medic/assets/.npmrc
5 silly config load:file:/Users/beniam/.npmrc
6 silly config load:file:/opt/homebrew/etc/npmrc
7 verbose title npm install
8 verbose argv "install" "--cache" "../.npm-cache"
9 verbose logfile logs-max:10 dir:/Users/beniam/Documents/CODE/LOMI/MEDIC/medic/.npm-cache/_logs/2025-12-12T14_01_19_782Z-
10 verbose logfile /Users/beniam/Documents/CODE/LOMI/MEDIC/medic/.npm-cache/_logs/2025-12-12T14_01_19_782Z-debug-0.log
11 silly logfile done cleaning log files
12 silly packumentCache heap:4496293888 maxSize:1124073472 maxEntrySize:562036736
13 silly idealTree buildDeps
14 silly fetch manifest antd@^5.14.0
15 silly packumentCache full:https://registry.npmjs.org/antd cache-miss
16 verbose shrinkwrap failed to load node_modules/.package-lock.json out of date, updated: node_modules
17 http fetch GET 200 https://registry.npmjs.org/antd 185ms (cache miss)
18 silly packumentCache full:https://registry.npmjs.org/antd set size:undefined disposed:false
19 silly fetch manifest react@^18.3.1
20 silly packumentCache full:https://registry.npmjs.org/react cache-miss
21 http fetch GET 200 https://registry.npmjs.org/react 145ms (cache miss)
22 silly packumentCache full:https://registry.npmjs.org/react set size:undefined disposed:false
23 silly fetch manifest react-dom@^18.3.1
24 silly packumentCache full:https://registry.npmjs.org/react-dom cache-miss
25 http fetch GET 200 https://registry.npmjs.org/react-dom 135ms (cache miss)
26 silly packumentCache full:https://registry.npmjs.org/react-dom set size:undefined disposed:false
27 silly fetch manifest @ant-design/icons@^5.3.0
28 silly packumentCache full:https://registry.npmjs.org/@ant-design%2ficons cache-miss
29 http fetch GET 200 https://registry.npmjs.org/@ant-design%2ficons 91ms (cache miss)
30 silly packumentCache full:https://registry.npmjs.org/@ant-design%2ficons set size:undefined disposed:false
31 silly placeDep ROOT @ant-design/icons@5.6.1 OK for: medic_assets@1.0.0 want: ^5.3.0
32 silly placeDep ROOT antd@5.29.1 OK for: medic_assets@1.0.0 want: ^5.14.0
33 silly fetch manifest rc-util@^5.31.1
34 silly packumentCache full:https://registry.npmjs.org/rc-util cache-miss
35 silly fetch manifest classnames@^2.2.6
36 silly packumentCache full:https://registry.npmjs.org/classnames cache-miss
37 silly fetch manifest @ant-design/colors@^7.0.0
38 silly packumentCache full:https://registry.npmjs.org/@ant-design%2fcolors cache-miss
39 silly fetch manifest @ant-design/icons-svg@^4.4.0
40 silly packumentCache full:https://registry.npmjs.org/@ant-design%2ficons-svg cache-miss
41 silly fetch manifest rc-menu@~9.16.1
42 silly packumentCache full:https://registry.npmjs.org/rc-menu cache-miss
43 silly fetch manifest rc-rate@~2.13.1
44 silly packumentCache full:https://registry.npmjs.org/rc-rate cache-miss
45 silly fetch manifest rc-tabs@~15.7.0
46 silly packumentCache full:https://registry.npmjs.org/rc-tabs cache-miss
47 silly fetch manifest rc-tree@~5.13.1
48 silly packumentCache full:https://registry.npmjs.org/rc-tree cache-miss
49 silly fetch manifest rc-util@^5.44.4
50 silly packumentCache full:https://registry.npmjs.org/rc-util cache-miss
51 http fetch GET 200 https://registry.npmjs.org/classnames 73ms (cache miss)
52 silly packumentCache full:https://registry.npmjs.org/classnames set size:undefined disposed:false
53 silly fetch manifest rc-image@~7.12.0
54 silly packumentCache full:https://registry.npmjs.org/rc-image cache-miss
55 http fetch GET 200 https://registry.npmjs.org/rc-util 81ms (cache miss)
56 silly packumentCache full:https://registry.npmjs.org/rc-util set size:undefined disposed:false
57 silly fetch manifest rc-input@~1.8.0
58 silly packumentCache full:https://registry.npmjs.org/rc-input cache-miss
59 http fetch GET 200 https://registry.npmjs.org/rc-rate 83ms (cache miss)
60 silly packumentCache full:https://registry.npmjs.org/rc-rate set size:undefined disposed:false
61 silly fetch manifest rc-steps@~6.0.1
62 silly packumentCache full:https://registry.npmjs.org/rc-steps cache-miss
63 http fetch GET 200 https://registry.npmjs.org/rc-util 122ms (cache miss)
64 silly packumentCache full:https://registry.npmjs.org/rc-util set size:undefined disposed:false
65 silly fetch manifest rc-table@~7.54.0
66 silly packumentCache full:https://registry.npmjs.org/rc-table cache-miss
67 http fetch GET 200 https://registry.npmjs.org/@ant-design%2fcolors 125ms (cache miss)
68 silly packumentCache full:https://registry.npmjs.org/@ant-design%2fcolors set size:undefined disposed:false
69 silly fetch manifest rc-dialog@~9.6.0
70 silly packumentCache full:https://registry.npmjs.org/rc-dialog cache-miss
71 http fetch GET 200 https://registry.npmjs.org/rc-image 52ms (cache miss)
72 silly packumentCache full:https://registry.npmjs.org/rc-image set size:undefined disposed:false
73 silly fetch manifest rc-drawer@~7.3.0
74 silly packumentCache full:https://registry.npmjs.org/rc-drawer cache-miss
75 http fetch GET 200 https://registry.npmjs.org/rc-input 55ms (cache miss)
76 silly packumentCache full:https://registry.npmjs.org/rc-input set size:undefined disposed:false
77 silly fetch manifest rc-motion@^2.9.5
78 silly packumentCache full:https://registry.npmjs.org/rc-motion cache-miss
79 http fetch GET 200 https://registry.npmjs.org/rc-steps 56ms (cache miss)
80 silly packumentCache full:https://registry.npmjs.org/rc-steps set size:undefined disposed:false
81 silly fetch manifest rc-picker@~4.11.3
82 silly packumentCache full:https://registry.npmjs.org/rc-picker cache-miss
83 http fetch GET 200 https://registry.npmjs.org/rc-tree 141ms (cache miss)
84 silly packumentCache full:https://registry.npmjs.org/rc-tree set size:undefined disposed:false
85 silly fetch manifest rc-select@~14.16.8
86 silly packumentCache full:https://registry.npmjs.org/rc-select cache-miss
87 http fetch GET 200 https://registry.npmjs.org/rc-tabs 144ms (cache miss)
88 silly packumentCache full:https://registry.npmjs.org/rc-tabs set size:undefined disposed:false
89 silly fetch manifest rc-slider@~11.1.9
90 silly packumentCache full:https://registry.npmjs.org/rc-slider cache-miss
91 http fetch GET 200 https://registry.npmjs.org/rc-menu 148ms (cache miss)
92 silly packumentCache full:https://registry.npmjs.org/rc-menu set size:undefined disposed:false
93 silly fetch manifest rc-switch@~4.1.0
94 silly packumentCache full:https://registry.npmjs.org/rc-switch cache-miss
95 http fetch GET 200 https://registry.npmjs.org/@ant-design%2ficons-svg 157ms (cache miss)
96 silly packumentCache full:https://registry.npmjs.org/@ant-design%2ficons-svg set size:undefined disposed:false
97 silly fetch manifest rc-upload@~4.11.0
98 silly packumentCache full:https://registry.npmjs.org/rc-upload cache-miss
99 http fetch GET 200 https://registry.npmjs.org/rc-drawer 37ms (cache miss)
100 silly packumentCache full:https://registry.npmjs.org/rc-drawer set size:undefined disposed:false
101 silly fetch manifest classnames@^2.5.1
102 silly packumentCache full:https://registry.npmjs.org/classnames cache-miss
103 http cache https://registry.npmjs.org/classnames 3ms (cache hit)
104 silly packumentCache full:https://registry.npmjs.org/classnames set size:63028 disposed:false
105 silly fetch manifest rc-tooltip@~6.4.0
106 silly packumentCache full:https://registry.npmjs.org/rc-tooltip cache-miss
107 http fetch GET 200 https://registry.npmjs.org/rc-dialog 49ms (cache miss)
108 silly packumentCache full:https://registry.npmjs.org/rc-dialog set size:undefined disposed:false
109 silly fetch manifest rc-cascader@~3.34.0
110 silly packumentCache full:https://registry.npmjs.org/rc-cascader cache-miss
111 http fetch GET 200 https://registry.npmjs.org/rc-table 54ms (cache miss)
112 silly packumentCache full:https://registry.npmjs.org/rc-table set size:undefined disposed:false
113 silly fetch manifest rc-checkbox@~3.5.0
114 silly packumentCache full:https://registry.npmjs.org/rc-checkbox cache-miss
115 http fetch GET 200 https://registry.npmjs.org/rc-motion 46ms (cache miss)
116 silly packumentCache full:https://registry.npmjs.org/rc-motion set size:undefined disposed:false
117 silly fetch manifest rc-collapse@~3.9.0
118 silly packumentCache full:https://registry.npmjs.org/rc-collapse cache-miss
119 http fetch GET 200 https://registry.npmjs.org/rc-switch 37ms (cache miss)
120 silly packumentCache full:https://registry.npmjs.org/rc-switch set size:undefined disposed:false
121 silly fetch manifest rc-dropdown@~4.2.1
122 silly packumentCache full:https://registry.npmjs.org/rc-dropdown cache-miss
123 http fetch GET 200 https://registry.npmjs.org/rc-slider 44ms (cache miss)
124 silly packumentCache full:https://registry.npmjs.org/rc-slider set size:undefined disposed:false
125 silly fetch manifest rc-mentions@~2.20.0
126 silly packumentCache full:https://registry.npmjs.org/rc-mentions cache-miss
127 http fetch GET 200 https://registry.npmjs.org/rc-upload 38ms (cache miss)
128 silly packumentCache full:https://registry.npmjs.org/rc-upload set size:undefined disposed:false
129 silly fetch manifest rc-progress@~4.0.0
130 silly packumentCache full:https://registry.npmjs.org/rc-progress cache-miss
131 http fetch GET 200 https://registry.npmjs.org/rc-select 61ms (cache miss)
132 silly packumentCache full:https://registry.npmjs.org/rc-select set size:undefined disposed:false
133 silly fetch manifest rc-textarea@~1.10.2
134 silly packumentCache full:https://registry.npmjs.org/rc-textarea cache-miss
135 http fetch GET 200 https://registry.npmjs.org/rc-picker 69ms (cache miss)
136 silly packumentCache full:https://registry.npmjs.org/rc-picker set size:undefined disposed:false
137 silly fetch manifest rc-segmented@~2.7.0
138 silly packumentCache full:https://registry.npmjs.org/rc-segmented cache-miss
139 http fetch GET 200 https://registry.npmjs.org/rc-tooltip 41ms (cache miss)
140 silly packumentCache full:https://registry.npmjs.org/rc-tooltip set size:undefined disposed:false
141 silly fetch manifest rc-field-form@~2.7.1
142 silly packumentCache full:https://registry.npmjs.org/rc-field-form cache-miss
143 http fetch GET 200 https://registry.npmjs.org/rc-cascader 38ms (cache miss)
144 silly packumentCache full:https://registry.npmjs.org/rc-cascader set size:undefined disposed:false
145 silly fetch manifest rc-pagination@~5.1.0
146 silly packumentCache full:https://registry.npmjs.org/rc-pagination cache-miss
147 http fetch GET 200 https://registry.npmjs.org/rc-dropdown 32ms (cache miss)
148 silly packumentCache full:https://registry.npmjs.org/rc-dropdown set size:undefined disposed:false
149 silly fetch manifest rc-tree-select@~5.27.0
150 silly packumentCache full:https://registry.npmjs.org/rc-tree-select cache-miss
151 http fetch GET 200 https://registry.npmjs.org/rc-collapse 39ms (cache miss)
152 silly packumentCache full:https://registry.npmjs.org/rc-collapse set size:undefined disposed:false
153 silly fetch manifest rc-input-number@~9.5.0
154 silly packumentCache full:https://registry.npmjs.org/rc-input-number cache-miss
155 http fetch GET 200 https://registry.npmjs.org/rc-mentions 34ms (cache miss)
156 silly packumentCache full:https://registry.npmjs.org/rc-mentions set size:undefined disposed:false
157 silly fetch manifest rc-notification@~5.6.4
158 silly packumentCache full:https://registry.npmjs.org/rc-notification cache-miss
159 http fetch GET 200 https://registry.npmjs.org/rc-progress 30ms (cache miss)
160 silly packumentCache full:https://registry.npmjs.org/rc-progress set size:undefined disposed:false
161 silly fetch manifest copy-to-clipboard@^3.3.3
162 silly packumentCache full:https://registry.npmjs.org/copy-to-clipboard cache-miss
163 http fetch GET 200 https://registry.npmjs.org/rc-textarea 30ms (cache miss)
164 silly packumentCache full:https://registry.npmjs.org/rc-textarea set size:undefined disposed:false
165 silly fetch manifest throttle-debounce@^5.0.2
166 silly packumentCache full:https://registry.npmjs.org/throttle-debounce cache-miss
167 http fetch GET 200 https://registry.npmjs.org/rc-field-form 37ms (cache miss)
168 silly packumentCache full:https://registry.npmjs.org/rc-field-form set size:undefined disposed:false
169 silly fetch manifest @ant-design/colors@^7.2.1
170 silly packumentCache full:https://registry.npmjs.org/@ant-design%2fcolors cache-miss
171 http cache https://registry.npmjs.org/@ant-design%2fcolors 3ms (cache hit)
172 silly packumentCache full:https://registry.npmjs.org/@ant-design%2fcolors set size:117189 disposed:false
173 silly fetch manifest @rc-component/tour@~1.15.1
174 silly packumentCache full:https://registry.npmjs.org/@rc-component%2ftour cache-miss
175 http fetch GET 200 https://registry.npmjs.org/rc-segmented 45ms (cache miss)
176 silly packumentCache full:https://registry.npmjs.org/rc-segmented set size:undefined disposed:false
177 silly fetch manifest rc-resize-observer@^1.4.3
178 silly packumentCache full:https://registry.npmjs.org/rc-resize-observer cache-miss
179 http fetch GET 200 https://registry.npmjs.org/rc-checkbox 77ms (cache miss)
180 silly packumentCache full:https://registry.npmjs.org/rc-checkbox set size:undefined disposed:false
181 silly fetch manifest @ant-design/cssinjs@^1.23.0
182 silly packumentCache full:https://registry.npmjs.org/@ant-design%2fcssinjs cache-miss
183 http fetch GET 200 https://registry.npmjs.org/rc-pagination 50ms (cache miss)
184 silly packumentCache full:https://registry.npmjs.org/rc-pagination set size:undefined disposed:false
185 silly fetch manifest @rc-component/qrcode@~1.1.0
186 silly packumentCache full:https://registry.npmjs.org/@rc-component%2fqrcode cache-miss
187 http fetch GET 200 https://registry.npmjs.org/throttle-debounce 31ms (cache miss)
188 silly packumentCache full:https://registry.npmjs.org/throttle-debounce set size:undefined disposed:false
189 silly fetch manifest @rc-component/trigger@^2.3.0
190 silly packumentCache full:https://registry.npmjs.org/@rc-component%2ftrigger cache-miss
191 http fetch GET 200 https://registry.npmjs.org/rc-notification 42ms (cache miss)
192 silly packumentCache full:https://registry.npmjs.org/rc-notification set size:undefined disposed:false
193 silly fetch manifest @ant-design/fast-color@^2.0.6
194 silly packumentCache full:https://registry.npmjs.org/@ant-design%2ffast-color cache-miss
195 http fetch GET 200 https://registry.npmjs.org/rc-input-number 46ms (cache miss)
196 silly packumentCache full:https://registry.npmjs.org/rc-input-number set size:undefined disposed:false
197 silly fetch manifest @ant-design/react-slick@~1.1.2
198 silly packumentCache full:https://registry.npmjs.org/@ant-design%2freact-slick cache-miss
199 http fetch GET 200 https://registry.npmjs.org/rc-tree-select 53ms (cache miss)
200 silly packumentCache full:https://registry.npmjs.org/rc-tree-select set size:undefined disposed:false
201 silly fetch manifest @ant-design/cssinjs-utils@^1.1.3
202 silly packumentCache full:https://registry.npmjs.org/@ant-design%2fcssinjs-utils cache-miss
203 http fetch GET 200 https://registry.npmjs.org/copy-to-clipboard 62ms (cache miss)
204 silly packumentCache full:https://registry.npmjs.org/copy-to-clipboard set size:undefined disposed:false
205 silly fetch manifest @rc-component/color-picker@~2.0.1
206 silly packumentCache full:https://registry.npmjs.org/@rc-component%2fcolor-picker cache-miss
207 http fetch GET 200 https://registry.npmjs.org/rc-resize-observer 34ms (cache miss)
208 silly packumentCache full:https://registry.npmjs.org/rc-resize-observer set size:undefined disposed:false
209 silly fetch manifest scroll-into-view-if-needed@^3.1.0
210 silly packumentCache full:https://registry.npmjs.org/scroll-into-view-if-needed cache-miss
211 http fetch GET 200 https://registry.npmjs.org/@rc-component%2ftour 49ms (cache miss)
212 silly packumentCache full:https://registry.npmjs.org/@rc-component%2ftour set size:undefined disposed:false
213 silly fetch manifest @rc-component/mutate-observer@^1.1.0
214 silly packumentCache full:https://registry.npmjs.org/@rc-component%2fmutate-observer cache-miss
215 http fetch GET 200 https://registry.npmjs.org/@ant-design%2fcssinjs 47ms (cache miss)
216 silly packumentCache full:https://registry.npmjs.org/@ant-design%2fcssinjs set size:undefined disposed:false
217 http fetch GET 200 https://registry.npmjs.org/@ant-design%2ffast-color 43ms (cache miss)
218 silly packumentCache full:https://registry.npmjs.org/@ant-design%2ffast-color set size:undefined disposed:false
219 http fetch GET 200 https://registry.npmjs.org/@rc-component%2fqrcode 47ms (cache miss)
220 silly packumentCache full:https://registry.npmjs.org/@rc-component%2fqrcode set size:undefined disposed:false
221 http fetch GET 200 https://registry.npmjs.org/@rc-component%2ftrigger 46ms (cache miss)
222 silly packumentCache full:https://registry.npmjs.org/@rc-component%2ftrigger set size:undefined disposed:false
223 http fetch GET 200 https://registry.npmjs.org/@ant-design%2fcssinjs-utils 45ms (cache miss)
224 silly packumentCache full:https://registry.npmjs.org/@ant-design%2fcssinjs-utils set size:undefined disposed:false
225 http fetch GET 200 https://registry.npmjs.org/@ant-design%2freact-slick 49ms (cache miss)
226 silly packumentCache full:https://registry.npmjs.org/@ant-design%2freact-slick set size:undefined disposed:false
227 http fetch GET 200 https://registry.npmjs.org/@rc-component%2fcolor-picker 40ms (cache miss)
228 silly packumentCache full:https://registry.npmjs.org/@rc-component%2fcolor-picker set size:undefined disposed:false
229 http fetch GET 200 https://registry.npmjs.org/scroll-into-view-if-needed 50ms (cache miss)
230 silly packumentCache full:https://registry.npmjs.org/scroll-into-view-if-needed set size:undefined disposed:false
231 http fetch GET 200 https://registry.npmjs.org/@rc-component%2fmutate-observer 41ms (cache miss)
232 silly packumentCache full:https://registry.npmjs.org/@rc-component%2fmutate-observer set size:undefined disposed:false
233 silly fetch manifest react@>=16.0.0
234 silly packumentCache full:https://registry.npmjs.org/react cache-miss
235 http cache https://registry.npmjs.org/react 5ms (cache hit)
236 silly packumentCache full:https://registry.npmjs.org/react set size:6344067 disposed:false
237 silly fetch manifest react-dom@>=16.0.0
238 silly packumentCache full:https://registry.npmjs.org/react-dom cache-miss
239 http cache https://registry.npmjs.org/react-dom 6ms (cache hit)
240 silly packumentCache full:https://registry.npmjs.org/react-dom set size:8342628 disposed:false
241 silly placeDep ROOT @ant-design/colors@7.2.1 OK for: @ant-design/icons@5.6.1 want: ^7.0.0
242 silly placeDep ROOT @ant-design/icons-svg@4.4.2 OK for: @ant-design/icons@5.6.1 want: ^4.4.0
243 silly placeDep ROOT classnames@2.5.1 OK for: @ant-design/icons@5.6.1 want: ^2.2.6
244 silly placeDep ROOT rc-util@5.44.4 OK for: @ant-design/icons@5.6.1 want: ^5.31.1
245 silly fetch manifest react-is@^18.2.0
246 silly packumentCache full:https://registry.npmjs.org/react-is cache-miss
247 http fetch GET 200 https://registry.npmjs.org/react-is 154ms (cache miss)
248 silly packumentCache full:https://registry.npmjs.org/react-is set size:undefined disposed:false
249 silly placeDep ROOT @ant-design/fast-color@2.0.6 OK for: @ant-design/colors@7.2.1 want: ^2.0.6
250 silly fetch manifest react@>=16.9.0
251 silly packumentCache full:https://registry.npmjs.org/react cache-miss
252 http cache https://registry.npmjs.org/react 5ms (cache hit)
253 silly packumentCache full:https://registry.npmjs.org/react set size:6344067 disposed:false
254 silly fetch manifest react-dom@>=16.9.0
255 silly packumentCache full:https://registry.npmjs.org/react-dom cache-miss
256 http cache https://registry.npmjs.org/react-dom 9ms (cache hit)
257 silly packumentCache full:https://registry.npmjs.org/react-dom set size:8342628 disposed:false
258 silly fetch manifest date-fns@>= 2.x
259 silly packumentCache full:https://registry.npmjs.org/date-fns cache-miss
260 http fetch GET 200 https://registry.npmjs.org/date-fns 173ms (cache miss)
261 silly packumentCache full:https://registry.npmjs.org/date-fns set size:undefined disposed:false
262 silly fetch manifest dayjs@^1.11.11
263 silly packumentCache full:https://registry.npmjs.org/dayjs cache-miss
264 http fetch GET 200 https://registry.npmjs.org/dayjs 38ms (cache miss)
265 silly packumentCache full:https://registry.npmjs.org/dayjs set size:undefined disposed:false
266 silly fetch manifest luxon@>= 3.x
267 silly packumentCache full:https://registry.npmjs.org/luxon cache-miss
268 http fetch GET 200 https://registry.npmjs.org/luxon 48ms (cache miss)
269 silly packumentCache full:https://registry.npmjs.org/luxon set size:undefined disposed:false
270 silly fetch manifest moment@>= 2.x
271 silly packumentCache full:https://registry.npmjs.org/moment cache-miss
272 http fetch GET 200 https://registry.npmjs.org/moment 32ms (cache miss)
273 silly packumentCache full:https://registry.npmjs.org/moment set size:undefined disposed:false
274 silly placeDep ROOT @ant-design/cssinjs@1.24.0 OK for: antd@5.29.1 want: ^1.23.0
275 silly placeDep ROOT @ant-design/cssinjs-utils@1.1.3 OK for: antd@5.29.1 want: ^1.1.3
276 silly placeDep ROOT @ant-design/react-slick@1.1.2 OK for: antd@5.29.1 want: ~1.1.2
277 silly placeDep ROOT @rc-component/color-picker@2.0.1 OK for: antd@5.29.1 want: ~2.0.1
278 silly placeDep ROOT @rc-component/mutate-observer@1.1.0 OK for: antd@5.29.1 want: ^1.1.0
279 silly placeDep ROOT @rc-component/qrcode@1.1.1 OK for: antd@5.29.1 want: ~1.1.0
280 silly placeDep ROOT @rc-component/tour@1.15.1 OK for: antd@5.29.1 want: ~1.15.1
281 silly placeDep ROOT @rc-component/trigger@2.3.0 OK for: antd@5.29.1 want: ^2.3.0
282 silly placeDep ROOT copy-to-clipboard@3.3.3 OK for: antd@5.29.1 want: ^3.3.3
283 silly placeDep ROOT rc-cascader@3.34.0 OK for: antd@5.29.1 want: ~3.34.0
284 silly placeDep ROOT rc-checkbox@3.5.0 OK for: antd@5.29.1 want: ~3.5.0
285 silly placeDep ROOT rc-collapse@3.9.0 OK for: antd@5.29.1 want: ~3.9.0
286 silly placeDep ROOT rc-dialog@9.6.0 OK for: antd@5.29.1 want: ~9.6.0
287 silly placeDep ROOT rc-drawer@7.3.0 OK for: antd@5.29.1 want: ~7.3.0
288 silly placeDep ROOT rc-dropdown@4.2.1 OK for: antd@5.29.1 want: ~4.2.1
289 silly placeDep ROOT rc-field-form@2.7.1 OK for: antd@5.29.1 want: ~2.7.1
290 silly placeDep ROOT rc-image@7.12.0 OK for: antd@5.29.1 want: ~7.12.0
291 silly placeDep ROOT rc-input@1.8.0 OK for: antd@5.29.1 want: ~1.8.0
292 silly placeDep ROOT rc-input-number@9.5.0 OK for: antd@5.29.1 want: ~9.5.0
293 silly placeDep ROOT rc-mentions@2.20.0 OK for: antd@5.29.1 want: ~2.20.0
294 silly placeDep ROOT rc-menu@9.16.1 OK for: antd@5.29.1 want: ~9.16.1
295 silly placeDep ROOT rc-motion@2.9.5 OK for: antd@5.29.1 want: ^2.9.5
296 silly placeDep ROOT rc-notification@5.6.4 OK for: antd@5.29.1 want: ~5.6.4
297 silly placeDep ROOT rc-pagination@5.1.0 OK for: antd@5.29.1 want: ~5.1.0
298 silly placeDep ROOT rc-picker@4.11.3 OK for: antd@5.29.1 want: ~4.11.3
299 silly placeDep ROOT rc-progress@4.0.0 OK for: antd@5.29.1 want: ~4.0.0
300 silly placeDep ROOT rc-rate@2.13.1 OK for: antd@5.29.1 want: ~2.13.1
301 silly placeDep ROOT rc-resize-observer@1.4.3 OK for: antd@5.29.1 want: ^1.4.3
302 silly placeDep ROOT rc-segmented@2.7.0 OK for: antd@5.29.1 want: ~2.7.0
303 silly placeDep ROOT rc-select@14.16.8 OK for: antd@5.29.1 want: ~14.16.8
304 silly placeDep ROOT rc-slider@11.1.9 OK for: antd@5.29.1 want: ~11.1.9
305 silly placeDep ROOT rc-steps@6.0.1 OK for: antd@5.29.1 want: ~6.0.1
306 silly placeDep ROOT rc-switch@4.1.0 OK for: antd@5.29.1 want: ~4.1.0
307 silly placeDep ROOT rc-table@7.54.0 OK for: antd@5.29.1 want: ~7.54.0
308 silly placeDep ROOT rc-tabs@15.7.0 OK for: antd@5.29.1 want: ~15.7.0
309 silly placeDep ROOT rc-textarea@1.10.2 OK for: antd@5.29.1 want: ~1.10.2
310 silly placeDep ROOT rc-tooltip@6.4.0 OK for: antd@5.29.1 want: ~6.4.0
311 silly placeDep ROOT rc-tree@5.13.1 OK for: antd@5.29.1 want: ~5.13.1
312 silly placeDep ROOT rc-tree-select@5.27.0 OK for: antd@5.29.1 want: ~5.27.0
313 silly placeDep ROOT rc-upload@4.11.0 OK for: antd@5.29.1 want: ~4.11.0
314 silly placeDep ROOT scroll-into-view-if-needed@3.1.0 OK for: antd@5.29.1 want: ^3.1.0
315 silly placeDep ROOT throttle-debounce@5.0.2 OK for: antd@5.29.1 want: ^5.0.2
316 silly fetch manifest stylis@^4.3.4
317 silly packumentCache full:https://registry.npmjs.org/stylis cache-miss
318 silly fetch manifest @emotion/hash@^0.8.0
319 silly packumentCache full:https://registry.npmjs.org/@emotion%2fhash cache-miss
320 silly fetch manifest @emotion/unitless@^0.7.5
321 silly packumentCache full:https://registry.npmjs.org/@emotion%2funitless cache-miss
322 silly fetch manifest json2mq@^0.2.0
323 silly packumentCache full:https://registry.npmjs.org/json2mq cache-miss
324 silly fetch manifest throttle-debounce@^5.0.0
325 silly packumentCache full:https://registry.npmjs.org/throttle-debounce cache-miss
326 silly fetch manifest resize-observer-polyfill@^1.5.1
327 silly packumentCache full:https://registry.npmjs.org/resize-observer-polyfill cache-miss
328 silly fetch manifest @rc-component/portal@^1.0.0-9
329 silly packumentCache full:https://registry.npmjs.org/@rc-component%2fportal cache-miss
330 silly fetch manifest @rc-component/trigger@^2.0.0
331 silly packumentCache full:https://registry.npmjs.org/@rc-component%2ftrigger cache-miss
332 silly fetch manifest rc-motion@^2.0.0
333 silly packumentCache full:https://registry.npmjs.org/rc-motion cache-miss
334 http cache https://registry.npmjs.org/@rc-component%2ftrigger 3ms (cache hit)
335 silly packumentCache full:https://registry.npmjs.org/@rc-component%2ftrigger set size:364177 disposed:false
336 silly fetch manifest rc-resize-observer@^1.3.1
337 silly packumentCache full:https://registry.npmjs.org/rc-resize-observer cache-miss
338 http cache https://registry.npmjs.org/rc-motion 4ms (cache hit)
339 silly packumentCache full:https://registry.npmjs.org/rc-motion set size:157151 disposed:false
340 silly fetch manifest @rc-component/portal@^1.1.0
341 silly packumentCache full:https://registry.npmjs.org/@rc-component%2fportal cache-miss
342 http cache https://registry.npmjs.org/throttle-debounce 5ms (cache hit)
343 silly packumentCache full:https://registry.npmjs.org/throttle-debounce set size:73345 disposed:false
344 silly fetch manifest toggle-selection@^1.0.6
345 silly packumentCache full:https://registry.npmjs.org/toggle-selection cache-miss
346 http cache https://registry.npmjs.org/rc-resize-observer 3ms (cache hit)
347 silly packumentCache full:https://registry.npmjs.org/rc-resize-observer set size:89651 disposed:false
348 silly fetch manifest rc-select@~14.16.2
349 silly packumentCache full:https://registry.npmjs.org/rc-select cache-miss
350 http cache https://registry.npmjs.org/rc-select 2ms (cache hit)
351 silly packumentCache full:https://registry.npmjs.org/rc-select set size:1467934 disposed:false
352 silly fetch manifest rc-tree@~5.13.0
353 silly packumentCache full:https://registry.npmjs.org/rc-tree cache-miss
354 http cache https://registry.npmjs.org/rc-tree 6ms (cache hit)
355 silly packumentCache full:https://registry.npmjs.org/rc-tree set size:1000896 disposed:false
356 silly fetch manifest rc-motion@^2.3.4
357 silly packumentCache full:https://registry.npmjs.org/rc-motion cache-hit
358 silly fetch manifest rc-motion@^2.3.0
359 silly packumentCache full:https://registry.npmjs.org/rc-motion cache-hit
360 silly fetch manifest @rc-component/portal@^1.0.0-8
361 silly packumentCache full:https://registry.npmjs.org/@rc-component%2fportal cache-miss
362 http fetch GET 200 https://registry.npmjs.org/json2mq 29ms (cache miss)
363 silly packumentCache full:https://registry.npmjs.org/json2mq set size:undefined disposed:false
364 silly fetch manifest @rc-component/portal@^1.1.1
365 silly packumentCache full:https://registry.npmjs.org/@rc-component%2fportal cache-miss
366 http fetch GET 200 https://registry.npmjs.org/resize-observer-polyfill 32ms (cache miss)
367 silly packumentCache full:https://registry.npmjs.org/resize-observer-polyfill set size:undefined disposed:false
368 silly fetch manifest rc-motion@^2.6.1
369 silly packumentCache full:https://registry.npmjs.org/rc-motion cache-hit
370 silly fetch manifest @rc-component/async-validator@^5.0.3
371 silly packumentCache full:https://registry.npmjs.org/@rc-component%2fasync-validator cache-miss
372 http fetch GET 200 https://registry.npmjs.org/stylis 35ms (cache miss)
373 silly packumentCache full:https://registry.npmjs.org/stylis set size:undefined disposed:false
374 silly fetch manifest @rc-component/portal@^1.0.2
375 silly packumentCache full:https://registry.npmjs.org/@rc-component%2fportal cache-miss
376 http fetch GET 200 https://registry.npmjs.org/@emotion%2fhash 45ms (cache miss)
377 silly packumentCache full:https://registry.npmjs.org/@emotion%2fhash set size:undefined disposed:false
378 silly fetch manifest rc-motion@^2.6.2
379 silly packumentCache full:https://registry.npmjs.org/rc-motion cache-hit
380 silly fetch manifest @rc-component/mini-decimal@^1.0.1
381 silly packumentCache full:https://registry.npmjs.org/@rc-component%2fmini-decimal cache-miss
382 http fetch GET 200 https://registry.npmjs.org/toggle-selection 39ms (cache miss)
383 silly packumentCache full:https://registry.npmjs.org/toggle-selection set size:undefined disposed:false
384 silly fetch manifest rc-menu@~9.16.0
385 silly packumentCache full:https://registry.npmjs.org/rc-menu cache-miss
386 http cache https://registry.npmjs.org/rc-menu 1ms (cache hit)
387 silly packumentCache full:https://registry.npmjs.org/rc-menu set size:868581 disposed:false
388 silly fetch manifest rc-textarea@~1.10.0
389 silly packumentCache full:https://registry.npmjs.org/rc-textarea cache-miss
390 http cache https://registry.npmjs.org/rc-textarea 1ms (cache hit)
391 silly packumentCache full:https://registry.npmjs.org/rc-textarea set size:177138 disposed:false
392 silly fetch manifest rc-motion@^2.4.3
393 silly packumentCache full:https://registry.npmjs.org/rc-motion cache-hit
394 silly fetch manifest rc-overflow@^1.3.1
395 silly packumentCache full:https://registry.npmjs.org/rc-overflow cache-miss
396 http fetch GET 200 https://registry.npmjs.org/@rc-component%2fportal 51ms (cache miss)
397 silly packumentCache full:https://registry.npmjs.org/@rc-component%2fportal set size:undefined disposed:false
398 silly fetch manifest rc-overflow@^1.3.2
399 silly packumentCache full:https://registry.npmjs.org/rc-overflow cache-miss
400 http fetch GET 200 https://registry.npmjs.org/@rc-component%2fportal 49ms (cache miss)
401 silly packumentCache full:https://registry.npmjs.org/@rc-component%2fportal set size:undefined disposed:false
402 silly fetch manifest rc-resize-observer@^1.4.0
403 silly packumentCache full:https://registry.npmjs.org/rc-resize-observer cache-hit
404 silly fetch manifest rc-overflow@^1.3.1
405 silly packumentCache full:https://registry.npmjs.org/rc-overflow cache-miss
406 http fetch GET 200 https://registry.npmjs.org/@emotion%2funitless 55ms (cache miss)
407 silly packumentCache full:https://registry.npmjs.org/@emotion%2funitless set size:undefined disposed:false
408 silly fetch manifest rc-virtual-list@^3.5.2
409 silly packumentCache full:https://registry.npmjs.org/rc-virtual-list cache-miss
410 http fetch GET 200 https://registry.npmjs.org/@rc-component%2fportal 41ms (cache miss)
411 silly packumentCache full:https://registry.npmjs.org/@rc-component%2fportal set size:undefined disposed:false
412 silly fetch manifest rc-virtual-list@^3.14.2
413 silly packumentCache full:https://registry.npmjs.org/rc-virtual-list cache-miss
414 http fetch GET 200 https://registry.npmjs.org/@rc-component%2fportal 43ms (cache miss)
415 silly packumentCache full:https://registry.npmjs.org/@rc-component%2fportal set size:undefined disposed:false
416 silly fetch manifest @rc-component/context@^1.4.0
417 silly packumentCache full:https://registry.npmjs.org/@rc-component%2fcontext cache-miss
418 http fetch GET 200 https://registry.npmjs.org/@rc-component%2fasync-validator 41ms (cache miss)
419 silly packumentCache full:https://registry.npmjs.org/@rc-component%2fasync-validator set size:undefined disposed:false
420 silly fetch manifest rc-virtual-list@^3.5.1
421 silly packumentCache full:https://registry.npmjs.org/rc-virtual-list cache-miss
422 http fetch GET 200 https://registry.npmjs.org/@rc-component%2fportal 40ms (cache miss)
423 silly packumentCache full:https://registry.npmjs.org/@rc-component%2fportal set size:undefined disposed:false
424 silly fetch manifest compute-scroll-into-view@^3.0.2
425 silly packumentCache full:https://registry.npmjs.org/compute-scroll-into-view cache-miss
426 http fetch GET 200 https://registry.npmjs.org/@rc-component%2fmini-decimal 43ms (cache miss)
427 silly packumentCache full:https://registry.npmjs.org/@rc-component%2fmini-decimal set size:undefined disposed:false
428 http fetch GET 200 https://registry.npmjs.org/rc-virtual-list 32ms (cache miss)
429 silly packumentCache full:https://registry.npmjs.org/rc-virtual-list set size:undefined disposed:false
430 http fetch GET 200 https://registry.npmjs.org/rc-virtual-list 43ms (cache miss)
431 silly packumentCache full:https://registry.npmjs.org/rc-virtual-list set size:undefined disposed:false
432 http fetch GET 200 https://registry.npmjs.org/rc-virtual-list 32ms (cache miss)
433 silly packumentCache full:https://registry.npmjs.org/rc-virtual-list set size:undefined disposed:false
434 http fetch GET 200 https://registry.npmjs.org/@rc-component%2fcontext 40ms (cache miss)
435 silly packumentCache full:https://registry.npmjs.org/@rc-component%2fcontext set size:undefined disposed:false
436 http fetch GET 200 https://registry.npmjs.org/rc-overflow 65ms (cache miss)
437 silly packumentCache full:https://registry.npmjs.org/rc-overflow set size:undefined disposed:false
438 http fetch GET 200 https://registry.npmjs.org/rc-overflow 62ms (cache miss)
439 silly packumentCache full:https://registry.npmjs.org/rc-overflow set size:undefined disposed:false
440 http fetch GET 200 https://registry.npmjs.org/rc-overflow 65ms (cache miss)
441 silly packumentCache full:https://registry.npmjs.org/rc-overflow set size:undefined disposed:false
442 http fetch GET 200 https://registry.npmjs.org/compute-scroll-into-view 49ms (cache miss)
443 silly packumentCache full:https://registry.npmjs.org/compute-scroll-into-view set size:undefined disposed:false
444 silly placeDep node_modules/@ant-design/cssinjs @emotion/hash@0.8.0 OK for: @ant-design/cssinjs@1.24.0 want: ^0.8.0
445 silly placeDep node_modules/@ant-design/cssinjs @emotion/unitless@0.7.5 OK for: @ant-design/cssinjs@1.24.0 want: ^0.7.5
446 silly placeDep node_modules/@ant-design/cssinjs stylis@4.3.6 OK for: @ant-design/cssinjs@1.24.0 want: ^4.3.4
447 silly placeDep ROOT json2mq@0.2.0 OK for: @ant-design/react-slick@1.1.2 want: ^0.2.0
448 silly placeDep ROOT resize-observer-polyfill@1.5.1 OK for: @ant-design/react-slick@1.1.2 want: ^1.5.1
449 silly fetch manifest string-convert@^0.2.0
450 silly packumentCache full:https://registry.npmjs.org/string-convert cache-miss
451 http fetch GET 200 https://registry.npmjs.org/string-convert 34ms (cache miss)
452 silly packumentCache full:https://registry.npmjs.org/string-convert set size:undefined disposed:false
453 silly placeDep ROOT @rc-component/portal@1.1.2 OK for: @rc-component/tour@1.15.1 want: ^1.0.0-9
454 silly placeDep ROOT toggle-selection@1.0.6 OK for: copy-to-clipboard@3.3.3 want: ^1.0.6
455 silly placeDep ROOT string-convert@0.2.1 OK for: json2mq@0.2.0 want: ^0.2.0
456 silly placeDep ROOT @rc-component/async-validator@5.0.4 OK for: rc-field-form@2.7.1 want: ^5.0.3
457 silly placeDep ROOT @rc-component/mini-decimal@1.1.0 OK for: rc-input-number@9.5.0 want: ^1.0.1
458 silly placeDep ROOT rc-overflow@1.5.0 OK for: rc-menu@9.16.1 want: ^1.3.1
459 silly fetch manifest react@*
460 silly packumentCache full:https://registry.npmjs.org/react cache-miss
461 http cache https://registry.npmjs.org/react 5ms (cache hit)
462 silly packumentCache full:https://registry.npmjs.org/react set size:6344067 disposed:false
463 silly fetch manifest react-dom@*
464 silly packumentCache full:https://registry.npmjs.org/react-dom cache-miss
465 http cache https://registry.npmjs.org/react-dom 10ms (cache hit)
466 silly packumentCache full:https://registry.npmjs.org/react-dom set size:8342628 disposed:false
467 silly placeDep ROOT rc-virtual-list@3.19.2 OK for: rc-select@14.16.8 want: ^3.5.2
468 silly placeDep ROOT @rc-component/context@1.4.0 OK for: rc-table@7.54.0 want: ^1.4.0
469 silly placeDep node_modules/rc-util react-is@18.3.1 OK for: rc-util@5.44.4 want: ^18.2.0
470 silly placeDep ROOT compute-scroll-into-view@3.1.1 OK for: scroll-into-view-if-needed@3.1.0 want: ^3.0.2
471 silly reify mark retired [
471 silly reify   '/Users/beniam/Documents/CODE/LOMI/MEDIC/medic/assets/node_modules/clsx'
471 silly reify ]
472 silly reify mark retired [
472 silly reify   '/Users/beniam/Documents/CODE/LOMI/MEDIC/medic/assets/node_modules/detect-node-es'
472 silly reify ]
473 silly reify mark retired [
473 silly reify   '/Users/beniam/Documents/CODE/LOMI/MEDIC/medic/assets/node_modules/dom-helpers'
473 silly reify ]
474 silly reify mark retired [
474 silly reify   '/Users/beniam/Documents/CODE/LOMI/MEDIC/medic/assets/node_modules/fast-deep-equal'
474 silly reify ]
475 silly reify mark retired [
475 silly reify   '/Users/beniam/Documents/CODE/LOMI/MEDIC/medic/assets/node_modules/get-nonce'
475 silly reify ]
476 silly reify mark retired [
476 silly reify   '/Users/beniam/Documents/CODE/LOMI/MEDIC/medic/assets/node_modules/klona'
476 silly reify ]
477 silly reify mark retired [
477 silly reify   '/Users/beniam/Documents/CODE/LOMI/MEDIC/medic/assets/node_modules/object-assign'
477 silly reify ]
478 silly reify mark retired [
478 silly reify   '/Users/beniam/Documents/CODE/LOMI/MEDIC/medic/assets/node_modules/prop-types'
478 silly reify ]
479 silly reify mark retired [
479 silly reify   '/Users/beniam/Documents/CODE/LOMI/MEDIC/medic/assets/node_modules/react-remove-scroll-bar'
479 silly reify ]
480 silly reify mark retired [
480 silly reify   '/Users/beniam/Documents/CODE/LOMI/MEDIC/medic/assets/node_modules/react-remove-scroll'
480 silly reify ]
481 silly reify mark retired [
481 silly reify   '/Users/beniam/Documents/CODE/LOMI/MEDIC/medic/assets/node_modules/react-number-format'
481 silly reify ]
482 silly reify mark retired [
482 silly reify   '/Users/beniam/Documents/CODE/LOMI/MEDIC/medic/assets/node_modules/react-style-singleton'
482 silly reify ]
483 silly reify mark retired [
483 silly reify   '/Users/beniam/Documents/CODE/LOMI/MEDIC/medic/assets/node_modules/react-textarea-autosize'
483 silly reify ]
484 silly reify mark retired [
484 silly reify   '/Users/beniam/Documents/CODE/LOMI/MEDIC/medic/assets/node_modules/react-transition-group'
484 silly reify ]
485 silly reify mark retired [
485 silly reify   '/Users/beniam/Documents/CODE/LOMI/MEDIC/medic/assets/node_modules/tabbable'
485 silly reify ]
486 silly reify mark retired [
486 silly reify   '/Users/beniam/Documents/CODE/LOMI/MEDIC/medic/assets/node_modules/tslib'
486 silly reify ]
487 silly reify mark retired [
487 silly reify   '/Users/beniam/Documents/CODE/LOMI/MEDIC/medic/assets/node_modules/use-callback-ref'
487 silly reify ]
488 silly reify mark retired [
488 silly reify   '/Users/beniam/Documents/CODE/LOMI/MEDIC/medic/assets/node_modules/use-composed-ref'
488 silly reify ]
489 silly reify mark retired [
489 silly reify   '/Users/beniam/Documents/CODE/LOMI/MEDIC/medic/assets/node_modules/type-fest'
489 silly reify ]
490 silly reify mark retired [
490 silly reify   '/Users/beniam/Documents/CODE/LOMI/MEDIC/medic/assets/node_modules/use-isomorphic-layout-effect'
490 silly reify ]
491 silly reify mark retired [
491 silly reify   '/Users/beniam/Documents/CODE/LOMI/MEDIC/medic/assets/node_modules/use-latest'
491 silly reify ]
492 silly reify mark retired [
492 silly reify   '/Users/beniam/Documents/CODE/LOMI/MEDIC/medic/assets/node_modules/use-sidecar'
492 silly reify ]
493 silly reify mark retired [
493 silly reify   '/Users/beniam/Documents/CODE/LOMI/MEDIC/medic/assets/node_modules/@floating-ui/core'
493 silly reify ]
494 silly reify mark retired [
494 silly reify   '/Users/beniam/Documents/CODE/LOMI/MEDIC/medic/assets/node_modules/@floating-ui/react-dom'
494 silly reify ]
495 silly reify mark retired [
495 silly reify   '/Users/beniam/Documents/CODE/LOMI/MEDIC/medic/assets/node_modules/@floating-ui/react'
495 silly reify ]
496 silly reify mark retired [
496 silly reify   '/Users/beniam/Documents/CODE/LOMI/MEDIC/medic/assets/node_modules/@floating-ui/dom'
496 silly reify ]
497 silly reify mark retired [
497 silly reify   '/Users/beniam/Documents/CODE/LOMI/MEDIC/medic/assets/node_modules/@floating-ui/utils'
497 silly reify ]
498 silly reify mark retired [
498 silly reify   '/Users/beniam/Documents/CODE/LOMI/MEDIC/medic/assets/node_modules/@mantine/dates'
498 silly reify ]
499 silly reify mark retired [
499 silly reify   '/Users/beniam/Documents/CODE/LOMI/MEDIC/medic/assets/node_modules/@mantine/core'
499 silly reify ]
500 silly reify mark retired [
500 silly reify   '/Users/beniam/Documents/CODE/LOMI/MEDIC/medic/assets/node_modules/@mantine/form'
500 silly reify ]
501 silly reify mark retired [
501 silly reify   '/Users/beniam/Documents/CODE/LOMI/MEDIC/medic/assets/node_modules/@mantine/hooks'
501 silly reify ]
502 silly reify mark retired [
502 silly reify   '/Users/beniam/Documents/CODE/LOMI/MEDIC/medic/assets/node_modules/@mantine/store'
502 silly reify ]
503 silly reify mark retired [
503 silly reify   '/Users/beniam/Documents/CODE/LOMI/MEDIC/medic/assets/node_modules/@mantine/notifications'
503 silly reify ]
504 silly reify moves {
504 silly reify   '/Users/beniam/Documents/CODE/LOMI/MEDIC/medic/assets/node_modules/clsx': '/Users/beniam/Documents/CODE/LOMI/MEDIC/medic/assets/node_modules/.clsx-z9bzpp2r',
504 silly reify   '/Users/beniam/Documents/CODE/LOMI/MEDIC/medic/assets/node_modules/detect-node-es': '/Users/beniam/Documents/CODE/LOMI/MEDIC/medic/assets/node_modules/.detect-node-es-LDFys9jY',
504 silly reify   '/Users/beniam/Documents/CODE/LOMI/MEDIC/medic/assets/node_modules/dom-helpers': '/Users/beniam/Documents/CODE/LOMI/MEDIC/medic/assets/node_modules/.dom-helpers-pLagATdo',
504 silly reify   '/Users/beniam/Documents/CODE/LOMI/MEDIC/medic/assets/node_modules/fast-deep-equal': '/Users/beniam/Documents/CODE/LOMI/MEDIC/medic/assets/node_modules/.fast-deep-equal-iJNBJnOV',
504 silly reify   '/Users/beniam/Documents/CODE/LOMI/MEDIC/medic/assets/node_modules/get-nonce': '/Users/beniam/Documents/CODE/LOMI/MEDIC/medic/assets/node_modules/.get-nonce-BQ4DyK7K',
504 silly reify   '/Users/beniam/Documents/CODE/LOMI/MEDIC/medic/assets/node_modules/klona': '/Users/beniam/Documents/CODE/LOMI/MEDIC/medic/assets/node_modules/.klona-AleZaXzF',
504 silly reify   '/Users/beniam/Documents/CODE/LOMI/MEDIC/medic/assets/node_modules/object-assign': '/Users/beniam/Documents/CODE/LOMI/MEDIC/medic/assets/node_modules/.object-assign-MSiZ2rJm',
504 silly reify   '/Users/beniam/Documents/CODE/LOMI/MEDIC/medic/assets/node_modules/prop-types': '/Users/beniam/Documents/CODE/LOMI/MEDIC/medic/assets/node_modules/.prop-types-69qOvtCy',
504 silly reify   '/Users/beniam/Documents/CODE/LOMI/MEDIC/medic/assets/node_modules/react-remove-scroll-bar': '/Users/beniam/Documents/CODE/LOMI/MEDIC/medic/assets/node_modules/.react-remove-scroll-bar-oPalKLBz',
504 silly reify   '/Users/beniam/Documents/CODE/LOMI/MEDIC/medic/assets/node_modules/react-remove-scroll': '/Users/beniam/Documents/CODE/LOMI/MEDIC/medic/assets/node_modules/.react-remove-scroll-NOEoCmkm',
504 silly reify   '/Users/beniam/Documents/CODE/LOMI/MEDIC/medic/assets/node_modules/react-number-format': '/Users/beniam/Documents/CODE/LOMI/MEDIC/medic/assets/node_modules/.react-number-format-b13oMQn1',
504 silly reify   '/Users/beniam/Documents/CODE/LOMI/MEDIC/medic/assets/node_modules/react-style-singleton': '/Users/beniam/Documents/CODE/LOMI/MEDIC/medic/assets/node_modules/.react-style-singleton-TOpojcYa',
504 silly reify   '/Users/beniam/Documents/CODE/LOMI/MEDIC/medic/assets/node_modules/react-textarea-autosize': '/Users/beniam/Documents/CODE/LOMI/MEDIC/medic/assets/node_modules/.react-textarea-autosize-C5H8HWW5',
504 silly reify   '/Users/beniam/Documents/CODE/LOMI/MEDIC/medic/assets/node_modules/react-transition-group': '/Users/beniam/Documents/CODE/LOMI/MEDIC/medic/assets/node_modules/.react-transition-group-5T5NWIxb',
504 silly reify   '/Users/beniam/Documents/CODE/LOMI/MEDIC/medic/assets/node_modules/tabbable': '/Users/beniam/Documents/CODE/LOMI/MEDIC/medic/assets/node_modules/.tabbable-75PuHWnr',
504 silly reify   '/Users/beniam/Documents/CODE/LOMI/MEDIC/medic/assets/node_modules/tslib': '/Users/beniam/Documents/CODE/LOMI/MEDIC/medic/assets/node_modules/.tslib-ItOMbBeV',
504 silly reify   '/Users/beniam/Documents/CODE/LOMI/MEDIC/medic/assets/node_modules/use-callback-ref': '/Users/beniam/Documents/CODE/LOMI/MEDIC/medic/assets/node_modules/.use-callback-ref-dHm5xwT6',
504 silly reify   '/Users/beniam/Documents/CODE/LOMI/MEDIC/medic/assets/node_modules/use-composed-ref': '/Users/beniam/Documents/CODE/LOMI/MEDIC/medic/assets/node_modules/.use-composed-ref-myY80YgW',
504 silly reify   '/Users/beniam/Documents/CODE/LOMI/MEDIC/medic/assets/node_modules/type-fest': '/Users/beniam/Documents/CODE/LOMI/MEDIC/medic/assets/node_modules/.type-fest-QKbt2c7X',
504 silly reify   '/Users/beniam/Documents/CODE/LOMI/MEDIC/medic/assets/node_modules/use-isomorphic-layout-effect': '/Users/beniam/Documents/CODE/LOMI/MEDIC/medic/assets/node_modules/.use-isomorphic-layout-effect-aNq7mTop',
504 silly reify   '/Users/beniam/Documents/CODE/LOMI/MEDIC/medic/assets/node_modules/use-latest': '/Users/beniam/Documents/CODE/LOMI/MEDIC/medic/assets/node_modules/.use-latest-eCeWgw9y',
504 silly reify   '/Users/beniam/Documents/CODE/LOMI/MEDIC/medic/assets/node_modules/use-sidecar': '/Users/beniam/Documents/CODE/LOMI/MEDIC/medic/assets/node_modules/.use-sidecar-17dLcl9W',
504 silly reify   '/Users/beniam/Documents/CODE/LOMI/MEDIC/medic/assets/node_modules/@floating-ui/core': '/Users/beniam/Documents/CODE/LOMI/MEDIC/medic/assets/node_modules/@floating-ui/.core-CpfbeyTg',
504 silly reify   '/Users/beniam/Documents/CODE/LOMI/MEDIC/medic/assets/node_modules/@floating-ui/react-dom': '/Users/beniam/Documents/CODE/LOMI/MEDIC/medic/assets/node_modules/@floating-ui/.react-dom-Ho4PnD0Z',
504 silly reify   '/Users/beniam/Documents/CODE/LOMI/MEDIC/medic/assets/node_modules/@floating-ui/react': '/Users/beniam/Documents/CODE/LOMI/MEDIC/medic/assets/node_modules/@floating-ui/.react-RWAR4ugb',
504 silly reify   '/Users/beniam/Documents/CODE/LOMI/MEDIC/medic/assets/node_modules/@floating-ui/dom': '/Users/beniam/Documents/CODE/LOMI/MEDIC/medic/assets/node_modules/@floating-ui/.dom-JGELhoDk',
504 silly reify   '/Users/beniam/Documents/CODE/LOMI/MEDIC/medic/assets/node_modules/@floating-ui/utils': '/Users/beniam/Documents/CODE/LOMI/MEDIC/medic/assets/node_modules/@floating-ui/.utils-DHaLGzeS',
504 silly reify   '/Users/beniam/Documents/CODE/LOMI/MEDIC/medic/assets/node_modules/@mantine/dates': '/Users/beniam/Documents/CODE/LOMI/MEDIC/medic/assets/node_modules/@mantine/.dates-2SRnzbeO',
504 silly reify   '/Users/beniam/Documents/CODE/LOMI/MEDIC/medic/assets/node_modules/@mantine/core': '/Users/beniam/Documents/CODE/LOMI/MEDIC/medic/assets/node_modules/@mantine/.core-DsvF94wW',
504 silly reify   '/Users/beniam/Documents/CODE/LOMI/MEDIC/medic/assets/node_modules/@mantine/form': '/Users/beniam/Documents/CODE/LOMI/MEDIC/medic/assets/node_modules/@mantine/.form-mcKeKOAu',
504 silly reify   '/Users/beniam/Documents/CODE/LOMI/MEDIC/medic/assets/node_modules/@mantine/hooks': '/Users/beniam/Documents/CODE/LOMI/MEDIC/medic/assets/node_modules/@mantine/.hooks-hi8Pr9nn',
504 silly reify   '/Users/beniam/Documents/CODE/LOMI/MEDIC/medic/assets/node_modules/@mantine/store': '/Users/beniam/Documents/CODE/LOMI/MEDIC/medic/assets/node_modules/@mantine/.store-3kJiNrjx',
504 silly reify   '/Users/beniam/Documents/CODE/LOMI/MEDIC/medic/assets/node_modules/@mantine/notifications': '/Users/beniam/Documents/CODE/LOMI/MEDIC/medic/assets/node_modules/@mantine/.notifications-fYaz5OMX'
504 silly reify }
505 silly audit bulk request {
505 silly audit   '@babel/code-frame': [ '7.27.1' ],
505 silly audit   '@babel/generator': [ '7.28.5' ],
505 silly audit   '@babel/helper-globals': [ '7.28.0' ],
505 silly audit   '@babel/helper-module-imports': [ '7.27.1' ],
505 silly audit   '@babel/helper-string-parser': [ '7.27.1' ],
505 silly audit   '@babel/helper-validator-identifier': [ '7.28.5' ],
505 silly audit   '@babel/parser': [ '7.28.5' ],
505 silly audit   '@babel/runtime': [ '7.28.4' ],
505 silly audit   '@babel/template': [ '7.27.2' ],
505 silly audit   '@babel/traverse': [ '7.28.5' ],
505 silly audit   '@babel/types': [ '7.28.5' ],
505 silly audit   '@emotion/babel-plugin': [ '11.13.5' ],
505 silly audit   '@emotion/cache': [ '11.14.0' ],
505 silly audit   '@emotion/hash': [ '0.9.2', '0.8.0' ],
505 silly audit   '@emotion/is-prop-valid': [ '1.4.0' ],
505 silly audit   '@emotion/memoize': [ '0.9.0' ],
505 silly audit   '@emotion/react': [ '11.14.0' ],
505 silly audit   '@emotion/serialize': [ '1.3.3' ],
505 silly audit   '@emotion/sheet': [ '1.4.0' ],
505 silly audit   '@emotion/styled': [ '11.14.1' ],
505 silly audit   '@emotion/unitless': [ '0.10.0', '0.7.5' ],
505 silly audit   '@emotion/use-insertion-effect-with-fallbacks': [ '1.2.0' ],
505 silly audit   '@emotion/utils': [ '1.4.2' ],
505 silly audit   '@emotion/weak-memoize': [ '0.4.0' ],
505 silly audit   '@inertiajs/core': [ '1.3.0' ],
505 silly audit   '@inertiajs/inertia': [ '0.11.1' ],
505 silly audit   axios: [ '0.21.4', '1.13.2' ],
505 silly audit   '@inertiajs/progress': [ '0.2.7' ],
505 silly audit   '@inertiajs/react': [ '1.3.0' ],
505 silly audit   '@jridgewell/gen-mapping': [ '0.3.13' ],
505 silly audit   '@jridgewell/resolve-uri': [ '3.1.2' ],
505 silly audit   '@jridgewell/sourcemap-codec': [ '1.5.5' ],
505 silly audit   '@jridgewell/trace-mapping': [ '0.3.31' ],
505 silly audit   '@mapbox/jsonlint-lines-primitives': [ '2.0.2' ],
505 silly audit   '@mapbox/mapbox-gl-supported': [ '3.0.0' ],
505 silly audit   '@mapbox/point-geometry': [ '1.1.0' ],
505 silly audit   '@mapbox/tiny-sdf': [ '2.0.7' ],
505 silly audit   '@mapbox/unitbezier': [ '0.0.1' ],
505 silly audit   '@mapbox/vector-tile': [ '2.0.4' ],
505 silly audit   '@mapbox/whoots-js': [ '3.1.0' ],
505 silly audit   '@tabler/icons': [ '3.35.0' ],
505 silly audit   '@tabler/icons-react': [ '3.35.0' ],
505 silly audit   '@tanstack/query-core': [ '5.90.12' ],
505 silly audit   '@tanstack/react-query': [ '5.90.12' ],
505 silly audit   '@types/geojson': [ '7946.0.16' ],
505 silly audit   '@types/geojson-vt': [ '3.2.5' ],
505 silly audit   '@types/mapbox__point-geometry': [ '0.1.4' ],
505 silly audit   '@types/mapbox-gl': [ '3.4.1' ],
505 silly audit   '@types/parse-json': [ '4.0.2' ],
505 silly audit   '@types/pbf': [ '3.0.5' ],
505 silly audit   '@types/prop-types': [ '15.7.15' ],
505 silly audit   '@types/react': [ '18.3.27' ],
505 silly audit   '@types/react-dom': [ '18.3.7' ],
505 silly audit   '@types/supercluster': [ '7.1.3' ],
505 silly audit   asynckit: [ '0.4.0' ],
505 silly audit   'babel-plugin-macros': [ '3.1.0' ],
505 silly audit   'call-bind-apply-helpers': [ '1.0.2' ],
505 silly audit   'call-bound': [ '1.0.4' ],
505 silly audit   callsites: [ '3.1.0' ],
505 silly audit   'cheap-ruler': [ '4.0.0' ],
505 silly audit   'combined-stream': [ '1.0.8' ],
505 silly audit   'convert-source-map': [ '1.9.0' ],
505 silly audit   cosmiconfig: [ '7.1.0' ],
505 silly audit   yaml: [ '1.10.2' ],
505 silly audit   csscolorparser: [ '1.0.3' ],
505 silly audit   csstype: [ '3.2.3' ],
505 silly audit   'date-fns': [ '3.6.0' ],
505 silly audit   dayjs: [ '1.11.19' ],
505 silly audit   debug: [ '4.4.3' ],
505 silly audit   deepmerge: [ '4.3.1' ],
505 silly audit   'delayed-stream': [ '1.0.0' ],
505 silly audit   'dunder-proto': [ '1.0.1' ],
505 silly audit   earcut: [ '3.0.2' ],
505 silly audit   'error-ex': [ '1.3.4' ],
505 silly audit   'es-define-property': [ '1.0.1' ],
505 silly audit   'es-errors': [ '1.3.0' ],
505 silly audit   'es-object-atoms': [ '1.1.1' ],
505 silly audit   'es-set-tostringtag': [ '2.1.0' ],
505 silly audit   'escape-string-regexp': [ '4.0.0' ],
505 silly audit   'find-root': [ '1.1.0' ],
505 silly audit   'follow-redirects': [ '1.15.11' ],
505 silly audit   'form-data': [ '4.0.5' ],
505 silly audit   'function-bind': [ '1.1.2' ],
505 silly audit   'geojson-vt': [ '4.0.2' ],
505 silly audit   'get-intrinsic': [ '1.3.0' ],
505 silly audit   'get-proto': [ '1.0.1' ],
505 silly audit   'gl-matrix': [ '3.4.4' ],
505 silly audit   gopd: [ '1.2.0' ],
505 silly audit   'grid-index': [ '1.1.0' ],
505 silly audit   gsap: [ '3.12.5' ],
505 silly audit   'has-symbols': [ '1.1.0' ],
505 silly audit   'has-tostringtag': [ '1.0.2' ],
505 silly audit   hasown: [ '2.0.2' ],
505 silly audit   'hoist-non-react-statics': [ '3.3.2' ],
505 silly audit   'html-parse-stringify': [ '3.0.1' ],
505 silly audit   i18next: [ '23.16.8' ],
505 silly audit   'import-fresh': [ '3.3.1' ],
505 silly audit   'is-arrayish': [ '0.2.1' ],
505 silly audit   'is-core-module': [ '2.16.1' ],
505 silly audit   'js-tokens': [ '4.0.0' ],
505 silly audit   jsesc: [ '3.1.0' ],
505 silly audit   'json-parse-even-better-errors': [ '2.3.1' ],
505 silly audit   kdbush: [ '4.0.2' ],
505 silly audit   'lines-and-columns': [ '1.2.4' ],
505 silly audit   'lodash.isequal': [ '4.5.0' ],
505 silly audit   'loose-envify': [ '1.4.0' ],
505 silly audit   'mapbox-gl': [ '3.17.0' ],
505 silly audit   'martinez-polygon-clipping': [ '0.7.4' ],
505 silly audit   tinyqueue: [ '1.2.3', '3.0.0' ],
505 silly audit   'math-intrinsics': [ '1.1.0' ],
505 silly audit   'mime-db': [ '1.52.0' ],
505 silly audit   'mime-types': [ '2.1.35' ],
505 silly audit   ms: [ '2.1.3' ],
505 silly audit   'murmurhash-js': [ '1.0.0' ],
505 silly audit   nprogress: [ '0.2.0' ],
505 silly audit   'object-inspect': [ '1.13.4' ],
505 silly audit   'parent-module': [ '1.0.1' ],
505 silly audit   'parse-json': [ '5.2.0' ],
505 silly audit   'path-parse': [ '1.0.7' ],
505 silly audit   'path-type': [ '4.0.0' ],
505 silly audit   pbf: [ '4.0.1' ],
505 silly audit   picocolors: [ '1.1.1' ],
505 silly audit   potpack: [ '2.1.0' ],
505 silly audit   'protocol-buffers-schema': [ '3.6.0' ],
505 silly audit   'proxy-from-env': [ '1.1.0' ],
505 silly audit   qs: [ '6.14.0' ],
505 silly audit   quickselect: [ '3.0.0' ],
505 silly audit   react: [ '18.3.1' ],
505 silly audit   'react-dom': [ '18.3.1' ],
505 silly audit   'react-hook-form': [ '7.68.0' ],
505 silly audit   'react-i18next': [ '15.7.4' ],
505 silly audit   'react-is': [ '16.13.1', '18.3.1' ],
505 silly audit   resolve: [ '1.22.11' ],
505 silly audit   'resolve-from': [ '4.0.0' ],
505 silly audit   'resolve-protobuf-schema': [ '2.1.0' ],
505 silly audit   'robust-predicates': [ '2.0.4' ],
505 silly audit   scheduler: [ '0.23.2' ],
505 silly audit   'side-channel': [ '1.1.0' ],
505 silly audit   'side-channel-list': [ '1.0.0' ],
505 silly audit   'side-channel-map': [ '1.0.1' ],
505 silly audit   'side-channel-weakmap': [ '1.0.2' ],
505 silly audit   'source-map': [ '0.5.7' ],
505 silly audit   splaytree: [ '0.1.4' ],
505 silly audit   stylis: [ '4.2.0', '4.3.6' ],
505 silly audit   supercluster: [ '8.0.1' ],
505 silly audit   'supports-preserve-symlinks-flag': [ '1.0.0' ],
505 silly audit   three: [ '0.166.1' ],
505 silly audit   typescript: [ '5.9.3' ],
505 silly audit   'use-sync-external-store': [ '1.6.0' ],
505 silly audit   'void-elements': [ '3.1.0' ],
505 silly audit   zustand: [ '4.5.7' ],
505 silly audit   '@ant-design/icons': [ '5.6.1' ],
505 silly audit   antd: [ '5.29.1' ],
505 silly audit   '@ant-design/colors': [ '7.2.1' ],
505 silly audit   '@ant-design/icons-svg': [ '4.4.2' ],
505 silly audit   classnames: [ '2.5.1' ],
505 silly audit   'rc-util': [ '5.44.4' ],
505 silly audit   '@ant-design/fast-color': [ '2.0.6' ],
505 silly audit   '@ant-design/cssinjs': [ '1.24.0' ],
505 silly audit   '@ant-design/cssinjs-utils': [ '1.1.3' ],
505 silly audit   '@ant-design/react-slick': [ '1.1.2' ],
505 silly audit   '@rc-component/color-picker': [ '2.0.1' ],
505 silly audit   '@rc-component/mutate-observer': [ '1.1.0' ],
505 silly audit   '@rc-component/qrcode': [ '1.1.1' ],
505 silly audit   '@rc-component/tour': [ '1.15.1' ],
505 silly audit   '@rc-component/trigger': [ '2.3.0' ],
505 silly audit   'copy-to-clipboard': [ '3.3.3' ],
505 silly audit   'rc-cascader': [ '3.34.0' ],
505 silly audit   'rc-checkbox': [ '3.5.0' ],
505 silly audit   'rc-collapse': [ '3.9.0' ],
505 silly audit   'rc-dialog': [ '9.6.0' ],
505 silly audit   'rc-drawer': [ '7.3.0' ],
505 silly audit   'rc-dropdown': [ '4.2.1' ],
505 silly audit   'rc-field-form': [ '2.7.1' ],
505 silly audit   'rc-image': [ '7.12.0' ],
505 silly audit   'rc-input': [ '1.8.0' ],
505 silly audit   'rc-input-number': [ '9.5.0' ],
505 silly audit   'rc-mentions': [ '2.20.0' ],
505 silly audit   'rc-menu': [ '9.16.1' ],
505 silly audit   'rc-motion': [ '2.9.5' ],
505 silly audit   'rc-notification': [ '5.6.4' ],
505 silly audit   'rc-pagination': [ '5.1.0' ],
505 silly audit   'rc-picker': [ '4.11.3' ],
505 silly audit   'rc-progress': [ '4.0.0' ],
505 silly audit   'rc-rate': [ '2.13.1' ],
505 silly audit   'rc-resize-observer': [ '1.4.3' ],
505 silly audit   'rc-segmented': [ '2.7.0' ],
505 silly audit   'rc-select': [ '14.16.8' ],
505 silly audit   'rc-slider': [ '11.1.9' ],
505 silly audit   'rc-steps': [ '6.0.1' ],
505 silly audit   'rc-switch': [ '4.1.0' ],
505 silly audit   'rc-table': [ '7.54.0' ],
505 silly audit   'rc-tabs': [ '15.7.0' ],
505 silly audit   'rc-textarea': [ '1.10.2' ],
505 silly audit   'rc-tooltip': [ '6.4.0' ],
505 silly audit   'rc-tree': [ '5.13.1' ],
505 silly audit   'rc-tree-select': [ '5.27.0' ],
505 silly audit   'rc-upload': [ '4.11.0' ],
505 silly audit   'scroll-into-view-if-needed': [ '3.1.0' ],
505 silly audit   'throttle-debounce': [ '5.0.2' ],
505 silly audit   json2mq: [ '0.2.0' ],
505 silly audit   'resize-observer-polyfill': [ '1.5.1' ],
505 silly audit   '@rc-component/portal': [ '1.1.2' ],
505 silly audit   'toggle-selection': [ '1.0.6' ],
505 silly audit   'string-convert': [ '0.2.1' ],
505 silly audit   '@rc-component/async-validator': [ '5.0.4' ],
505 silly audit   '@rc-component/mini-decimal': [ '1.1.0' ],
505 silly audit   'rc-overflow': [ '1.5.0' ],
505 silly audit   'rc-virtual-list': [ '3.19.2' ],
505 silly audit   '@rc-component/context': [ '1.4.0' ],
505 silly audit   'compute-scroll-into-view': [ '3.1.1' ]
505 silly audit }
506 http cache @rc-component/context@https://registry.npmjs.org/@rc-component/context/-/context-1.4.0.tgz 0ms (cache hit)
507 http cache compute-scroll-into-view@https://registry.npmjs.org/compute-scroll-into-view/-/compute-scroll-into-view-3.1.1.tgz 0ms (cache hit)
508 http cache rc-overflow@https://registry.npmjs.org/rc-overflow/-/rc-overflow-1.5.0.tgz 0ms (cache hit)
509 http cache @rc-component/mini-decimal@https://registry.npmjs.org/@rc-component/mini-decimal/-/mini-decimal-1.1.0.tgz 0ms (cache hit)
510 http cache @rc-component/async-validator@https://registry.npmjs.org/@rc-component/async-validator/-/async-validator-5.0.4.tgz 0ms (cache hit)
511 http cache string-convert@https://registry.npmjs.org/string-convert/-/string-convert-0.2.1.tgz 0ms (cache hit)
512 http cache resize-observer-polyfill@https://registry.npmjs.org/resize-observer-polyfill/-/resize-observer-polyfill-1.5.1.tgz 0ms (cache hit)
513 http cache json2mq@https://registry.npmjs.org/json2mq/-/json2mq-0.2.0.tgz 0ms (cache hit)
514 http cache rc-upload@https://registry.npmjs.org/rc-upload/-/rc-upload-4.11.0.tgz 0ms (cache hit)
515 http cache @rc-component/portal@https://registry.npmjs.org/@rc-component/portal/-/portal-1.1.2.tgz 0ms (cache hit)
516 http cache rc-tree-select@https://registry.npmjs.org/rc-tree-select/-/rc-tree-select-5.27.0.tgz 0ms (cache hit)
517 http cache toggle-selection@https://registry.npmjs.org/toggle-selection/-/toggle-selection-1.0.6.tgz 0ms (cache hit)
518 http cache rc-tooltip@https://registry.npmjs.org/rc-tooltip/-/rc-tooltip-6.4.0.tgz 0ms (cache hit)
519 http cache scroll-into-view-if-needed@https://registry.npmjs.org/scroll-into-view-if-needed/-/scroll-into-view-if-needed-3.1.0.tgz 0ms (cache hit)
520 http cache rc-tree@https://registry.npmjs.org/rc-tree/-/rc-tree-5.13.1.tgz 0ms (cache hit)
521 http cache rc-tabs@https://registry.npmjs.org/rc-tabs/-/rc-tabs-15.7.0.tgz 0ms (cache hit)
522 http cache rc-virtual-list@https://registry.npmjs.org/rc-virtual-list/-/rc-virtual-list-3.19.2.tgz 0ms (cache hit)
523 http cache rc-steps@https://registry.npmjs.org/rc-steps/-/rc-steps-6.0.1.tgz 0ms (cache hit)
524 http cache rc-table@https://registry.npmjs.org/rc-table/-/rc-table-7.54.0.tgz 0ms (cache hit)
525 http cache rc-textarea@https://registry.npmjs.org/rc-textarea/-/rc-textarea-1.10.2.tgz 0ms (cache hit)
526 http cache rc-slider@https://registry.npmjs.org/rc-slider/-/rc-slider-11.1.9.tgz 0ms (cache hit)
527 http cache throttle-debounce@https://registry.npmjs.org/throttle-debounce/-/throttle-debounce-5.0.2.tgz 0ms (cache hit)
528 http cache rc-select@https://registry.npmjs.org/rc-select/-/rc-select-14.16.8.tgz 0ms (cache hit)
529 http cache rc-rate@https://registry.npmjs.org/rc-rate/-/rc-rate-2.13.1.tgz 0ms (cache hit)
530 http cache rc-resize-observer@https://registry.npmjs.org/rc-resize-observer/-/rc-resize-observer-1.4.3.tgz 0ms (cache hit)
531 http cache rc-progress@https://registry.npmjs.org/rc-progress/-/rc-progress-4.0.0.tgz 0ms (cache hit)
532 http cache rc-segmented@https://registry.npmjs.org/rc-segmented/-/rc-segmented-2.7.0.tgz 0ms (cache hit)
533 http cache rc-picker@https://registry.npmjs.org/rc-picker/-/rc-picker-4.11.3.tgz 0ms (cache hit)
534 http cache rc-switch@https://registry.npmjs.org/rc-switch/-/rc-switch-4.1.0.tgz 0ms (cache hit)
535 http cache rc-notification@https://registry.npmjs.org/rc-notification/-/rc-notification-5.6.4.tgz 0ms (cache hit)
536 http cache rc-mentions@https://registry.npmjs.org/rc-mentions/-/rc-mentions-2.20.0.tgz 0ms (cache hit)
537 http cache rc-pagination@https://registry.npmjs.org/rc-pagination/-/rc-pagination-5.1.0.tgz 0ms (cache hit)
538 http cache rc-motion@https://registry.npmjs.org/rc-motion/-/rc-motion-2.9.5.tgz 0ms (cache hit)
539 http cache rc-menu@https://registry.npmjs.org/rc-menu/-/rc-menu-9.16.1.tgz 0ms (cache hit)
540 http cache rc-input-number@https://registry.npmjs.org/rc-input-number/-/rc-input-number-9.5.0.tgz 0ms (cache hit)
541 http cache rc-input@https://registry.npmjs.org/rc-input/-/rc-input-1.8.0.tgz 0ms (cache hit)
542 http cache rc-image@https://registry.npmjs.org/rc-image/-/rc-image-7.12.0.tgz 0ms (cache hit)
543 http cache rc-field-form@https://registry.npmjs.org/rc-field-form/-/rc-field-form-2.7.1.tgz 0ms (cache hit)
544 http cache rc-drawer@https://registry.npmjs.org/rc-drawer/-/rc-drawer-7.3.0.tgz 0ms (cache hit)
545 http cache rc-dropdown@https://registry.npmjs.org/rc-dropdown/-/rc-dropdown-4.2.1.tgz 0ms (cache hit)
546 http cache rc-collapse@https://registry.npmjs.org/rc-collapse/-/rc-collapse-3.9.0.tgz 0ms (cache hit)
547 http cache rc-dialog@https://registry.npmjs.org/rc-dialog/-/rc-dialog-9.6.0.tgz 0ms (cache hit)
548 http cache copy-to-clipboard@https://registry.npmjs.org/copy-to-clipboard/-/copy-to-clipboard-3.3.3.tgz 0ms (cache hit)
549 http cache rc-checkbox@https://registry.npmjs.org/rc-checkbox/-/rc-checkbox-3.5.0.tgz 0ms (cache hit)
550 http cache @rc-component/trigger@https://registry.npmjs.org/@rc-component/trigger/-/trigger-2.3.0.tgz 0ms (cache hit)
551 http cache @rc-component/tour@https://registry.npmjs.org/@rc-component/tour/-/tour-1.15.1.tgz 0ms (cache hit)
552 http cache rc-cascader@https://registry.npmjs.org/rc-cascader/-/rc-cascader-3.34.0.tgz 0ms (cache hit)
553 http cache @rc-component/qrcode@https://registry.npmjs.org/@rc-component/qrcode/-/qrcode-1.1.1.tgz 0ms (cache hit)
554 http cache @ant-design/react-slick@https://registry.npmjs.org/@ant-design/react-slick/-/react-slick-1.1.2.tgz 0ms (cache hit)
555 http cache @rc-component/mutate-observer@https://registry.npmjs.org/@rc-component/mutate-observer/-/mutate-observer-1.1.0.tgz 0ms (cache hit)
556 http cache @ant-design/cssinjs@https://registry.npmjs.org/@ant-design/cssinjs/-/cssinjs-1.24.0.tgz 0ms (cache hit)
557 http cache @ant-design/cssinjs-utils@https://registry.npmjs.org/@ant-design/cssinjs-utils/-/cssinjs-utils-1.1.3.tgz 0ms (cache hit)
558 http cache @rc-component/color-picker@https://registry.npmjs.org/@rc-component/color-picker/-/color-picker-2.0.1.tgz 0ms (cache hit)
559 http cache @ant-design/fast-color@https://registry.npmjs.org/@ant-design/fast-color/-/fast-color-2.0.6.tgz 0ms (cache hit)
560 http cache @ant-design/icons-svg@https://registry.npmjs.org/@ant-design/icons-svg/-/icons-svg-4.4.2.tgz 0ms (cache hit)
561 http cache rc-util@https://registry.npmjs.org/rc-util/-/rc-util-5.44.4.tgz 0ms (cache hit)
562 http cache classnames@https://registry.npmjs.org/classnames/-/classnames-2.5.1.tgz 0ms (cache hit)
563 http cache @ant-design/colors@https://registry.npmjs.org/@ant-design/colors/-/colors-7.2.1.tgz 0ms (cache hit)
564 http cache @ant-design/icons@https://registry.npmjs.org/@ant-design/icons/-/icons-5.6.1.tgz 0ms (cache hit)
565 http cache stylis@https://registry.npmjs.org/stylis/-/stylis-4.3.6.tgz 0ms (cache hit)
566 http cache antd@https://registry.npmjs.org/antd/-/antd-5.29.1.tgz 0ms (cache hit)
567 http cache react-is@https://registry.npmjs.org/react-is/-/react-is-18.3.1.tgz 0ms (cache hit)
568 http cache @emotion/hash@https://registry.npmjs.org/@emotion/hash/-/hash-0.8.0.tgz 0ms (cache hit)
569 http cache @emotion/unitless@https://registry.npmjs.org/@emotion/unitless/-/unitless-0.7.5.tgz 0ms (cache hit)
570 silly tarball no local data for @rc-component/context@https://registry.npmjs.org/@rc-component/context/-/context-1.4.0.tgz. Extracting by manifest.
571 silly tarball no local data for compute-scroll-into-view@https://registry.npmjs.org/compute-scroll-into-view/-/compute-scroll-into-view-3.1.1.tgz. Extracting by manifest.
572 silly tarball no local data for rc-overflow@https://registry.npmjs.org/rc-overflow/-/rc-overflow-1.5.0.tgz. Extracting by manifest.
573 silly tarball no local data for @rc-component/mini-decimal@https://registry.npmjs.org/@rc-component/mini-decimal/-/mini-decimal-1.1.0.tgz. Extracting by manifest.
574 silly tarball no local data for @rc-component/async-validator@https://registry.npmjs.org/@rc-component/async-validator/-/async-validator-5.0.4.tgz. Extracting by manifest.
575 silly tarball no local data for string-convert@https://registry.npmjs.org/string-convert/-/string-convert-0.2.1.tgz. Extracting by manifest.
576 silly tarball no local data for resize-observer-polyfill@https://registry.npmjs.org/resize-observer-polyfill/-/resize-observer-polyfill-1.5.1.tgz. Extracting by manifest.
577 silly tarball no local data for json2mq@https://registry.npmjs.org/json2mq/-/json2mq-0.2.0.tgz. Extracting by manifest.
578 silly tarball no local data for rc-upload@https://registry.npmjs.org/rc-upload/-/rc-upload-4.11.0.tgz. Extracting by manifest.
579 silly tarball no local data for @rc-component/portal@https://registry.npmjs.org/@rc-component/portal/-/portal-1.1.2.tgz. Extracting by manifest.
580 silly tarball no local data for rc-tree-select@https://registry.npmjs.org/rc-tree-select/-/rc-tree-select-5.27.0.tgz. Extracting by manifest.
581 silly tarball no local data for toggle-selection@https://registry.npmjs.org/toggle-selection/-/toggle-selection-1.0.6.tgz. Extracting by manifest.
582 silly tarball no local data for rc-tooltip@https://registry.npmjs.org/rc-tooltip/-/rc-tooltip-6.4.0.tgz. Extracting by manifest.
583 silly tarball no local data for scroll-into-view-if-needed@https://registry.npmjs.org/scroll-into-view-if-needed/-/scroll-into-view-if-needed-3.1.0.tgz. Extracting by manifest.
584 silly tarball no local data for rc-tree@https://registry.npmjs.org/rc-tree/-/rc-tree-5.13.1.tgz. Extracting by manifest.
585 silly tarball no local data for rc-tabs@https://registry.npmjs.org/rc-tabs/-/rc-tabs-15.7.0.tgz. Extracting by manifest.
586 silly tarball no local data for rc-virtual-list@https://registry.npmjs.org/rc-virtual-list/-/rc-virtual-list-3.19.2.tgz. Extracting by manifest.
587 silly tarball no local data for rc-steps@https://registry.npmjs.org/rc-steps/-/rc-steps-6.0.1.tgz. Extracting by manifest.
588 silly tarball no local data for rc-table@https://registry.npmjs.org/rc-table/-/rc-table-7.54.0.tgz. Extracting by manifest.
589 silly tarball no local data for rc-textarea@https://registry.npmjs.org/rc-textarea/-/rc-textarea-1.10.2.tgz. Extracting by manifest.
590 silly tarball no local data for rc-slider@https://registry.npmjs.org/rc-slider/-/rc-slider-11.1.9.tgz. Extracting by manifest.
591 silly tarball no local data for throttle-debounce@https://registry.npmjs.org/throttle-debounce/-/throttle-debounce-5.0.2.tgz. Extracting by manifest.
592 silly tarball no local data for rc-select@https://registry.npmjs.org/rc-select/-/rc-select-14.16.8.tgz. Extracting by manifest.
593 silly tarball no local data for rc-rate@https://registry.npmjs.org/rc-rate/-/rc-rate-2.13.1.tgz. Extracting by manifest.
594 silly tarball no local data for rc-resize-observer@https://registry.npmjs.org/rc-resize-observer/-/rc-resize-observer-1.4.3.tgz. Extracting by manifest.
595 silly tarball no local data for rc-progress@https://registry.npmjs.org/rc-progress/-/rc-progress-4.0.0.tgz. Extracting by manifest.
596 silly tarball no local data for rc-segmented@https://registry.npmjs.org/rc-segmented/-/rc-segmented-2.7.0.tgz. Extracting by manifest.
597 silly tarball no local data for rc-picker@https://registry.npmjs.org/rc-picker/-/rc-picker-4.11.3.tgz. Extracting by manifest.
598 silly tarball no local data for rc-switch@https://registry.npmjs.org/rc-switch/-/rc-switch-4.1.0.tgz. Extracting by manifest.
599 silly tarball no local data for rc-notification@https://registry.npmjs.org/rc-notification/-/rc-notification-5.6.4.tgz. Extracting by manifest.
600 silly tarball no local data for rc-mentions@https://registry.npmjs.org/rc-mentions/-/rc-mentions-2.20.0.tgz. Extracting by manifest.
601 silly tarball no local data for rc-pagination@https://registry.npmjs.org/rc-pagination/-/rc-pagination-5.1.0.tgz. Extracting by manifest.
602 silly tarball no local data for rc-motion@https://registry.npmjs.org/rc-motion/-/rc-motion-2.9.5.tgz. Extracting by manifest.
603 silly tarball no local data for rc-menu@https://registry.npmjs.org/rc-menu/-/rc-menu-9.16.1.tgz. Extracting by manifest.
604 silly tarball no local data for rc-input-number@https://registry.npmjs.org/rc-input-number/-/rc-input-number-9.5.0.tgz. Extracting by manifest.
605 silly tarball no local data for rc-input@https://registry.npmjs.org/rc-input/-/rc-input-1.8.0.tgz. Extracting by manifest.
606 silly tarball no local data for rc-image@https://registry.npmjs.org/rc-image/-/rc-image-7.12.0.tgz. Extracting by manifest.
607 silly tarball no local data for rc-field-form@https://registry.npmjs.org/rc-field-form/-/rc-field-form-2.7.1.tgz. Extracting by manifest.
608 silly tarball no local data for rc-drawer@https://registry.npmjs.org/rc-drawer/-/rc-drawer-7.3.0.tgz. Extracting by manifest.
609 silly tarball no local data for rc-dropdown@https://registry.npmjs.org/rc-dropdown/-/rc-dropdown-4.2.1.tgz. Extracting by manifest.
610 silly tarball no local data for rc-collapse@https://registry.npmjs.org/rc-collapse/-/rc-collapse-3.9.0.tgz. Extracting by manifest.
611 silly tarball no local data for rc-dialog@https://registry.npmjs.org/rc-dialog/-/rc-dialog-9.6.0.tgz. Extracting by manifest.
612 silly tarball no local data for copy-to-clipboard@https://registry.npmjs.org/copy-to-clipboard/-/copy-to-clipboard-3.3.3.tgz. Extracting by manifest.
613 silly tarball no local data for rc-checkbox@https://registry.npmjs.org/rc-checkbox/-/rc-checkbox-3.5.0.tgz. Extracting by manifest.
614 silly tarball no local data for @rc-component/trigger@https://registry.npmjs.org/@rc-component/trigger/-/trigger-2.3.0.tgz. Extracting by manifest.
615 silly tarball no local data for @rc-component/tour@https://registry.npmjs.org/@rc-component/tour/-/tour-1.15.1.tgz. Extracting by manifest.
616 silly tarball no local data for rc-cascader@https://registry.npmjs.org/rc-cascader/-/rc-cascader-3.34.0.tgz. Extracting by manifest.
617 silly tarball no local data for @rc-component/qrcode@https://registry.npmjs.org/@rc-component/qrcode/-/qrcode-1.1.1.tgz. Extracting by manifest.
618 silly tarball no local data for @ant-design/react-slick@https://registry.npmjs.org/@ant-design/react-slick/-/react-slick-1.1.2.tgz. Extracting by manifest.
619 silly tarball no local data for @rc-component/mutate-observer@https://registry.npmjs.org/@rc-component/mutate-observer/-/mutate-observer-1.1.0.tgz. Extracting by manifest.
620 silly tarball no local data for @ant-design/cssinjs@https://registry.npmjs.org/@ant-design/cssinjs/-/cssinjs-1.24.0.tgz. Extracting by manifest.
621 silly tarball no local data for @ant-design/cssinjs-utils@https://registry.npmjs.org/@ant-design/cssinjs-utils/-/cssinjs-utils-1.1.3.tgz. Extracting by manifest.
622 silly tarball no local data for @rc-component/color-picker@https://registry.npmjs.org/@rc-component/color-picker/-/color-picker-2.0.1.tgz. Extracting by manifest.
623 silly tarball no local data for @ant-design/fast-color@https://registry.npmjs.org/@ant-design/fast-color/-/fast-color-2.0.6.tgz. Extracting by manifest.
624 silly tarball no local data for @ant-design/icons-svg@https://registry.npmjs.org/@ant-design/icons-svg/-/icons-svg-4.4.2.tgz. Extracting by manifest.
625 silly tarball no local data for rc-util@https://registry.npmjs.org/rc-util/-/rc-util-5.44.4.tgz. Extracting by manifest.
626 silly tarball no local data for classnames@https://registry.npmjs.org/classnames/-/classnames-2.5.1.tgz. Extracting by manifest.
627 silly tarball no local data for @ant-design/colors@https://registry.npmjs.org/@ant-design/colors/-/colors-7.2.1.tgz. Extracting by manifest.
628 silly tarball no local data for @ant-design/icons@https://registry.npmjs.org/@ant-design/icons/-/icons-5.6.1.tgz. Extracting by manifest.
629 silly tarball no local data for stylis@https://registry.npmjs.org/stylis/-/stylis-4.3.6.tgz. Extracting by manifest.
630 silly tarball no local data for antd@https://registry.npmjs.org/antd/-/antd-5.29.1.tgz. Extracting by manifest.
631 silly tarball no local data for react-is@https://registry.npmjs.org/react-is/-/react-is-18.3.1.tgz. Extracting by manifest.
632 silly tarball no local data for @emotion/hash@https://registry.npmjs.org/@emotion/hash/-/hash-0.8.0.tgz. Extracting by manifest.
633 silly tarball no local data for @emotion/unitless@https://registry.npmjs.org/@emotion/unitless/-/unitless-0.7.5.tgz. Extracting by manifest.
634 http fetch GET 200 https://registry.npmjs.org/string-convert/-/string-convert-0.2.1.tgz 124ms (cache miss)
635 http fetch GET 200 https://registry.npmjs.org/rc-overflow/-/rc-overflow-1.5.0.tgz 129ms (cache miss)
636 http fetch GET 200 https://registry.npmjs.org/compute-scroll-into-view/-/compute-scroll-into-view-3.1.1.tgz 136ms (cache miss)
637 http fetch GET 200 https://registry.npmjs.org/json2mq/-/json2mq-0.2.0.tgz 137ms (cache miss)
638 http fetch GET 200 https://registry.npmjs.org/rc-steps/-/rc-steps-6.0.1.tgz 169ms (cache miss)
639 http fetch GET 200 https://registry.npmjs.org/@rc-component/mini-decimal/-/mini-decimal-1.1.0.tgz 172ms (cache miss)
640 http fetch GET 200 https://registry.npmjs.org/@rc-component/context/-/context-1.4.0.tgz 175ms (cache miss)
641 http fetch GET 200 https://registry.npmjs.org/rc-textarea/-/rc-textarea-1.10.2.tgz 172ms (cache miss)
642 http fetch GET 200 https://registry.npmjs.org/toggle-selection/-/toggle-selection-1.0.6.tgz 179ms (cache miss)
643 http fetch GET 200 https://registry.npmjs.org/rc-rate/-/rc-rate-2.13.1.tgz 189ms (cache miss)
644 http fetch GET 200 https://registry.npmjs.org/rc-progress/-/rc-progress-4.0.0.tgz 333ms (cache miss)
645 http fetch GET 200 https://registry.npmjs.org/resize-observer-polyfill/-/resize-observer-polyfill-1.5.1.tgz 345ms (cache miss)
646 http fetch POST 200 https://registry.npmjs.org/-/npm/v1/security/advisories/bulk 357ms
647 silly audit report {
647 silly audit report   axios: [
647 silly audit report     {
647 silly audit report       id: 1111034,
647 silly audit report       url: 'https://github.com/advisories/GHSA-jr5f-v2jv-69x6',
647 silly audit report       title: 'axios Requests Vulnerable To Possible SSRF and Credential Leakage via Absolute URL',
647 silly audit report       severity: 'high',
647 silly audit report       vulnerable_versions: '<0.30.0',
647 silly audit report       cwe: [Array],
647 silly audit report       cvss: [Object]
647 silly audit report     },
647 silly audit report     {
647 silly audit report       id: 1108262,
647 silly audit report       url: 'https://github.com/advisories/GHSA-4hjh-wcwx-xvwj',
647 silly audit report       title: 'Axios is vulnerable to DoS attack through lack of data size check',
647 silly audit report       severity: 'high',
647 silly audit report       vulnerable_versions: '<0.30.2',
647 silly audit report       cwe: [Array],
647 silly audit report       cvss: [Object]
647 silly audit report     },
647 silly audit report     {
647 silly audit report       id: 1097679,
647 silly audit report       url: 'https://github.com/advisories/GHSA-wf5p-g6vw-rhxx',
647 silly audit report       title: 'Axios Cross-Site Request Forgery Vulnerability',
647 silly audit report       severity: 'moderate',
647 silly audit report       vulnerable_versions: '>=0.8.1 <0.28.0',
647 silly audit report       cwe: [Array],
647 silly audit report       cvss: [Object]
647 silly audit report     }
647 silly audit report   ]
647 silly audit report }
648 silly packumentCache corgi:https://registry.npmjs.org/axios cache-miss
649 http fetch GET 200 https://registry.npmjs.org/rc-mentions/-/rc-mentions-2.20.0.tgz 339ms (cache miss)
650 http fetch GET 200 https://registry.npmjs.org/throttle-debounce/-/throttle-debounce-5.0.2.tgz 385ms (cache miss)
651 http fetch GET 200 https://registry.npmjs.org/rc-segmented/-/rc-segmented-2.7.0.tgz 398ms (cache miss)
652 http fetch GET 200 https://registry.npmjs.org/rc-switch/-/rc-switch-4.1.0.tgz 405ms (cache miss)
653 http fetch GET 200 https://registry.npmjs.org/rc-dialog/-/rc-dialog-9.6.0.tgz 400ms (cache miss)
654 http fetch GET 200 https://registry.npmjs.org/rc-checkbox/-/rc-checkbox-3.5.0.tgz 399ms (cache miss)
655 http fetch GET 200 https://registry.npmjs.org/rc-dropdown/-/rc-dropdown-4.2.1.tgz 404ms (cache miss)
656 http fetch GET 200 https://registry.npmjs.org/scroll-into-view-if-needed/-/scroll-into-view-if-needed-3.1.0.tgz 417ms (cache miss)
657 http fetch GET 200 https://registry.npmjs.org/rc-drawer/-/rc-drawer-7.3.0.tgz 411ms (cache miss)
658 http fetch GET 200 https://registry.npmjs.org/rc-resize-observer/-/rc-resize-observer-1.4.3.tgz 420ms (cache miss)
659 http fetch GET 200 https://registry.npmjs.org/rc-tooltip/-/rc-tooltip-6.4.0.tgz 427ms (cache miss)
660 http fetch GET 200 https://registry.npmjs.org/classnames/-/classnames-2.5.1.tgz 413ms (cache miss)
661 http fetch GET 200 https://registry.npmjs.org/@emotion/unitless/-/unitless-0.7.5.tgz 418ms (cache miss)
662 http fetch GET 200 https://registry.npmjs.org/@emotion/hash/-/hash-0.8.0.tgz 420ms (cache miss)
663 http fetch GET 200 https://registry.npmjs.org/react-is/-/react-is-18.3.1.tgz 422ms (cache miss)
664 http fetch GET 200 https://registry.npmjs.org/copy-to-clipboard/-/copy-to-clipboard-3.3.3.tgz 424ms (cache miss)
665 http fetch GET 200 https://registry.npmjs.org/@rc-component/mutate-observer/-/mutate-observer-1.1.0.tgz 432ms (cache miss)
666 http fetch GET 200 https://registry.npmjs.org/rc-upload/-/rc-upload-4.11.0.tgz 447ms (cache miss)
667 http fetch GET 200 https://registry.npmjs.org/@rc-component/portal/-/portal-1.1.2.tgz 448ms (cache miss)
668 http fetch GET 200 https://registry.npmjs.org/@ant-design/colors/-/colors-7.2.1.tgz 438ms (cache miss)
669 http fetch GET 200 https://registry.npmjs.org/@ant-design/fast-color/-/fast-color-2.0.6.tgz 439ms (cache miss)
670 http fetch GET 200 https://registry.npmjs.org/stylis/-/stylis-4.3.6.tgz 439ms (cache miss)
671 http fetch GET 200 https://registry.npmjs.org/rc-collapse/-/rc-collapse-3.9.0.tgz 442ms (cache miss)
672 http fetch GET 200 https://registry.npmjs.org/rc-input/-/rc-input-1.8.0.tgz 446ms (cache miss)
673 http fetch GET 200 https://registry.npmjs.org/rc-input-number/-/rc-input-number-9.5.0.tgz 451ms (cache miss)
674 http fetch GET 200 https://registry.npmjs.org/rc-notification/-/rc-notification-5.6.4.tgz 462ms (cache miss)
675 http fetch GET 200 https://registry.npmjs.org/rc-motion/-/rc-motion-2.9.5.tgz 475ms (cache miss)
676 http fetch GET 200 https://registry.npmjs.org/@rc-component/tour/-/tour-1.15.1.tgz 477ms (cache miss)
677 http fetch GET 200 https://registry.npmjs.org/axios 147ms (cache miss)
678 silly packumentCache corgi:https://registry.npmjs.org/axios set size:undefined disposed:false
679 http fetch GET 200 https://registry.npmjs.org/rc-virtual-list/-/rc-virtual-list-3.19.2.tgz 505ms (cache miss)
680 http fetch GET 200 https://registry.npmjs.org/@rc-component/qrcode/-/qrcode-1.1.1.tgz 492ms (cache miss)
681 http fetch GET 200 https://registry.npmjs.org/rc-slider/-/rc-slider-11.1.9.tgz 506ms (cache miss)
682 http fetch GET 200 https://registry.npmjs.org/rc-tree/-/rc-tree-5.13.1.tgz 511ms (cache miss)
683 http fetch GET 200 https://registry.npmjs.org/rc-tabs/-/rc-tabs-15.7.0.tgz 513ms (cache miss)
684 http fetch GET 200 https://registry.npmjs.org/rc-image/-/rc-image-7.12.0.tgz 504ms (cache miss)
685 http fetch GET 200 https://registry.npmjs.org/rc-tree-select/-/rc-tree-select-5.27.0.tgz 518ms (cache miss)
686 silly packumentCache corgi:https://registry.npmjs.org/@inertiajs%2finertia cache-miss
687 http fetch GET 200 https://registry.npmjs.org/@rc-component/trigger/-/trigger-2.3.0.tgz 509ms (cache miss)
688 http fetch GET 200 https://registry.npmjs.org/@rc-component/color-picker/-/color-picker-2.0.1.tgz 510ms (cache miss)
689 http fetch GET 200 https://registry.npmjs.org/rc-field-form/-/rc-field-form-2.7.1.tgz 514ms (cache miss)
690 http fetch GET 200 https://registry.npmjs.org/@ant-design/react-slick/-/react-slick-1.1.2.tgz 514ms (cache miss)
691 http fetch GET 200 https://registry.npmjs.org/@ant-design/cssinjs-utils/-/cssinjs-utils-1.1.3.tgz 515ms (cache miss)
692 http fetch GET 200 https://registry.npmjs.org/rc-cascader/-/rc-cascader-3.34.0.tgz 525ms (cache miss)
693 http fetch GET 200 https://registry.npmjs.org/@rc-component/async-validator/-/async-validator-5.0.4.tgz 542ms (cache miss)
694 http fetch GET 200 https://registry.npmjs.org/rc-menu/-/rc-menu-9.16.1.tgz 544ms (cache miss)
695 http fetch GET 200 https://registry.npmjs.org/rc-select/-/rc-select-14.16.8.tgz 562ms (cache miss)
696 http fetch GET 200 https://registry.npmjs.org/@ant-design/cssinjs/-/cssinjs-1.24.0.tgz 559ms (cache miss)
697 http fetch GET 200 https://registry.npmjs.org/rc-util/-/rc-util-5.44.4.tgz 570ms (cache miss)
698 http fetch GET 200 https://registry.npmjs.org/rc-table/-/rc-table-7.54.0.tgz 591ms (cache miss)
699 http fetch GET 200 https://registry.npmjs.org/rc-pagination/-/rc-pagination-5.1.0.tgz 595ms (cache miss)
700 http fetch GET 200 https://registry.npmjs.org/@inertiajs%2finertia 121ms (cache miss)
701 silly packumentCache corgi:https://registry.npmjs.org/@inertiajs%2finertia set size:undefined disposed:false
702 silly packumentCache corgi:https://registry.npmjs.org/@inertiajs%2fprogress cache-miss
703 http fetch GET 200 https://registry.npmjs.org/rc-picker/-/rc-picker-4.11.3.tgz 712ms (cache miss)
704 http fetch GET 200 https://registry.npmjs.org/@ant-design/icons/-/icons-5.6.1.tgz 1356ms (cache miss)
705 http fetch GET 200 https://registry.npmjs.org/@ant-design/icons-svg/-/icons-svg-4.4.2.tgz 1371ms (cache miss)
706 http fetch GET 200 https://registry.npmjs.org/antd/-/antd-5.29.1.tgz 1694ms (cache miss)
707 http fetch GET 200 https://registry.npmjs.org/@inertiajs%2fprogress 1626ms (cache miss)
708 silly packumentCache corgi:https://registry.npmjs.org/@inertiajs%2fprogress set size:undefined disposed:false
709 silly ADD node_modules/compute-scroll-into-view
710 silly ADD node_modules/@rc-component/context
711 silly ADD node_modules/rc-virtual-list
712 silly ADD node_modules/rc-overflow
713 silly ADD node_modules/@rc-component/mini-decimal
714 silly ADD node_modules/@rc-component/async-validator
715 silly ADD node_modules/string-convert
716 silly ADD node_modules/toggle-selection
717 silly ADD node_modules/@rc-component/portal
718 silly ADD node_modules/resize-observer-polyfill
719 silly ADD node_modules/json2mq
720 silly ADD node_modules/throttle-debounce
721 silly ADD node_modules/scroll-into-view-if-needed
722 silly ADD node_modules/rc-upload
723 silly ADD node_modules/rc-tree-select
724 silly ADD node_modules/rc-tree
725 silly ADD node_modules/rc-tooltip
726 silly ADD node_modules/rc-textarea
727 silly ADD node_modules/rc-tabs
728 silly ADD node_modules/rc-table
729 silly ADD node_modules/rc-switch
730 silly ADD node_modules/rc-steps
731 silly ADD node_modules/rc-slider
732 silly ADD node_modules/rc-select
733 silly ADD node_modules/rc-segmented
734 silly ADD node_modules/rc-resize-observer
735 silly ADD node_modules/rc-rate
736 silly ADD node_modules/rc-progress
737 silly ADD node_modules/rc-picker
738 silly ADD node_modules/rc-pagination
739 silly ADD node_modules/rc-notification
740 silly ADD node_modules/rc-motion
741 silly ADD node_modules/rc-menu
742 silly ADD node_modules/rc-mentions
743 silly ADD node_modules/rc-input-number
744 silly ADD node_modules/rc-input
745 silly ADD node_modules/rc-image
746 silly ADD node_modules/rc-field-form
747 silly ADD node_modules/rc-dropdown
748 silly ADD node_modules/rc-drawer
749 silly ADD node_modules/rc-dialog
750 silly ADD node_modules/rc-collapse
751 silly ADD node_modules/rc-checkbox
752 silly ADD node_modules/rc-cascader
753 silly ADD node_modules/copy-to-clipboard
754 silly ADD node_modules/@rc-component/trigger
755 silly ADD node_modules/@rc-component/tour
756 silly ADD node_modules/@rc-component/qrcode
757 silly ADD node_modules/@rc-component/mutate-observer
758 silly ADD node_modules/@rc-component/color-picker
759 silly ADD node_modules/@ant-design/react-slick
760 silly ADD node_modules/@ant-design/cssinjs-utils
761 silly ADD node_modules/@ant-design/cssinjs
762 silly ADD node_modules/@ant-design/cssinjs/node_modules/stylis
763 silly ADD node_modules/@ant-design/cssinjs/node_modules/@emotion/unitless
764 silly ADD node_modules/@ant-design/cssinjs/node_modules/@emotion/hash
765 silly ADD node_modules/@ant-design/fast-color
766 silly ADD node_modules/rc-util
767 silly ADD node_modules/rc-util/node_modules/react-is
768 silly ADD node_modules/classnames
769 silly ADD node_modules/@ant-design/icons-svg
770 silly ADD node_modules/@ant-design/colors
771 silly ADD node_modules/antd
772 silly ADD node_modules/@ant-design/icons
773 silly REMOVE node_modules/@mantine/notifications
774 silly REMOVE node_modules/@mantine/store
775 silly REMOVE node_modules/@mantine/hooks
776 silly REMOVE node_modules/@mantine/form
777 silly REMOVE node_modules/@mantine/core
778 silly REMOVE node_modules/@mantine/dates
779 silly REMOVE node_modules/@floating-ui/utils
780 silly REMOVE node_modules/@floating-ui/dom
781 silly REMOVE node_modules/@floating-ui/react
782 silly REMOVE node_modules/@floating-ui/react-dom
783 silly REMOVE node_modules/@floating-ui/core
784 silly REMOVE node_modules/use-sidecar
785 silly REMOVE node_modules/use-latest
786 silly REMOVE node_modules/use-isomorphic-layout-effect
787 silly REMOVE node_modules/type-fest
788 silly REMOVE node_modules/use-composed-ref
789 silly REMOVE node_modules/use-callback-ref
790 silly REMOVE node_modules/tslib
791 silly REMOVE node_modules/tabbable
792 silly REMOVE node_modules/react-transition-group
793 silly REMOVE node_modules/react-textarea-autosize
794 silly REMOVE node_modules/react-style-singleton
795 silly REMOVE node_modules/react-number-format
796 silly REMOVE node_modules/react-remove-scroll
797 silly REMOVE node_modules/react-remove-scroll-bar
798 silly REMOVE node_modules/prop-types
799 silly REMOVE node_modules/object-assign
800 silly REMOVE node_modules/klona
801 silly REMOVE node_modules/get-nonce
802 silly REMOVE node_modules/fast-deep-equal
803 silly REMOVE node_modules/dom-helpers
804 silly REMOVE node_modules/detect-node-es
805 silly REMOVE node_modules/clsx
806 verbose cwd /Users/beniam/Documents/CODE/LOMI/MEDIC/medic/assets
807 verbose os Darwin 24.6.0
808 verbose node v24.10.0
809 verbose npm  v11.6.0
810 verbose exit 0
811 info ok
