0 verbose cli /opt/homebrew/Cellar/node/24.10.0/bin/node /opt/homebrew/bin/npm
1 info using npm@11.6.0
2 info using node@v24.10.0
3 silly config load:file:/opt/homebrew/lib/node_modules/npm/npmrc
4 silly config load:file:/Users/beniam/Documents/CODE/LOMI/MEDIC/medic/assets/.npmrc
5 silly config load:file:/Users/beniam/.npmrc
6 silly config load:file:/opt/homebrew/etc/npmrc
7 verbose title npm install @ant-design/plots
8 verbose argv "install" "@ant-design/plots" "--cache" ".npm-cache"
9 verbose logfile logs-max:10 dir:/Users/beniam/Documents/CODE/LOMI/MEDIC/medic/assets/.npm-cache/_logs/2025-12-15T21_08_05_857Z-
10 verbose logfile /Users/beniam/Documents/CODE/LOMI/MEDIC/medic/assets/.npm-cache/_logs/2025-12-15T21_08_05_857Z-debug-0.log
11 silly logfile done cleaning log files
12 silly packumentCache heap:4496293888 maxSize:1124073472 maxEntrySize:562036736
13 silly idealTree buildDeps
14 silly fetch manifest @ant-design/plots@*
15 silly packumentCache full:https://registry.npmjs.org/@ant-design%2fplots cache-miss
16 http fetch GET 200 https://registry.npmjs.org/npm 164ms
17 http fetch GET 200 https://registry.npmjs.org/@ant-design%2fplots 744ms (cache miss)
18 silly packumentCache full:https://registry.npmjs.org/@ant-design%2fplots set size:undefined disposed:false
19 silly fetch manifest react@^18.3.1
20 silly packumentCache full:https://registry.npmjs.org/react cache-miss
21 http fetch GET 200 https://registry.npmjs.org/react 101ms (cache miss)
22 silly packumentCache full:https://registry.npmjs.org/react set size:undefined disposed:false
23 silly fetch manifest react-dom@^18.3.1
24 silly packumentCache full:https://registry.npmjs.org/react-dom cache-miss
25 http fetch GET 200 https://registry.npmjs.org/react-dom 136ms (cache miss)
26 silly packumentCache full:https://registry.npmjs.org/react-dom set size:undefined disposed:false
27 silly placeDep ROOT @ant-design/plots@2.6.6 OK for: medic_assets@1.0.0 want: *
28 silly fetch manifest @antv/event-emitter@^0.1.3
29 silly packumentCache full:https://registry.npmjs.org/@antv%2fevent-emitter cache-miss
30 silly fetch manifest @antv/g@^6.1.7
31 silly packumentCache full:https://registry.npmjs.org/@antv%2fg cache-miss
32 silly fetch manifest @antv/g2@^5.2.7
33 silly packumentCache full:https://registry.npmjs.org/@antv%2fg2 cache-miss
34 silly fetch manifest @antv/g2-extension-plot@^0.2.1
35 silly packumentCache full:https://registry.npmjs.org/@antv%2fg2-extension-plot cache-miss
36 silly fetch manifest @ant-design/charts-util@0.0.2
37 silly packumentCache full:https://registry.npmjs.org/@ant-design%2fcharts-util cache-miss
38 http fetch GET 200 https://registry.npmjs.org/@antv%2fevent-emitter 78ms (cache miss)
39 silly packumentCache full:https://registry.npmjs.org/@antv%2fevent-emitter set size:undefined disposed:false
40 http fetch GET 200 https://registry.npmjs.org/@ant-design%2fcharts-util 135ms (cache miss)
41 silly packumentCache full:https://registry.npmjs.org/@ant-design%2fcharts-util set size:undefined disposed:false
42 http fetch GET 200 https://registry.npmjs.org/@antv%2fg2-extension-plot 136ms (cache miss)
43 silly packumentCache full:https://registry.npmjs.org/@antv%2fg2-extension-plot set size:undefined disposed:false
44 http fetch GET 200 https://registry.npmjs.org/@antv%2fg 137ms (cache miss)
45 silly packumentCache full:https://registry.npmjs.org/@antv%2fg set size:undefined disposed:false
46 http fetch GET 200 https://registry.npmjs.org/@antv%2fg2 879ms (cache miss)
47 silly packumentCache full:https://registry.npmjs.org/@antv%2fg2 set size:undefined disposed:false
48 silly fetch manifest react@>=16.8.4
49 silly packumentCache full:https://registry.npmjs.org/react cache-miss
50 http cache https://registry.npmjs.org/react 8ms (cache hit)
51 silly packumentCache full:https://registry.npmjs.org/react set size:6350760 disposed:false
52 silly fetch manifest react-dom@>=16.8.4
53 silly packumentCache full:https://registry.npmjs.org/react-dom cache-miss
54 http cache https://registry.npmjs.org/react-dom 13ms (cache hit)
55 silly packumentCache full:https://registry.npmjs.org/react-dom set size:8354993 disposed:false
56 silly placeDep ROOT @ant-design/charts-util@0.0.2 OK for: @ant-design/plots@2.6.6 want: 0.0.2
57 silly placeDep ROOT @antv/event-emitter@0.1.3 OK for: @ant-design/plots@2.6.6 want: ^0.1.3
58 silly placeDep ROOT @antv/g@6.2.1 OK for: @ant-design/plots@2.6.6 want: ^6.1.7
59 silly placeDep ROOT @antv/g2@5.4.7 OK for: @ant-design/plots@2.6.6 want: ^5.2.7
60 silly placeDep ROOT @antv/g2-extension-plot@0.2.2 OK for: @ant-design/plots@2.6.6 want: ^0.2.1
61 silly fetch manifest @antv/g-lite@2.5.1
62 silly packumentCache full:https://registry.npmjs.org/@antv%2fg-lite cache-miss
63 silly fetch manifest @antv/g-camera-api@2.0.45
64 silly packumentCache full:https://registry.npmjs.org/@antv%2fg-camera-api cache-miss
65 silly fetch manifest @antv/g-web-animations-api@2.1.32
66 silly packumentCache full:https://registry.npmjs.org/@antv%2fg-web-animations-api cache-miss
67 silly fetch manifest @antv/g-dom-mutation-observer-api@2.0.42
68 silly packumentCache full:https://registry.npmjs.org/@antv%2fg-dom-mutation-observer-api cache-miss
69 silly fetch manifest flru@^1.0.2
70 silly packumentCache full:https://registry.npmjs.org/flru cache-miss
71 silly fetch manifest pdfast@^0.2.0
72 silly packumentCache full:https://registry.npmjs.org/pdfast cache-miss
73 silly fetch manifest @antv/expr@^1.0.2
74 silly packumentCache full:https://registry.npmjs.org/@antv%2fexpr cache-miss
75 silly fetch manifest @antv/util@^3.3.10
76 silly packumentCache full:https://registry.npmjs.org/@antv%2futil cache-miss
77 silly fetch manifest @antv/coord@^0.4.7
78 silly packumentCache full:https://registry.npmjs.org/@antv%2fcoord cache-miss
79 http fetch GET 200 https://registry.npmjs.org/flru 38ms (cache miss)
80 silly packumentCache full:https://registry.npmjs.org/flru set size:undefined disposed:false
81 silly fetch manifest @antv/scale@^0.5.1
82 silly packumentCache full:https://registry.npmjs.org/@antv%2fscale cache-miss
83 http fetch GET 200 https://registry.npmjs.org/@antv%2fg-lite 87ms (cache miss)
84 silly packumentCache full:https://registry.npmjs.org/@antv%2fg-lite set size:undefined disposed:false
85 silly fetch manifest @antv/vendor@^1.0.11
86 silly packumentCache full:https://registry.npmjs.org/@antv%2fvendor cache-miss
87 http fetch GET 200 https://registry.npmjs.org/pdfast 93ms (cache miss)
88 silly packumentCache full:https://registry.npmjs.org/pdfast set size:undefined disposed:false
89 silly fetch manifest @antv/g-canvas@^2.0.43
90 silly packumentCache full:https://registry.npmjs.org/@antv%2fg-canvas cache-miss
91 http fetch GET 200 https://registry.npmjs.org/@antv%2fg-camera-api 112ms (cache miss)
92 silly packumentCache full:https://registry.npmjs.org/@antv%2fg-camera-api set size:undefined disposed:false
93 silly fetch manifest @antv/component@^2.1.9
94 silly packumentCache full:https://registry.npmjs.org/@antv%2fcomponent cache-miss
95 http fetch GET 200 https://registry.npmjs.org/@antv%2fg-web-animations-api 116ms (cache miss)
96 silly packumentCache full:https://registry.npmjs.org/@antv%2fg-web-animations-api set size:undefined disposed:false
97 silly fetch manifest @antv/g-plugin-dragndrop@^2.0.35
98 silly packumentCache full:https://registry.npmjs.org/@antv%2fg-plugin-dragndrop cache-miss
99 http fetch GET 200 https://registry.npmjs.org/@antv%2fscale 96ms (cache miss)
100 silly packumentCache full:https://registry.npmjs.org/@antv%2fscale set size:undefined disposed:false
101 silly fetch manifest @antv/util@^3.3.5
102 silly packumentCache full:https://registry.npmjs.org/@antv%2futil cache-miss
103 http fetch GET 200 https://registry.npmjs.org/@antv%2fexpr 141ms (cache miss)
104 silly packumentCache full:https://registry.npmjs.org/@antv%2fexpr set size:undefined disposed:false
105 silly fetch manifest @antv/vendor@^1.0.10
106 silly packumentCache full:https://registry.npmjs.org/@antv%2fvendor cache-miss
107 http fetch GET 200 https://registry.npmjs.org/@antv%2futil 142ms (cache miss)
108 silly packumentCache full:https://registry.npmjs.org/@antv%2futil set size:undefined disposed:false
109 http fetch GET 200 https://registry.npmjs.org/@antv%2fcoord 145ms (cache miss)
110 silly packumentCache full:https://registry.npmjs.org/@antv%2fcoord set size:undefined disposed:false
111 http fetch GET 200 https://registry.npmjs.org/@antv%2futil 45ms (cache miss)
112 silly packumentCache full:https://registry.npmjs.org/@antv%2futil set size:undefined disposed:false
113 http fetch GET 200 https://registry.npmjs.org/@antv%2fvendor 98ms (cache miss)
114 silly packumentCache full:https://registry.npmjs.org/@antv%2fvendor set size:undefined disposed:false
115 http fetch GET 200 https://registry.npmjs.org/@antv%2fg-dom-mutation-observer-api 190ms (cache miss)
116 silly packumentCache full:https://registry.npmjs.org/@antv%2fg-dom-mutation-observer-api set size:undefined disposed:false
117 http fetch GET 200 https://registry.npmjs.org/@antv%2fvendor 51ms (cache miss)
118 silly packumentCache full:https://registry.npmjs.org/@antv%2fvendor set size:undefined disposed:false
119 http fetch GET 200 https://registry.npmjs.org/@antv%2fg-plugin-dragndrop 89ms (cache miss)
120 silly packumentCache full:https://registry.npmjs.org/@antv%2fg-plugin-dragndrop set size:undefined disposed:false
121 http fetch GET 200 https://registry.npmjs.org/@antv%2fg-canvas 116ms (cache miss)
122 silly packumentCache full:https://registry.npmjs.org/@antv%2fg-canvas set size:undefined disposed:false
123 http fetch GET 200 https://registry.npmjs.org/@antv%2fcomponent 112ms (cache miss)
124 silly packumentCache full:https://registry.npmjs.org/@antv%2fcomponent set size:undefined disposed:false
125 silly placeDep ROOT @antv/g-camera-api@2.0.45 OK for: @antv/g@6.2.1 want: 2.0.45
126 silly placeDep ROOT @antv/g-dom-mutation-observer-api@2.0.42 OK for: @antv/g@6.2.1 want: 2.0.42
127 silly placeDep ROOT @antv/g-lite@2.5.1 OK for: @antv/g@6.2.1 want: 2.5.1
128 silly placeDep ROOT @antv/g-web-animations-api@2.1.32 OK for: @antv/g@6.2.1 want: 2.1.32
129 silly fetch manifest @antv/g-math@3.0.1
130 silly packumentCache full:https://registry.npmjs.org/@antv%2fg-math cache-miss
131 silly fetch manifest @antv/vendor@^1.0.3
132 silly packumentCache full:https://registry.npmjs.org/@antv%2fvendor cache-miss
133 silly fetch manifest eventemitter3@^5.0.1
134 silly packumentCache full:https://registry.npmjs.org/eventemitter3 cache-miss
135 http cache https://registry.npmjs.org/@antv%2fvendor 2ms (cache hit)
136 silly packumentCache full:https://registry.npmjs.org/@antv%2fvendor set size:80133 disposed:false
137 http fetch GET 200 https://registry.npmjs.org/eventemitter3 33ms (cache miss)
138 silly packumentCache full:https://registry.npmjs.org/eventemitter3 set size:undefined disposed:false
139 http fetch GET 200 https://registry.npmjs.org/@antv%2fg-math 118ms (cache miss)
140 silly packumentCache full:https://registry.npmjs.org/@antv%2fg-math set size:undefined disposed:false
141 silly placeDep ROOT @antv/util@3.3.11 OK for: @antv/g-camera-api@2.0.45 want: ^3.3.5
142 silly fetch manifest fast-deep-equal@^3.1.3
143 silly packumentCache full:https://registry.npmjs.org/fast-deep-equal cache-miss
144 http fetch GET 200 https://registry.npmjs.org/fast-deep-equal 35ms (cache miss)
145 silly packumentCache full:https://registry.npmjs.org/fast-deep-equal set size:undefined disposed:false
146 silly placeDep ROOT @antv/g-math@3.0.1 OK for: @antv/g-lite@2.5.1 want: 3.0.1
147 silly placeDep ROOT @antv/vendor@1.0.11 OK for: @antv/g-lite@2.5.1 want: ^1.0.3
148 silly placeDep ROOT eventemitter3@5.0.1 OK for: @antv/g-lite@2.5.1 want: ^5.0.1
149 silly fetch manifest d3-dsv@^3.0.1
150 silly packumentCache full:https://registry.npmjs.org/d3-dsv cache-miss
151 silly fetch manifest d3-geo@^3.1.1
152 silly packumentCache full:https://registry.npmjs.org/d3-geo cache-miss
153 silly fetch manifest d3-ease@^3.0.1
154 silly packumentCache full:https://registry.npmjs.org/d3-ease cache-miss
155 silly fetch manifest d3-path@^3.1.0
156 silly packumentCache full:https://registry.npmjs.org/d3-path cache-miss
157 silly fetch manifest d3-time@^3.1.0
158 silly packumentCache full:https://registry.npmjs.org/d3-time cache-miss
159 silly fetch manifest d3-array@^3.2.4
160 silly packumentCache full:https://registry.npmjs.org/d3-array cache-miss
161 silly fetch manifest d3-color@^3.1.0
162 silly packumentCache full:https://registry.npmjs.org/d3-color cache-miss
163 silly fetch manifest d3-fetch@^3.0.1
164 silly packumentCache full:https://registry.npmjs.org/d3-fetch cache-miss
165 silly fetch manifest d3-force@^3.0.0
166 silly packumentCache full:https://registry.npmjs.org/d3-force cache-miss
167 http fetch GET 200 https://registry.npmjs.org/d3-array 32ms (cache miss)
168 silly packumentCache full:https://registry.npmjs.org/d3-array set size:undefined disposed:false
169 silly fetch manifest d3-scale@^4.0.2
170 silly packumentCache full:https://registry.npmjs.org/d3-scale cache-miss
171 http fetch GET 200 https://registry.npmjs.org/d3-color 36ms (cache miss)
172 silly packumentCache full:https://registry.npmjs.org/d3-color set size:undefined disposed:false
173 silly fetch manifest d3-shape@^3.2.0
174 silly packumentCache full:https://registry.npmjs.org/d3-shape cache-miss
175 http fetch GET 200 https://registry.npmjs.org/d3-path 38ms (cache miss)
176 silly packumentCache full:https://registry.npmjs.org/d3-path set size:undefined disposed:false
177 silly fetch manifest d3-timer@^3.0.1
178 silly packumentCache full:https://registry.npmjs.org/d3-timer cache-miss
179 http fetch GET 200 https://registry.npmjs.org/d3-time 40ms (cache miss)
180 silly packumentCache full:https://registry.npmjs.org/d3-time set size:undefined disposed:false
181 silly fetch manifest d3-format@^3.1.0
182 silly packumentCache full:https://registry.npmjs.org/d3-format cache-miss
183 http fetch GET 200 https://registry.npmjs.org/d3-geo 48ms (cache miss)
184 silly packumentCache full:https://registry.npmjs.org/d3-geo set size:undefined disposed:false
185 silly fetch manifest d3-random@^3.0.1
186 silly packumentCache full:https://registry.npmjs.org/d3-random cache-miss
187 http fetch GET 200 https://registry.npmjs.org/d3-fetch 64ms (cache miss)
188 silly packumentCache full:https://registry.npmjs.org/d3-fetch set size:undefined disposed:false
189 silly fetch manifest d3-dispatch@^3.0.1
190 silly packumentCache full:https://registry.npmjs.org/d3-dispatch cache-miss
191 http fetch GET 200 https://registry.npmjs.org/d3-force 66ms (cache miss)
192 silly packumentCache full:https://registry.npmjs.org/d3-force set size:undefined disposed:false
193 silly fetch manifest d3-force-3d@^3.0.5
194 silly packumentCache full:https://registry.npmjs.org/d3-force-3d cache-miss
195 http fetch GET 200 https://registry.npmjs.org/d3-scale 36ms (cache miss)
196 silly packumentCache full:https://registry.npmjs.org/d3-scale set size:undefined disposed:false
197 silly fetch manifest d3-quadtree@^3.0.1
198 silly packumentCache full:https://registry.npmjs.org/d3-quadtree cache-miss
199 http fetch GET 200 https://registry.npmjs.org/d3-timer 32ms (cache miss)
200 silly packumentCache full:https://registry.npmjs.org/d3-timer set size:undefined disposed:false
201 silly fetch manifest d3-hierarchy@^3.1.2
202 silly packumentCache full:https://registry.npmjs.org/d3-hierarchy cache-miss
203 http fetch GET 200 https://registry.npmjs.org/d3-dsv 76ms (cache miss)
204 silly packumentCache full:https://registry.npmjs.org/d3-dsv set size:undefined disposed:false
205 silly fetch manifest @types/d3-dsv@^3.0.7
206 silly packumentCache full:https://registry.npmjs.org/@types%2fd3-dsv cache-miss
207 http fetch GET 200 https://registry.npmjs.org/d3-shape 41ms (cache miss)
208 silly packumentCache full:https://registry.npmjs.org/d3-shape set size:undefined disposed:false
209 silly fetch manifest @types/d3-geo@^3.1.0
210 silly packumentCache full:https://registry.npmjs.org/@types%2fd3-geo cache-miss
211 http fetch GET 200 https://registry.npmjs.org/d3-random 35ms (cache miss)
212 silly packumentCache full:https://registry.npmjs.org/d3-random set size:undefined disposed:false
213 silly fetch manifest d3-regression@^1.3.10
214 silly packumentCache full:https://registry.npmjs.org/d3-regression cache-miss
215 http fetch GET 200 https://registry.npmjs.org/d3-format 47ms (cache miss)
216 silly packumentCache full:https://registry.npmjs.org/d3-format set size:undefined disposed:false
217 silly fetch manifest @types/d3-ease@^3.0.2
218 silly packumentCache full:https://registry.npmjs.org/@types%2fd3-ease cache-miss
219 http fetch GET 200 https://registry.npmjs.org/d3-dispatch 30ms (cache miss)
220 silly packumentCache full:https://registry.npmjs.org/d3-dispatch set size:undefined disposed:false
221 silly fetch manifest @types/d3-path@^3.1.0
222 silly packumentCache full:https://registry.npmjs.org/@types%2fd3-path cache-miss
223 http fetch GET 200 https://registry.npmjs.org/d3-ease 96ms (cache miss)
224 silly packumentCache full:https://registry.npmjs.org/d3-ease set size:undefined disposed:false
225 silly fetch manifest @types/d3-time@^3.0.4
226 silly packumentCache full:https://registry.npmjs.org/@types%2fd3-time cache-miss
227 http fetch GET 200 https://registry.npmjs.org/d3-force-3d 31ms (cache miss)
228 silly packumentCache full:https://registry.npmjs.org/d3-force-3d set size:undefined disposed:false
229 silly fetch manifest d3-interpolate@^3.0.1
230 silly packumentCache full:https://registry.npmjs.org/d3-interpolate cache-miss
231 http fetch GET 200 https://registry.npmjs.org/@types%2fd3-geo 43ms (cache miss)
232 silly packumentCache full:https://registry.npmjs.org/@types%2fd3-geo set size:undefined disposed:false
233 silly fetch manifest @types/d3-array@^3.2.1
234 silly packumentCache full:https://registry.npmjs.org/@types%2fd3-array cache-miss
235 http fetch GET 200 https://registry.npmjs.org/d3-regression 39ms (cache miss)
236 silly packumentCache full:https://registry.npmjs.org/d3-regression set size:undefined disposed:false
237 silly fetch manifest @types/d3-color@^3.1.3
238 silly packumentCache full:https://registry.npmjs.org/@types%2fd3-color cache-miss
239 http fetch GET 200 https://registry.npmjs.org/@types%2fd3-dsv 58ms (cache miss)
240 silly packumentCache full:https://registry.npmjs.org/@types%2fd3-dsv set size:undefined disposed:false
241 silly fetch manifest @types/d3-fetch@^3.0.7
242 silly packumentCache full:https://registry.npmjs.org/@types%2fd3-fetch cache-miss
243 http fetch GET 200 https://registry.npmjs.org/d3-quadtree 67ms (cache miss)
244 silly packumentCache full:https://registry.npmjs.org/d3-quadtree set size:undefined disposed:false
245 silly fetch manifest @types/d3-force@^3.0.10
246 silly packumentCache full:https://registry.npmjs.org/@types%2fd3-force cache-miss
247 http fetch GET 200 https://registry.npmjs.org/@types%2fd3-path 46ms (cache miss)
248 silly packumentCache full:https://registry.npmjs.org/@types%2fd3-path set size:undefined disposed:false
249 silly fetch manifest @types/d3-scale@^4.0.9
250 silly packumentCache full:https://registry.npmjs.org/@types%2fd3-scale cache-miss
251 http fetch GET 200 https://registry.npmjs.org/@types%2fd3-ease 62ms (cache miss)
252 silly packumentCache full:https://registry.npmjs.org/@types%2fd3-ease set size:undefined disposed:false
253 silly fetch manifest @types/d3-shape@^3.1.7
254 silly packumentCache full:https://registry.npmjs.org/@types%2fd3-shape cache-miss
255 http fetch GET 200 https://registry.npmjs.org/@types%2fd3-force 34ms (cache miss)
256 silly packumentCache full:https://registry.npmjs.org/@types%2fd3-force set size:undefined disposed:false
257 silly fetch manifest @types/d3-timer@^3.0.2
258 silly packumentCache full:https://registry.npmjs.org/@types%2fd3-timer cache-miss
259 http fetch GET 200 https://registry.npmjs.org/@types%2fd3-time 75ms (cache miss)
260 silly packumentCache full:https://registry.npmjs.org/@types%2fd3-time set size:undefined disposed:false
261 silly fetch manifest @types/d3-format@^3.0.4
262 silly packumentCache full:https://registry.npmjs.org/@types%2fd3-format cache-miss
263 http fetch GET 200 https://registry.npmjs.org/@types%2fd3-fetch 41ms (cache miss)
264 silly packumentCache full:https://registry.npmjs.org/@types%2fd3-fetch set size:undefined disposed:false
265 silly fetch manifest @types/d3-random@^3.0.3
266 silly packumentCache full:https://registry.npmjs.org/@types%2fd3-random cache-miss
267 http fetch GET 200 https://registry.npmjs.org/d3-hierarchy 105ms (cache miss)
268 silly packumentCache full:https://registry.npmjs.org/d3-hierarchy set size:undefined disposed:false
269 silly fetch manifest d3-geo-projection@^4.0.0
270 silly packumentCache full:https://registry.npmjs.org/d3-geo-projection cache-miss
271 http fetch GET 200 https://registry.npmjs.org/@types%2fd3-color 55ms (cache miss)
272 silly packumentCache full:https://registry.npmjs.org/@types%2fd3-color set size:undefined disposed:false
273 silly fetch manifest @types/d3-dispatch@^3.0.6
274 silly packumentCache full:https://registry.npmjs.org/@types%2fd3-dispatch cache-miss
275 http fetch GET 200 https://registry.npmjs.org/@types%2fd3-scale 45ms (cache miss)
276 silly packumentCache full:https://registry.npmjs.org/@types%2fd3-scale set size:undefined disposed:false
277 silly fetch manifest @types/d3-quadtree@^3.0.6
278 silly packumentCache full:https://registry.npmjs.org/@types%2fd3-quadtree cache-miss
279 http fetch GET 200 https://registry.npmjs.org/d3-interpolate 107ms (cache miss)
280 silly packumentCache full:https://registry.npmjs.org/d3-interpolate set size:undefined disposed:false
281 silly fetch manifest d3-scale-chromatic@^3.1.0
282 silly packumentCache full:https://registry.npmjs.org/d3-scale-chromatic cache-miss
283 http fetch GET 200 https://registry.npmjs.org/@types%2fd3-shape 59ms (cache miss)
284 silly packumentCache full:https://registry.npmjs.org/@types%2fd3-shape set size:undefined disposed:false
285 silly fetch manifest @types/d3-hierarchy@^3.1.7
286 silly packumentCache full:https://registry.npmjs.org/@types%2fd3-hierarchy cache-miss
287 http fetch GET 200 https://registry.npmjs.org/@types%2fd3-format 39ms (cache miss)
288 silly packumentCache full:https://registry.npmjs.org/@types%2fd3-format set size:undefined disposed:false
289 silly fetch manifest @types/d3-interpolate@^3.0.4
290 silly packumentCache full:https://registry.npmjs.org/@types%2fd3-interpolate cache-miss
291 http fetch GET 200 https://registry.npmjs.org/@types%2fd3-dispatch 42ms (cache miss)
292 silly packumentCache full:https://registry.npmjs.org/@types%2fd3-dispatch set size:undefined disposed:false
293 silly fetch manifest @types/d3-scale-chromatic@^3.1.0
294 silly packumentCache full:https://registry.npmjs.org/@types%2fd3-scale-chromatic cache-miss
295 http fetch GET 200 https://registry.npmjs.org/@types%2fd3-timer 48ms (cache miss)
296 silly packumentCache full:https://registry.npmjs.org/@types%2fd3-timer set size:undefined disposed:false
297 http fetch GET 200 https://registry.npmjs.org/d3-geo-projection 51ms (cache miss)
298 silly packumentCache full:https://registry.npmjs.org/d3-geo-projection set size:undefined disposed:false
299 http fetch GET 200 https://registry.npmjs.org/@types%2fd3-array 107ms (cache miss)
300 silly packumentCache full:https://registry.npmjs.org/@types%2fd3-array set size:undefined disposed:false
301 http fetch GET 200 https://registry.npmjs.org/@types%2fd3-quadtree 43ms (cache miss)
302 silly packumentCache full:https://registry.npmjs.org/@types%2fd3-quadtree set size:undefined disposed:false
303 http fetch GET 200 https://registry.npmjs.org/d3-scale-chromatic 30ms (cache miss)
304 silly packumentCache full:https://registry.npmjs.org/d3-scale-chromatic set size:undefined disposed:false
305 http fetch GET 200 https://registry.npmjs.org/@types%2fd3-interpolate 36ms (cache miss)
306 silly packumentCache full:https://registry.npmjs.org/@types%2fd3-interpolate set size:undefined disposed:false
307 http fetch GET 200 https://registry.npmjs.org/@types%2fd3-scale-chromatic 44ms (cache miss)
308 silly packumentCache full:https://registry.npmjs.org/@types%2fd3-scale-chromatic set size:undefined disposed:false
309 http fetch GET 200 https://registry.npmjs.org/@types%2fd3-random 115ms (cache miss)
310 silly packumentCache full:https://registry.npmjs.org/@types%2fd3-random set size:undefined disposed:false
311 http fetch GET 200 https://registry.npmjs.org/@types%2fd3-hierarchy 131ms (cache miss)
312 silly packumentCache full:https://registry.npmjs.org/@types%2fd3-hierarchy set size:undefined disposed:false
313 silly placeDep ROOT @antv/component@2.1.11 OK for: @antv/g2@5.4.7 want: ^2.1.9
314 silly placeDep ROOT @antv/coord@0.4.7 OK for: @antv/g2@5.4.7 want: ^0.4.7
315 silly placeDep ROOT @antv/expr@1.0.2 OK for: @antv/g2@5.4.7 want: ^1.0.2
316 silly placeDep ROOT @antv/g-canvas@2.0.52 OK for: @antv/g2@5.4.7 want: ^2.0.43
317 silly placeDep ROOT @antv/g-plugin-dragndrop@2.0.42 OK for: @antv/g2@5.4.7 want: ^2.0.35
318 silly placeDep ROOT @antv/scale@0.5.2 OK for: @antv/g2@5.4.7 want: ^0.5.1
319 silly placeDep ROOT flru@1.0.2 OK for: @antv/g2@5.4.7 want: ^1.0.2
320 silly placeDep ROOT pdfast@0.2.0 OK for: @antv/g2@5.4.7 want: ^0.2.0
321 silly fetch manifest @antv/scale@^0.4.16
322 silly packumentCache full:https://registry.npmjs.org/@antv%2fscale cache-miss
323 silly fetch manifest svg-path-parser@^1.1.0
324 silly packumentCache full:https://registry.npmjs.org/svg-path-parser cache-miss
325 silly fetch manifest @antv/util@^2.0.13
326 silly packumentCache full:https://registry.npmjs.org/@antv%2futil cache-miss
327 silly fetch manifest @antv/scale@^0.4.12
328 silly packumentCache full:https://registry.npmjs.org/@antv%2fscale cache-miss
329 silly fetch manifest @antv/g-plugin-image-loader@2.3.1
330 silly packumentCache full:https://registry.npmjs.org/@antv%2fg-plugin-image-loader cache-miss
331 silly fetch manifest @antv/g-plugin-canvas-picker@2.3.1
332 silly packumentCache full:https://registry.npmjs.org/@antv%2fg-plugin-canvas-picker cache-miss
333 silly fetch manifest @antv/g-plugin-html-renderer@2.3.1
334 silly packumentCache full:https://registry.npmjs.org/@antv%2fg-plugin-html-renderer cache-miss
335 silly fetch manifest @antv/g-plugin-canvas-renderer@2.5.1
336 silly packumentCache full:https://registry.npmjs.org/@antv%2fg-plugin-canvas-renderer cache-miss
337 silly fetch manifest @antv/g-plugin-dom-interaction@2.1.31
338 silly packumentCache full:https://registry.npmjs.org/@antv%2fg-plugin-dom-interaction cache-miss
339 http cache https://registry.npmjs.org/@antv%2futil 3ms (cache hit)
340 silly packumentCache full:https://registry.npmjs.org/@antv%2futil set size:359142 disposed:false
341 silly fetch manifest @antv/g-plugin-canvas-path-generator@2.1.26
342 silly packumentCache full:https://registry.npmjs.org/@antv%2fg-plugin-canvas-path-generator cache-miss
343 http cache https://registry.npmjs.org/@antv%2fscale 6ms (cache hit)
344 silly packumentCache full:https://registry.npmjs.org/@antv%2fscale set size:417280 disposed:false
345 silly fetch manifest fecha@^4.2.1
346 silly packumentCache full:https://registry.npmjs.org/fecha cache-miss
347 http cache https://registry.npmjs.org/@antv%2fscale 12ms (cache hit)
348 silly packumentCache full:https://registry.npmjs.org/@antv%2fscale set size:417280 disposed:false
349 silly packumentCache full:https://registry.npmjs.org/@antv%2fscale dispose
350 silly fetch manifest color-string@^1.5.5
351 silly packumentCache full:https://registry.npmjs.org/color-string cache-miss
352 http fetch GET 200 https://registry.npmjs.org/svg-path-parser 35ms (cache miss)
353 silly packumentCache full:https://registry.npmjs.org/svg-path-parser set size:undefined disposed:false
354 http fetch GET 200 https://registry.npmjs.org/fecha 31ms (cache miss)
355 silly packumentCache full:https://registry.npmjs.org/fecha set size:undefined disposed:false
356 http fetch GET 200 https://registry.npmjs.org/color-string 64ms (cache miss)
357 silly packumentCache full:https://registry.npmjs.org/color-string set size:undefined disposed:false
358 http fetch GET 200 https://registry.npmjs.org/@antv%2fg-plugin-image-loader 95ms (cache miss)
359 silly packumentCache full:https://registry.npmjs.org/@antv%2fg-plugin-image-loader set size:undefined disposed:false
360 http fetch GET 200 https://registry.npmjs.org/@antv%2fg-plugin-html-renderer 105ms (cache miss)
361 silly packumentCache full:https://registry.npmjs.org/@antv%2fg-plugin-html-renderer set size:undefined disposed:false
362 http fetch GET 200 https://registry.npmjs.org/@antv%2fg-plugin-dom-interaction 112ms (cache miss)
363 silly packumentCache full:https://registry.npmjs.org/@antv%2fg-plugin-dom-interaction set size:undefined disposed:false
364 http fetch GET 200 https://registry.npmjs.org/@antv%2fg-plugin-canvas-picker 115ms (cache miss)
365 silly packumentCache full:https://registry.npmjs.org/@antv%2fg-plugin-canvas-picker set size:undefined disposed:false
366 http fetch GET 200 https://registry.npmjs.org/@antv%2fg-plugin-canvas-path-generator 125ms (cache miss)
367 silly packumentCache full:https://registry.npmjs.org/@antv%2fg-plugin-canvas-path-generator set size:undefined disposed:false
368 http fetch GET 200 https://registry.npmjs.org/@antv%2fg-plugin-canvas-renderer 148ms (cache miss)
369 silly packumentCache full:https://registry.npmjs.org/@antv%2fg-plugin-canvas-renderer set size:undefined disposed:false
370 silly placeDep node_modules/@antv/component @antv/scale@0.4.16 OK for: @antv/component@2.1.11 want: ^0.4.16
371 silly placeDep ROOT svg-path-parser@1.1.0 OK for: @antv/component@2.1.11 want: ^1.1.0
372 silly placeDep node_modules/@antv/coord @antv/scale@0.4.16 OK for: @antv/coord@0.4.7 want: ^0.4.12
373 silly placeDep node_modules/@antv/coord @antv/util@2.0.17 OK for: @antv/coord@0.4.7 want: ^2.0.13
374 silly placeDep ROOT @antv/g-plugin-canvas-path-generator@2.1.26 OK for: @antv/g-canvas@2.0.52 want: 2.1.26
375 silly placeDep ROOT @antv/g-plugin-canvas-picker@2.3.1 OK for: @antv/g-canvas@2.0.52 want: 2.3.1
376 silly placeDep ROOT @antv/g-plugin-canvas-renderer@2.5.1 OK for: @antv/g-canvas@2.0.52 want: 2.5.1
377 silly placeDep ROOT @antv/g-plugin-dom-interaction@2.1.31 OK for: @antv/g-canvas@2.0.52 want: 2.1.31
378 silly placeDep ROOT @antv/g-plugin-html-renderer@2.3.1 OK for: @antv/g-canvas@2.0.52 want: 2.3.1
379 silly placeDep ROOT @antv/g-plugin-image-loader@2.3.1 OK for: @antv/g-canvas@2.0.52 want: 2.3.1
380 silly placeDep ROOT color-string@1.9.1 OK for: @antv/scale@0.5.2 want: ^1.5.5
381 silly placeDep ROOT fecha@4.2.3 OK for: @antv/scale@0.5.2 want: ^4.2.1
382 silly fetch manifest simple-swizzle@^0.2.2
383 silly packumentCache full:https://registry.npmjs.org/simple-swizzle cache-miss
384 http fetch GET 200 https://registry.npmjs.org/simple-swizzle 33ms (cache miss)
385 silly packumentCache full:https://registry.npmjs.org/simple-swizzle set size:undefined disposed:false
386 silly placeDep ROOT fast-deep-equal@3.1.3 OK for: @antv/util@3.3.11 want: ^3.1.3
387 silly placeDep ROOT @types/d3-array@3.2.2 OK for: @antv/vendor@1.0.11 want: ^3.2.1
388 silly placeDep ROOT @types/d3-color@3.1.3 OK for: @antv/vendor@1.0.11 want: ^3.1.3
389 silly placeDep ROOT @types/d3-dispatch@3.0.7 OK for: @antv/vendor@1.0.11 want: ^3.0.6
390 silly placeDep ROOT @types/d3-dsv@3.0.7 OK for: @antv/vendor@1.0.11 want: ^3.0.7
391 silly placeDep ROOT @types/d3-ease@3.0.2 OK for: @antv/vendor@1.0.11 want: ^3.0.2
392 silly placeDep ROOT @types/d3-fetch@3.0.7 OK for: @antv/vendor@1.0.11 want: ^3.0.7
393 silly placeDep ROOT @types/d3-force@3.0.10 OK for: @antv/vendor@1.0.11 want: ^3.0.10
394 silly placeDep ROOT @types/d3-format@3.0.4 OK for: @antv/vendor@1.0.11 want: ^3.0.4
395 silly placeDep ROOT @types/d3-geo@3.1.0 OK for: @antv/vendor@1.0.11 want: ^3.1.0
396 silly placeDep ROOT @types/d3-hierarchy@3.1.7 OK for: @antv/vendor@1.0.11 want: ^3.1.7
397 silly placeDep ROOT @types/d3-interpolate@3.0.4 OK for: @antv/vendor@1.0.11 want: ^3.0.4
398 silly placeDep ROOT @types/d3-path@3.1.1 OK for: @antv/vendor@1.0.11 want: ^3.1.0
399 silly placeDep ROOT @types/d3-quadtree@3.0.6 OK for: @antv/vendor@1.0.11 want: ^3.0.6
400 silly placeDep ROOT @types/d3-random@3.0.3 OK for: @antv/vendor@1.0.11 want: ^3.0.3
401 silly placeDep ROOT @types/d3-scale@4.0.9 OK for: @antv/vendor@1.0.11 want: ^4.0.9
402 silly placeDep ROOT @types/d3-scale-chromatic@3.1.0 OK for: @antv/vendor@1.0.11 want: ^3.1.0
403 silly placeDep ROOT @types/d3-shape@3.1.7 OK for: @antv/vendor@1.0.11 want: ^3.1.7
404 silly placeDep ROOT @types/d3-time@3.0.4 OK for: @antv/vendor@1.0.11 want: ^3.0.4
405 silly placeDep ROOT @types/d3-timer@3.0.2 OK for: @antv/vendor@1.0.11 want: ^3.0.2
406 silly placeDep ROOT d3-array@3.2.4 OK for: @antv/vendor@1.0.11 want: ^3.2.4
407 silly placeDep ROOT d3-color@3.1.0 OK for: @antv/vendor@1.0.11 want: ^3.1.0
408 silly placeDep ROOT d3-dispatch@3.0.1 OK for: @antv/vendor@1.0.11 want: ^3.0.1
409 silly placeDep ROOT d3-dsv@3.0.1 OK for: @antv/vendor@1.0.11 want: ^3.0.1
410 silly placeDep ROOT d3-ease@3.0.1 OK for: @antv/vendor@1.0.11 want: ^3.0.1
411 silly placeDep ROOT d3-fetch@3.0.1 OK for: @antv/vendor@1.0.11 want: ^3.0.1
412 silly placeDep ROOT d3-force@3.0.0 OK for: @antv/vendor@1.0.11 want: ^3.0.0
413 silly placeDep ROOT d3-force-3d@3.0.6 OK for: @antv/vendor@1.0.11 want: ^3.0.5
414 silly placeDep ROOT d3-format@3.1.0 OK for: @antv/vendor@1.0.11 want: ^3.1.0
415 silly placeDep ROOT d3-geo@3.1.1 OK for: @antv/vendor@1.0.11 want: ^3.1.1
416 silly placeDep ROOT d3-geo-projection@4.0.0 OK for: @antv/vendor@1.0.11 want: ^4.0.0
417 silly placeDep ROOT d3-hierarchy@3.1.2 OK for: @antv/vendor@1.0.11 want: ^3.1.2
418 silly placeDep ROOT d3-interpolate@3.0.1 OK for: @antv/vendor@1.0.11 want: ^3.0.1
419 silly placeDep ROOT d3-path@3.1.0 OK for: @antv/vendor@1.0.11 want: ^3.1.0
420 silly placeDep ROOT d3-quadtree@3.0.1 OK for: @antv/vendor@1.0.11 want: ^3.0.1
421 silly placeDep ROOT d3-random@3.0.1 OK for: @antv/vendor@1.0.11 want: ^3.0.1
422 silly placeDep ROOT d3-regression@1.3.10 OK for: @antv/vendor@1.0.11 want: ^1.3.10
423 silly placeDep ROOT d3-scale@4.0.2 OK for: @antv/vendor@1.0.11 want: ^4.0.2
424 silly placeDep ROOT d3-scale-chromatic@3.1.0 OK for: @antv/vendor@1.0.11 want: ^3.1.0
425 silly placeDep ROOT d3-shape@3.2.0 OK for: @antv/vendor@1.0.11 want: ^3.2.0
426 silly placeDep ROOT d3-time@3.1.0 OK for: @antv/vendor@1.0.11 want: ^3.1.0
427 silly placeDep ROOT d3-timer@3.0.1 OK for: @antv/vendor@1.0.11 want: ^3.0.1
428 silly fetch manifest @types/d3-time@*
429 silly packumentCache full:https://registry.npmjs.org/@types%2fd3-time cache-miss
430 silly fetch manifest internmap@1 - 2
431 silly packumentCache full:https://registry.npmjs.org/internmap cache-miss
432 silly fetch manifest commander@7
433 silly packumentCache full:https://registry.npmjs.org/commander cache-miss
434 silly fetch manifest iconv-lite@0.6
435 silly packumentCache full:https://registry.npmjs.org/iconv-lite cache-miss
436 silly fetch manifest rw@1
437 silly packumentCache full:https://registry.npmjs.org/rw cache-miss
438 silly fetch manifest d3-quadtree@1 - 3
439 silly packumentCache full:https://registry.npmjs.org/d3-quadtree cache-miss
440 silly fetch manifest d3-timer@1 - 3
441 silly packumentCache full:https://registry.npmjs.org/d3-timer cache-miss
442 silly fetch manifest d3-binarytree@1
443 silly packumentCache full:https://registry.npmjs.org/d3-binarytree cache-miss
444 silly fetch manifest d3-octree@1
445 silly packumentCache full:https://registry.npmjs.org/d3-octree cache-miss
446 http cache https://registry.npmjs.org/d3-quadtree 2ms (cache hit)
447 silly packumentCache full:https://registry.npmjs.org/d3-quadtree set size:98011 disposed:false
448 silly fetch manifest d3-timer@1 - 3
449 silly packumentCache full:https://registry.npmjs.org/d3-timer cache-miss
450 http cache https://registry.npmjs.org/d3-timer 3ms (cache hit)
451 silly packumentCache full:https://registry.npmjs.org/d3-timer set size:101516 disposed:false
452 silly fetch manifest commander@7
453 silly packumentCache full:https://registry.npmjs.org/commander cache-miss
454 http cache https://registry.npmjs.org/@types%2fd3-time 4ms (cache hit)
455 silly packumentCache full:https://registry.npmjs.org/@types%2fd3-time set size:52652 disposed:false
456 silly fetch manifest d3-time@2.1.1 - 3
457 silly packumentCache full:https://registry.npmjs.org/d3-time cache-miss
458 http cache https://registry.npmjs.org/d3-timer 2ms (cache hit)
459 silly packumentCache full:https://registry.npmjs.org/d3-timer set size:101516 disposed:false
460 silly packumentCache full:https://registry.npmjs.org/d3-timer dispose
461 silly fetch manifest d3-time-format@2 - 4
462 silly packumentCache full:https://registry.npmjs.org/d3-time-format cache-miss
463 http cache https://registry.npmjs.org/d3-time 1ms (cache hit)
464 silly packumentCache full:https://registry.npmjs.org/d3-time set size:150406 disposed:false
465 http fetch GET 200 https://registry.npmjs.org/rw 35ms (cache miss)
466 silly packumentCache full:https://registry.npmjs.org/rw set size:undefined disposed:false
467 http fetch GET 200 https://registry.npmjs.org/d3-binarytree 35ms (cache miss)
468 silly packumentCache full:https://registry.npmjs.org/d3-binarytree set size:undefined disposed:false
469 http fetch GET 200 https://registry.npmjs.org/commander 34ms (cache miss)
470 silly packumentCache full:https://registry.npmjs.org/commander set size:undefined disposed:false
471 http fetch GET 200 https://registry.npmjs.org/internmap 41ms (cache miss)
472 silly packumentCache full:https://registry.npmjs.org/internmap set size:undefined disposed:false
473 http fetch GET 200 https://registry.npmjs.org/iconv-lite 41ms (cache miss)
474 silly packumentCache full:https://registry.npmjs.org/iconv-lite set size:undefined disposed:false
475 http fetch GET 200 https://registry.npmjs.org/d3-octree 45ms (cache miss)
476 silly packumentCache full:https://registry.npmjs.org/d3-octree set size:undefined disposed:false
477 http fetch GET 200 https://registry.npmjs.org/commander 58ms (cache miss)
478 silly packumentCache full:https://registry.npmjs.org/commander set size:undefined disposed:false
479 http fetch GET 200 https://registry.npmjs.org/d3-time-format 60ms (cache miss)
480 silly packumentCache full:https://registry.npmjs.org/d3-time-format set size:undefined disposed:false
481 silly placeDep ROOT simple-swizzle@0.2.4 OK for: color-string@1.9.1 want: ^0.2.2
482 silly fetch manifest is-arrayish@^0.3.1
483 silly packumentCache full:https://registry.npmjs.org/is-arrayish cache-miss
484 http fetch GET 200 https://registry.npmjs.org/is-arrayish 30ms (cache miss)
485 silly packumentCache full:https://registry.npmjs.org/is-arrayish set size:undefined disposed:false
486 silly placeDep ROOT internmap@2.0.3 OK for: d3-array@3.2.4 want: 1 - 2
487 silly placeDep node_modules/d3-dsv commander@7.2.0 OK for: d3-dsv@3.0.1 want: 7
488 silly placeDep ROOT iconv-lite@0.6.3 OK for: d3-dsv@3.0.1 want: 0.6
489 silly placeDep ROOT rw@1.3.3 OK for: d3-dsv@3.0.1 want: 1
490 silly fetch manifest safer-buffer@>= 2.1.2 < 3.0.0
491 silly packumentCache full:https://registry.npmjs.org/safer-buffer cache-miss
492 http fetch GET 200 https://registry.npmjs.org/safer-buffer 39ms (cache miss)
493 silly packumentCache full:https://registry.npmjs.org/safer-buffer set size:undefined disposed:false
494 silly placeDep ROOT d3-binarytree@1.0.2 OK for: d3-force-3d@3.0.6 want: 1
495 silly placeDep ROOT d3-octree@1.1.0 OK for: d3-force-3d@3.0.6 want: 1
496 silly placeDep node_modules/d3-geo-projection commander@7.2.0 OK for: d3-geo-projection@4.0.0 want: 7
497 silly placeDep ROOT d3-time-format@4.1.0 OK for: d3-scale@4.0.2 want: 2 - 4
498 silly placeDep ROOT safer-buffer@2.1.2 OK for: iconv-lite@0.6.3 want: >= 2.1.2 < 3.0.0
499 silly placeDep node_modules/simple-swizzle is-arrayish@0.3.4 OK for: simple-swizzle@0.2.4 want: ^0.3.1
500 silly fetch manifest @antv/util@^3.3.7
501 silly packumentCache full:https://registry.npmjs.org/@antv%2futil cache-hit
502 silly placeDep node_modules/@antv/coord/node_modules/@antv/scale @antv/util@3.3.11 OK for: @antv/scale@0.4.16 want: ^3.3.7
503 silly reify moves {}
504 silly audit bulk request {
504 silly audit   '@ant-design/colors': [ '7.2.1' ],
504 silly audit   '@ant-design/cssinjs': [ '1.24.0' ],
504 silly audit   '@ant-design/cssinjs-utils': [ '1.1.3' ],
504 silly audit   '@emotion/hash': [ '0.8.0', '0.9.2' ],
504 silly audit   '@emotion/unitless': [ '0.7.5', '0.10.0' ],
504 silly audit   stylis: [ '4.3.6', '4.2.0' ],
504 silly audit   '@ant-design/fast-color': [ '2.0.6' ],
504 silly audit   '@ant-design/icons': [ '5.6.1' ],
504 silly audit   '@ant-design/icons-svg': [ '4.4.2' ],
504 silly audit   '@ant-design/react-slick': [ '1.1.2' ],
504 silly audit   '@babel/code-frame': [ '7.27.1' ],
504 silly audit   '@babel/generator': [ '7.28.5' ],
504 silly audit   '@babel/helper-globals': [ '7.28.0' ],
504 silly audit   '@babel/helper-module-imports': [ '7.27.1' ],
504 silly audit   '@babel/helper-string-parser': [ '7.27.1' ],
504 silly audit   '@babel/helper-validator-identifier': [ '7.28.5' ],
504 silly audit   '@babel/parser': [ '7.28.5' ],
504 silly audit   '@babel/runtime': [ '7.28.4' ],
504 silly audit   '@babel/template': [ '7.27.2' ],
504 silly audit   '@babel/traverse': [ '7.28.5' ],
504 silly audit   '@babel/types': [ '7.28.5' ],
504 silly audit   '@capacitor/cli': [ '8.0.0' ],
504 silly audit   '@capacitor/core': [ '8.0.0' ],
504 silly audit   '@capacitor/ios': [ '8.0.0' ],
504 silly audit   '@emotion/babel-plugin': [ '11.13.5' ],
504 silly audit   '@emotion/cache': [ '11.14.0' ],
504 silly audit   '@emotion/is-prop-valid': [ '1.4.0' ],
504 silly audit   '@emotion/memoize': [ '0.9.0' ],
504 silly audit   '@emotion/react': [ '11.14.0' ],
504 silly audit   '@emotion/serialize': [ '1.3.3' ],
504 silly audit   '@emotion/sheet': [ '1.4.0' ],
504 silly audit   '@emotion/styled': [ '11.14.1' ],
504 silly audit   '@emotion/use-insertion-effect-with-fallbacks': [ '1.2.0' ],
504 silly audit   '@emotion/utils': [ '1.4.2' ],
504 silly audit   '@emotion/weak-memoize': [ '0.4.0' ],
504 silly audit   '@floating-ui/core': [ '1.7.3' ],
504 silly audit   '@floating-ui/dom': [ '1.7.4' ],
504 silly audit   '@floating-ui/react': [ '0.27.16' ],
504 silly audit   '@floating-ui/react-dom': [ '2.1.6' ],
504 silly audit   '@floating-ui/utils': [ '0.2.10' ],
504 silly audit   '@inertiajs/core': [ '1.3.0' ],
504 silly audit   '@inertiajs/inertia': [ '0.11.1' ],
504 silly audit   axios: [ '0.21.4', '1.13.2' ],
504 silly audit   '@inertiajs/progress': [ '0.2.7' ],
504 silly audit   '@inertiajs/react': [ '1.3.0' ],
504 silly audit   '@ionic/cli-framework-output': [ '2.2.8' ],
504 silly audit   '@ionic/utils-array': [ '2.1.6' ],
504 silly audit   '@ionic/utils-fs': [ '3.1.7' ],
504 silly audit   'fs-extra': [ '9.1.0', '11.3.2' ],
504 silly audit   '@ionic/utils-object': [ '2.1.6' ],
504 silly audit   '@ionic/utils-process': [ '2.1.12' ],
504 silly audit   '@ionic/utils-stream': [ '3.1.7' ],
504 silly audit   '@ionic/utils-subprocess': [ '3.0.1' ],
504 silly audit   '@ionic/utils-terminal': [ '2.3.5' ],
504 silly audit   '@isaacs/balanced-match': [ '4.0.1' ],
504 silly audit   '@isaacs/brace-expansion': [ '5.0.0' ],
504 silly audit   '@jridgewell/gen-mapping': [ '0.3.13' ],
504 silly audit   '@jridgewell/resolve-uri': [ '3.1.2' ],
504 silly audit   '@jridgewell/sourcemap-codec': [ '1.5.5' ],
504 silly audit   '@jridgewell/trace-mapping': [ '0.3.31' ],
504 silly audit   '@mantine/core': [ '8.3.10' ],
504 silly audit   '@mantine/hooks': [ '8.3.10' ],
504 silly audit   '@mapbox/jsonlint-lines-primitives': [ '2.0.2' ],
504 silly audit   '@mapbox/mapbox-gl-supported': [ '3.0.0' ],
504 silly audit   '@mapbox/point-geometry': [ '1.1.0' ],
504 silly audit   '@mapbox/tiny-sdf': [ '2.0.7' ],
504 silly audit   '@mapbox/unitbezier': [ '0.0.1' ],
504 silly audit   '@mapbox/vector-tile': [ '2.0.4' ],
504 silly audit   '@mapbox/whoots-js': [ '3.1.0' ],
504 silly audit   '@rc-component/async-validator': [ '5.0.4' ],
504 silly audit   '@rc-component/color-picker': [ '2.0.1' ],
504 silly audit   '@rc-component/context': [ '1.4.0' ],
504 silly audit   '@rc-component/mini-decimal': [ '1.1.0' ],
504 silly audit   '@rc-component/mutate-observer': [ '1.1.0' ],
504 silly audit   '@rc-component/portal': [ '1.1.2' ],
504 silly audit   '@rc-component/qrcode': [ '1.1.1' ],
504 silly audit   '@rc-component/tour': [ '1.15.1' ],
504 silly audit   '@rc-component/trigger': [ '2.3.0' ],
504 silly audit   '@react-spring/animated': [ '9.6.1' ],
504 silly audit   '@react-spring/core': [ '9.6.1' ],
504 silly audit   '@react-spring/rafz': [ '9.6.1' ],
504 silly audit   '@react-spring/shared': [ '9.6.1' ],
504 silly audit   '@react-spring/types': [ '9.6.1' ],
504 silly audit   '@react-spring/web': [ '9.6.1' ],
504 silly audit   '@tabler/icons': [ '3.35.0' ],
504 silly audit   '@tabler/icons-react': [ '3.35.0' ],
504 silly audit   '@tanstack/query-core': [ '5.90.12' ],
504 silly audit   '@tanstack/react-query': [ '5.90.12' ],
504 silly audit   '@types/fs-extra': [ '8.1.5' ],
504 silly audit   '@types/geojson': [ '7946.0.16' ],
504 silly audit   '@types/geojson-vt': [ '3.2.5' ],
504 silly audit   '@types/js-cookie': [ '3.0.6' ],
504 silly audit   '@types/mapbox__point-geometry': [ '0.1.4' ],
504 silly audit   '@types/mapbox-gl': [ '3.4.1' ],
504 silly audit   '@types/node': [ '25.0.2' ],
504 silly audit   '@types/parse-json': [ '4.0.2' ],
504 silly audit   '@types/pbf': [ '3.0.5' ],
504 silly audit   '@types/prop-types': [ '15.7.15' ],
504 silly audit   '@types/react': [ '18.3.27' ],
504 silly audit   '@types/react-dom': [ '18.3.7' ],
504 silly audit   '@types/slice-ansi': [ '4.0.0' ],
504 silly audit   '@types/supercluster': [ '7.1.3' ],
504 silly audit   '@use-gesture/core': [ '10.3.0' ],
504 silly audit   '@use-gesture/react': [ '10.3.0' ],
504 silly audit   '@xmldom/xmldom': [ '0.8.11' ],
504 silly audit   ahooks: [ '3.9.6' ],
504 silly audit   'ansi-regex': [ '5.0.1' ],
504 silly audit   'ansi-styles': [ '4.3.0' ],
504 silly audit   antd: [ '5.29.1' ],
504 silly audit   'antd-mobile': [ '5.42.1' ],
504 silly audit   'antd-mobile-icons': [ '0.3.0' ],
504 silly audit   'antd-mobile-v5-count': [ '1.0.1' ],
504 silly audit   'rc-field-form': [ '1.44.0', '2.7.1' ],
504 silly audit   'rc-segmented': [ '2.4.1', '2.7.0' ],
504 silly audit   'react-is': [ '18.3.1', '16.13.1' ],
504 silly audit   'astral-regex': [ '2.0.0' ],
504 silly audit   'async-validator': [ '4.2.5' ],
504 silly audit   asynckit: [ '0.4.0' ],
504 silly audit   'at-least-node': [ '1.0.0' ],
504 silly audit   'babel-plugin-macros': [ '3.1.0' ],
504 silly audit   'base64-js': [ '1.5.1' ],
504 silly audit   'big-integer': [ '1.6.52' ],
504 silly audit   'bplist-parser': [ '0.3.2' ],
504 silly audit   'buffer-crc32': [ '0.2.13' ],
504 silly audit   'call-bind-apply-helpers': [ '1.0.2' ],
504 silly audit   'call-bound': [ '1.0.4' ],
504 silly audit   callsites: [ '3.1.0' ],
504 silly audit   'cheap-ruler': [ '4.0.0' ],
504 silly audit   chownr: [ '2.0.0' ],
504 silly audit   classnames: [ '2.5.1' ],
504 silly audit   clsx: [ '2.1.1' ],
504 silly audit   'color-convert': [ '2.0.1' ],
504 silly audit   'color-name': [ '1.1.4' ],
504 silly audit   'combined-stream': [ '1.0.8' ],
504 silly audit   commander: [ '12.1.0', '7.2.0' ],
504 silly audit   'compute-scroll-into-view': [ '3.1.1' ],
504 silly audit   'convert-source-map': [ '1.9.0' ],
504 silly audit   'copy-to-clipboard': [ '3.3.3' ],
504 silly audit   cosmiconfig: [ '7.1.0' ],
504 silly audit   yaml: [ '1.10.2' ],
504 silly audit   'cross-spawn': [ '7.0.6' ],
504 silly audit   csscolorparser: [ '1.0.3' ],
504 silly audit   csstype: [ '3.2.3' ],
504 silly audit   'date-fns': [ '3.6.0' ],
504 silly audit   dayjs: [ '1.11.19' ],
504 silly audit   debug: [ '4.4.3' ],
504 silly audit   deepmerge: [ '4.3.1' ],
504 silly audit   'define-lazy-prop': [ '2.0.0' ],
504 silly audit   'delayed-stream': [ '1.0.0' ],
504 silly audit   'detect-node-es': [ '1.1.0' ],
504 silly audit   'dunder-proto': [ '1.0.1' ],
504 silly audit   earcut: [ '3.0.2' ],
504 silly audit   elementtree: [ '0.1.7' ],
504 silly audit   'emoji-regex': [ '8.0.0' ],
504 silly audit   'env-paths': [ '2.2.1' ],
504 silly audit   'error-ex': [ '1.3.4' ],
504 silly audit   'es-define-property': [ '1.0.1' ],
504 silly audit   'es-errors': [ '1.3.0' ],
504 silly audit   'es-object-atoms': [ '1.1.1' ],
504 silly audit   'es-set-tostringtag': [ '2.1.0' ],
504 silly audit   'escape-string-regexp': [ '4.0.0' ],
504 silly audit   'fd-slicer': [ '1.1.0' ],
504 silly audit   'find-root': [ '1.1.0' ],
504 silly audit   'follow-redirects': [ '1.15.11' ],
504 silly audit   'form-data': [ '4.0.5' ],
504 silly audit   'fs-minipass': [ '2.1.0' ],
504 silly audit   minipass: [ '3.3.6', '7.1.2', '5.0.0' ],
504 silly audit   'function-bind': [ '1.1.2' ],
504 silly audit   'geojson-vt': [ '4.0.2' ],
504 silly audit   'get-intrinsic': [ '1.3.0' ],
504 silly audit   'get-nonce': [ '1.0.1' ],
504 silly audit   'get-proto': [ '1.0.1' ],
504 silly audit   'gl-matrix': [ '3.4.4' ],
504 silly audit   glob: [ '13.0.0' ],
504 silly audit   gopd: [ '1.2.0' ],
504 silly audit   'graceful-fs': [ '4.2.11' ],
504 silly audit   'grid-index': [ '1.1.0' ],
504 silly audit   gsap: [ '3.12.5' ],
504 silly audit   'has-symbols': [ '1.1.0' ],
504 silly audit   'has-tostringtag': [ '1.0.2' ],
504 silly audit   hasown: [ '2.0.2' ],
504 silly audit   'hoist-non-react-statics': [ '3.3.2' ],
504 silly audit   'html-parse-stringify': [ '3.0.1' ],
504 silly audit   i18next: [ '23.16.8' ],
504 silly audit   'import-fresh': [ '3.3.1' ],
504 silly audit   inherits: [ '2.0.4' ],
504 silly audit   ini: [ '4.1.3' ],
504 silly audit   'intersection-observer': [ '0.12.2' ],
504 silly audit   'is-arrayish': [ '0.2.1', '0.3.4' ],
504 silly audit   'is-core-module': [ '2.16.1' ],
504 silly audit   'is-docker': [ '2.2.1' ],
504 silly audit   'is-fullwidth-code-point': [ '3.0.0' ],
504 silly audit   'is-wsl': [ '2.2.0' ],
504 silly audit   isexe: [ '2.0.0' ],
504 silly audit   'js-cookie': [ '3.0.5' ],
504 silly audit   'js-tokens': [ '4.0.0' ],
504 silly audit   jsesc: [ '3.1.0' ],
504 silly audit   'json-parse-even-better-errors': [ '2.3.1' ],
504 silly audit   json2mq: [ '0.2.0' ],
504 silly audit   jsonfile: [ '6.2.0' ],
504 silly audit   kdbush: [ '4.0.2' ],
504 silly audit   kleur: [ '4.1.5', '3.0.3' ],
504 silly audit   'lines-and-columns': [ '1.2.4' ],
504 silly audit   lodash: [ '4.17.21' ],
504 silly audit   'lodash.isequal': [ '4.5.0' ],
504 silly audit   'loose-envify': [ '1.4.0' ],
504 silly audit   'lru-cache': [ '11.2.4' ],
504 silly audit   'mapbox-gl': [ '3.17.0' ],
504 silly audit   'martinez-polygon-clipping': [ '0.7.4' ],
504 silly audit   tinyqueue: [ '1.2.3', '3.0.0' ],
504 silly audit   'math-intrinsics': [ '1.1.0' ],
504 silly audit   'mime-db': [ '1.52.0' ],
504 silly audit   'mime-types': [ '2.1.35' ],
504 silly audit   minimatch: [ '10.1.1' ],
504 silly audit   minizlib: [ '2.1.2' ],
504 silly audit   mkdirp: [ '1.0.4' ],
504 silly audit   ms: [ '2.1.3' ],
504 silly audit   'murmurhash-js': [ '1.0.0' ],
504 silly audit   'nano-memoize': [ '3.0.16' ],
504 silly audit   'native-run': [ '2.0.1' ],
504 silly audit   nprogress: [ '0.2.0' ],
504 silly audit   'object-inspect': [ '1.13.4' ],
504 silly audit   open: [ '8.4.2' ],
504 silly audit   'package-json-from-dist': [ '1.0.1' ],
504 silly audit   'parent-module': [ '1.0.1' ],
504 silly audit   'parse-json': [ '5.2.0' ],
504 silly audit   'path-key': [ '3.1.1' ],
504 silly audit   'path-parse': [ '1.0.7' ],
504 silly audit   'path-scurry': [ '2.0.1' ],
504 silly audit   'path-type': [ '4.0.0' ],
504 silly audit   pbf: [ '4.0.1' ],
504 silly audit   pend: [ '1.2.0' ],
504 silly audit   picocolors: [ '1.1.1' ],
504 silly audit   plist: [ '3.1.0' ],
504 silly audit   potpack: [ '2.1.0' ],
504 silly audit   prompts: [ '2.4.2' ],
504 silly audit   'protocol-buffers-schema': [ '3.6.0' ],
504 silly audit   'proxy-from-env': [ '1.1.0' ],
504 silly audit   qs: [ '6.14.0' ],
504 silly audit   quickselect: [ '3.0.0' ],
504 silly audit   'rc-cascader': [ '3.34.0' ],
504 silly audit   'rc-checkbox': [ '3.5.0' ],
504 silly audit   'rc-collapse': [ '3.9.0' ],
504 silly audit   'rc-dialog': [ '9.6.0' ],
504 silly audit   'rc-drawer': [ '7.3.0' ],
504 silly audit   'rc-dropdown': [ '4.2.1' ],
504 silly audit   'rc-image': [ '7.12.0' ],
504 silly audit   'rc-input': [ '1.8.0' ],
504 silly audit   'rc-input-number': [ '9.5.0' ],
504 silly audit   'rc-mentions': [ '2.20.0' ],
504 silly audit   'rc-menu': [ '9.16.1' ],
504 silly audit   'rc-motion': [ '2.9.5' ],
504 silly audit   'rc-notification': [ '5.6.4' ],
504 silly audit   'rc-overflow': [ '1.5.0' ],
504 silly audit   'rc-pagination': [ '5.1.0' ],
504 silly audit   'rc-picker': [ '4.11.3' ],
504 silly audit   'rc-progress': [ '4.0.0' ],
504 silly audit   'rc-rate': [ '2.13.1' ],
504 silly audit   'rc-resize-observer': [ '1.4.3' ],
504 silly audit   'rc-select': [ '14.16.8' ],
504 silly audit   'rc-slider': [ '11.1.9' ],
504 silly audit   'rc-steps': [ '6.0.1' ],
504 silly audit   'rc-switch': [ '4.1.0' ],
504 silly audit   'rc-table': [ '7.54.0' ],
504 silly audit   'rc-tabs': [ '15.7.0' ],
504 silly audit   'rc-textarea': [ '1.10.2' ],
504 silly audit   'rc-tooltip': [ '6.4.0' ],
504 silly audit   'rc-tree': [ '5.13.1' ],
504 silly audit   'rc-tree-select': [ '5.27.0' ],
504 silly audit   'rc-upload': [ '4.11.0' ],
504 silly audit   'rc-util': [ '5.44.4' ],
504 silly audit   'rc-virtual-list': [ '3.19.2' ],
504 silly audit   react: [ '18.3.1' ],
504 silly audit   'react-dom': [ '18.3.1' ],
504 silly audit   'react-fast-compare': [ '3.2.2' ],
504 silly audit   'react-hook-form': [ '7.68.0' ],
504 silly audit   'react-i18next': [ '15.7.4' ],
504 silly audit   'react-number-format': [ '5.4.4' ],
504 silly audit   'react-remove-scroll': [ '2.7.2' ],
504 silly audit   'react-remove-scroll-bar': [ '2.3.8' ],
504 silly audit   'react-style-singleton': [ '2.2.3' ],
504 silly audit   'react-textarea-autosize': [ '8.5.9' ],
504 silly audit   'readable-stream': [ '3.6.2' ],
504 silly audit   'resize-observer-polyfill': [ '1.5.1' ],
504 silly audit   resolve: [ '1.22.11' ],
504 silly audit   'resolve-from': [ '4.0.0' ],
504 silly audit   'resolve-protobuf-schema': [ '2.1.0' ],
504 silly audit   rimraf: [ '6.1.2' ],
504 silly audit   'robust-predicates': [ '2.0.4' ],
504 silly audit   runes2: [ '1.1.4' ],
504 silly audit   'safe-buffer': [ '5.2.1' ],
504 silly audit   sax: [ '1.1.4' ],
504 silly audit   scheduler: [ '0.23.2' ],
504 silly audit   screenfull: [ '5.2.0' ],
504 silly audit   'scroll-into-view-if-needed': [ '3.1.0' ],
504 silly audit   semver: [ '7.7.3' ],
504 silly audit   'shebang-command': [ '2.0.0' ],
504 silly audit   'shebang-regex': [ '3.0.0' ],
504 silly audit   'side-channel': [ '1.1.0' ],
504 silly audit   'side-channel-list': [ '1.0.0' ],
504 silly audit   'side-channel-map': [ '1.0.1' ],
504 silly audit   'side-channel-weakmap': [ '1.0.2' ],
504 silly audit   'signal-exit': [ '3.0.7' ],
504 silly audit   sisteransi: [ '1.0.5' ],
504 silly audit   'slice-ansi': [ '4.0.0' ],
504 silly audit   'source-map': [ '0.5.7' ],
504 silly audit   splaytree: [ '0.1.4' ],
504 silly audit   split2: [ '4.2.0' ],
504 silly audit   'staged-components': [ '1.1.3' ],
504 silly audit   string_decoder: [ '1.3.0' ],
504 silly audit   'string-convert': [ '0.2.1' ],
504 silly audit   'string-width': [ '4.2.3' ],
504 silly audit   'strip-ansi': [ '6.0.1' ],
504 silly audit   supercluster: [ '8.0.1' ],
504 silly audit   'supports-preserve-symlinks-flag': [ '1.0.0' ],
504 silly audit   tabbable: [ '6.3.0' ],
504 silly audit   tar: [ '6.2.1' ],
504 silly audit   three: [ '0.166.1' ],
504 silly audit   'throttle-debounce': [ '5.0.2' ],
504 silly audit   through2: [ '4.0.2' ],
504 silly audit   'toggle-selection': [ '1.0.6' ],
504 silly audit   'tree-kill': [ '1.2.2' ],
504 silly audit   tslib: [ '2.8.1' ],
504 silly audit   'type-fest': [ '4.41.0' ],
504 silly audit   typescript: [ '5.9.3' ],
504 silly audit   'undici-types': [ '7.16.0' ],
504 silly audit   universalify: [ '2.0.1' ],
504 silly audit   untildify: [ '4.0.0' ],
504 silly audit   'use-callback-ref': [ '1.3.3' ],
504 silly audit   'use-composed-ref': [ '1.4.0' ],
504 silly audit   'use-isomorphic-layout-effect': [ '1.2.1' ],
504 silly audit   'use-latest': [ '1.3.0' ],
504 silly audit   'use-sidecar': [ '1.1.3' ],
504 silly audit   'use-sync-external-store': [ '1.6.0' ],
504 silly audit   'util-deprecate': [ '1.0.2' ],
504 silly audit   'void-elements': [ '3.1.0' ],
504 silly audit   which: [ '2.0.2' ],
504 silly audit   'wrap-ansi': [ '7.0.0' ],
504 silly audit   xml2js: [ '0.6.2' ],
504 silly audit   xmlbuilder: [ '11.0.1', '15.1.1' ],
504 silly audit   yallist: [ '4.0.0' ],
504 silly audit   yauzl: [ '2.10.0' ],
504 silly audit   zustand: [ '4.5.7' ],
504 silly audit   '@ant-design/plots': [ '2.6.6' ],
504 silly audit   '@ant-design/charts-util': [ '0.0.2' ],
504 silly audit   '@antv/event-emitter': [ '0.1.3' ],
504 silly audit   '@antv/g': [ '6.2.1' ],
504 silly audit   '@antv/g2': [ '5.4.7' ],
504 silly audit   '@antv/g2-extension-plot': [ '0.2.2' ],
504 silly audit   '@antv/g-camera-api': [ '2.0.45' ],
504 silly audit   '@antv/g-dom-mutation-observer-api': [ '2.0.42' ],
504 silly audit   '@antv/g-lite': [ '2.5.1' ],
504 silly audit   '@antv/g-web-animations-api': [ '2.1.32' ],
504 silly audit   '@antv/util': [ '3.3.11', '2.0.17' ],
504 silly audit   '@antv/g-math': [ '3.0.1' ],
504 silly audit   '@antv/vendor': [ '1.0.11' ],
504 silly audit   eventemitter3: [ '5.0.1' ],
504 silly audit   '@antv/component': [ '2.1.11' ],
504 silly audit   '@antv/coord': [ '0.4.7' ],
504 silly audit   '@antv/expr': [ '1.0.2' ],
504 silly audit   '@antv/g-canvas': [ '2.0.52' ],
504 silly audit   '@antv/g-plugin-dragndrop': [ '2.0.42' ],
504 silly audit   '@antv/scale': [ '0.5.2', '0.4.16' ],
504 silly audit   flru: [ '1.0.2' ],
504 silly audit   pdfast: [ '0.2.0' ],
504 silly audit   'svg-path-parser': [ '1.1.0' ],
504 silly audit   '@antv/g-plugin-canvas-path-generator': [ '2.1.26' ],
504 silly audit   '@antv/g-plugin-canvas-picker': [ '2.3.1' ],
504 silly audit   '@antv/g-plugin-canvas-renderer': [ '2.5.1' ],
504 silly audit   '@antv/g-plugin-dom-interaction': [ '2.1.31' ],
504 silly audit   '@antv/g-plugin-html-renderer': [ '2.3.1' ],
504 silly audit   '@antv/g-plugin-image-loader': [ '2.3.1' ],
504 silly audit   'color-string': [ '1.9.1' ],
504 silly audit   fecha: [ '4.2.3' ],
504 silly audit   'fast-deep-equal': [ '3.1.3' ],
504 silly audit   '@types/d3-array': [ '3.2.2' ],
504 silly audit   '@types/d3-color': [ '3.1.3' ],
504 silly audit   '@types/d3-dispatch': [ '3.0.7' ],
504 silly audit   '@types/d3-dsv': [ '3.0.7' ],
504 silly audit   '@types/d3-ease': [ '3.0.2' ],
504 silly audit   '@types/d3-fetch': [ '3.0.7' ],
504 silly audit   '@types/d3-force': [ '3.0.10' ],
504 silly audit   '@types/d3-format': [ '3.0.4' ],
504 silly audit   '@types/d3-geo': [ '3.1.0' ],
504 silly audit   '@types/d3-hierarchy': [ '3.1.7' ],
504 silly audit   '@types/d3-interpolate': [ '3.0.4' ],
504 silly audit   '@types/d3-path': [ '3.1.1' ],
504 silly audit   '@types/d3-quadtree': [ '3.0.6' ],
504 silly audit   '@types/d3-random': [ '3.0.3' ],
504 silly audit   '@types/d3-scale': [ '4.0.9' ],
504 silly audit   '@types/d3-scale-chromatic': [ '3.1.0' ],
504 silly audit   '@types/d3-shape': [ '3.1.7' ],
504 silly audit   '@types/d3-time': [ '3.0.4' ],
504 silly audit   '@types/d3-timer': [ '3.0.2' ],
504 silly audit   'd3-array': [ '3.2.4' ],
504 silly audit   'd3-color': [ '3.1.0' ],
504 silly audit   'd3-dispatch': [ '3.0.1' ],
504 silly audit   'd3-dsv': [ '3.0.1' ],
504 silly audit   'd3-ease': [ '3.0.1' ],
504 silly audit   'd3-fetch': [ '3.0.1' ],
504 silly audit   'd3-force': [ '3.0.0' ],
504 silly audit   'd3-force-3d': [ '3.0.6' ],
504 silly audit   'd3-format': [ '3.1.0' ],
504 silly audit   'd3-geo': [ '3.1.1' ],
504 silly audit   'd3-geo-projection': [ '4.0.0' ],
504 silly audit   'd3-hierarchy': [ '3.1.2' ],
504 silly audit   'd3-interpolate': [ '3.0.1' ],
504 silly audit   'd3-path': [ '3.1.0' ],
504 silly audit   'd3-quadtree': [ '3.0.1' ],
504 silly audit   'd3-random': [ '3.0.1' ],
504 silly audit   'd3-regression': [ '1.3.10' ],
504 silly audit   'd3-scale': [ '4.0.2' ],
504 silly audit   'd3-scale-chromatic': [ '3.1.0' ],
504 silly audit   'd3-shape': [ '3.2.0' ],
504 silly audit   'd3-time': [ '3.1.0' ],
504 silly audit   'd3-timer': [ '3.0.1' ],
504 silly audit   'simple-swizzle': [ '0.2.4' ],
504 silly audit   internmap: [ '2.0.3' ],
504 silly audit   'iconv-lite': [ '0.6.3' ],
504 silly audit   rw: [ '1.3.3' ],
504 silly audit   'd3-binarytree': [ '1.0.2' ],
504 silly audit   'd3-octree': [ '1.1.0' ],
504 silly audit   'd3-time-format': [ '4.1.0' ],
504 silly audit   'safer-buffer': [ '2.1.2' ]
504 silly audit }
505 http cache safer-buffer@https://registry.npmjs.org/safer-buffer/-/safer-buffer-2.1.2.tgz 0ms (cache hit)
506 http cache d3-time-format@https://registry.npmjs.org/d3-time-format/-/d3-time-format-4.1.0.tgz 0ms (cache hit)
507 http cache d3-octree@https://registry.npmjs.org/d3-octree/-/d3-octree-1.1.0.tgz 0ms (cache hit)
508 http cache d3-binarytree@https://registry.npmjs.org/d3-binarytree/-/d3-binarytree-1.0.2.tgz 0ms (cache hit)
509 http cache rw@https://registry.npmjs.org/rw/-/rw-1.3.3.tgz 0ms (cache hit)
510 http cache iconv-lite@https://registry.npmjs.org/iconv-lite/-/iconv-lite-0.6.3.tgz 0ms (cache hit)
511 http cache internmap@https://registry.npmjs.org/internmap/-/internmap-2.0.3.tgz 0ms (cache hit)
512 http cache d3-shape@https://registry.npmjs.org/d3-shape/-/d3-shape-3.2.0.tgz 0ms (cache hit)
513 http cache d3-scale-chromatic@https://registry.npmjs.org/d3-scale-chromatic/-/d3-scale-chromatic-3.1.0.tgz 0ms (cache hit)
514 http cache d3-time@https://registry.npmjs.org/d3-time/-/d3-time-3.1.0.tgz 0ms (cache hit)
515 http cache d3-timer@https://registry.npmjs.org/d3-timer/-/d3-timer-3.0.1.tgz 0ms (cache hit)
516 http cache d3-scale@https://registry.npmjs.org/d3-scale/-/d3-scale-4.0.2.tgz 0ms (cache hit)
517 http cache d3-random@https://registry.npmjs.org/d3-random/-/d3-random-3.0.1.tgz 0ms (cache hit)
518 http cache d3-regression@https://registry.npmjs.org/d3-regression/-/d3-regression-1.3.10.tgz 0ms (cache hit)
519 http cache d3-quadtree@https://registry.npmjs.org/d3-quadtree/-/d3-quadtree-3.0.1.tgz 0ms (cache hit)
520 http cache d3-path@https://registry.npmjs.org/d3-path/-/d3-path-3.1.0.tgz 0ms (cache hit)
521 http cache simple-swizzle@https://registry.npmjs.org/simple-swizzle/-/simple-swizzle-0.2.4.tgz 0ms (cache hit)
522 http cache d3-interpolate@https://registry.npmjs.org/d3-interpolate/-/d3-interpolate-3.0.1.tgz 0ms (cache hit)
523 http cache d3-hierarchy@https://registry.npmjs.org/d3-hierarchy/-/d3-hierarchy-3.1.2.tgz 0ms (cache hit)
524 http cache d3-geo@https://registry.npmjs.org/d3-geo/-/d3-geo-3.1.1.tgz 0ms (cache hit)
525 http cache d3-geo-projection@https://registry.npmjs.org/d3-geo-projection/-/d3-geo-projection-4.0.0.tgz 0ms (cache hit)
526 http cache d3-format@https://registry.npmjs.org/d3-format/-/d3-format-3.1.0.tgz 0ms (cache hit)
527 http cache d3-force-3d@https://registry.npmjs.org/d3-force-3d/-/d3-force-3d-3.0.6.tgz 0ms (cache hit)
528 http cache d3-force@https://registry.npmjs.org/d3-force/-/d3-force-3.0.0.tgz 0ms (cache hit)
529 http cache d3-fetch@https://registry.npmjs.org/d3-fetch/-/d3-fetch-3.0.1.tgz 0ms (cache hit)
530 http cache d3-ease@https://registry.npmjs.org/d3-ease/-/d3-ease-3.0.1.tgz 0ms (cache hit)
531 http cache d3-dsv@https://registry.npmjs.org/d3-dsv/-/d3-dsv-3.0.1.tgz 0ms (cache hit)
532 http cache d3-dispatch@https://registry.npmjs.org/d3-dispatch/-/d3-dispatch-3.0.1.tgz 0ms (cache hit)
533 http cache d3-color@https://registry.npmjs.org/d3-color/-/d3-color-3.1.0.tgz 0ms (cache hit)
534 http cache d3-array@https://registry.npmjs.org/d3-array/-/d3-array-3.2.4.tgz 0ms (cache hit)
535 http cache @types/d3-timer@https://registry.npmjs.org/@types/d3-timer/-/d3-timer-3.0.2.tgz 0ms (cache hit)
536 http cache @types/d3-time@https://registry.npmjs.org/@types/d3-time/-/d3-time-3.0.4.tgz 0ms (cache hit)
537 http cache @types/d3-shape@https://registry.npmjs.org/@types/d3-shape/-/d3-shape-3.1.7.tgz 0ms (cache hit)
538 http cache @types/d3-scale-chromatic@https://registry.npmjs.org/@types/d3-scale-chromatic/-/d3-scale-chromatic-3.1.0.tgz 0ms (cache hit)
539 http cache @types/d3-scale@https://registry.npmjs.org/@types/d3-scale/-/d3-scale-4.0.9.tgz 0ms (cache hit)
540 http cache @types/d3-random@https://registry.npmjs.org/@types/d3-random/-/d3-random-3.0.3.tgz 0ms (cache hit)
541 http cache @types/d3-quadtree@https://registry.npmjs.org/@types/d3-quadtree/-/d3-quadtree-3.0.6.tgz 0ms (cache hit)
542 http cache @types/d3-path@https://registry.npmjs.org/@types/d3-path/-/d3-path-3.1.1.tgz 0ms (cache hit)
543 http cache @types/d3-interpolate@https://registry.npmjs.org/@types/d3-interpolate/-/d3-interpolate-3.0.4.tgz 0ms (cache hit)
544 http cache @types/d3-geo@https://registry.npmjs.org/@types/d3-geo/-/d3-geo-3.1.0.tgz 0ms (cache hit)
545 http cache @types/d3-hierarchy@https://registry.npmjs.org/@types/d3-hierarchy/-/d3-hierarchy-3.1.7.tgz 0ms (cache hit)
546 http cache @types/d3-format@https://registry.npmjs.org/@types/d3-format/-/d3-format-3.0.4.tgz 0ms (cache hit)
547 http cache @types/d3-force@https://registry.npmjs.org/@types/d3-force/-/d3-force-3.0.10.tgz 0ms (cache hit)
548 http cache @types/d3-fetch@https://registry.npmjs.org/@types/d3-fetch/-/d3-fetch-3.0.7.tgz 0ms (cache hit)
549 http cache @types/d3-ease@https://registry.npmjs.org/@types/d3-ease/-/d3-ease-3.0.2.tgz 0ms (cache hit)
550 http cache @types/d3-dsv@https://registry.npmjs.org/@types/d3-dsv/-/d3-dsv-3.0.7.tgz 0ms (cache hit)
551 http cache @types/d3-dispatch@https://registry.npmjs.org/@types/d3-dispatch/-/d3-dispatch-3.0.7.tgz 0ms (cache hit)
552 http cache @types/d3-color@https://registry.npmjs.org/@types/d3-color/-/d3-color-3.1.3.tgz 0ms (cache hit)
553 http cache @types/d3-array@https://registry.npmjs.org/@types/d3-array/-/d3-array-3.2.2.tgz 0ms (cache hit)
554 http cache fecha@https://registry.npmjs.org/fecha/-/fecha-4.2.3.tgz 0ms (cache hit)
555 http cache fast-deep-equal@https://registry.npmjs.org/fast-deep-equal/-/fast-deep-equal-3.1.3.tgz 0ms (cache hit)
556 http cache color-string@https://registry.npmjs.org/color-string/-/color-string-1.9.1.tgz 0ms (cache hit)
557 http cache @antv/g-plugin-image-loader@https://registry.npmjs.org/@antv/g-plugin-image-loader/-/g-plugin-image-loader-2.3.1.tgz 0ms (cache hit)
558 http cache @antv/g-plugin-html-renderer@https://registry.npmjs.org/@antv/g-plugin-html-renderer/-/g-plugin-html-renderer-2.3.1.tgz 0ms (cache hit)
559 http cache @antv/g-plugin-dom-interaction@https://registry.npmjs.org/@antv/g-plugin-dom-interaction/-/g-plugin-dom-interaction-2.1.31.tgz 0ms (cache hit)
560 http cache @antv/g-plugin-canvas-renderer@https://registry.npmjs.org/@antv/g-plugin-canvas-renderer/-/g-plugin-canvas-renderer-2.5.1.tgz 0ms (cache hit)
561 http cache @antv/g-plugin-canvas-picker@https://registry.npmjs.org/@antv/g-plugin-canvas-picker/-/g-plugin-canvas-picker-2.3.1.tgz 0ms (cache hit)
562 http cache @antv/g-plugin-canvas-path-generator@https://registry.npmjs.org/@antv/g-plugin-canvas-path-generator/-/g-plugin-canvas-path-generator-2.1.26.tgz 0ms (cache hit)
563 http cache svg-path-parser@https://registry.npmjs.org/svg-path-parser/-/svg-path-parser-1.1.0.tgz 0ms (cache hit)
564 http cache pdfast@https://registry.npmjs.org/pdfast/-/pdfast-0.2.0.tgz 0ms (cache hit)
565 http cache flru@https://registry.npmjs.org/flru/-/flru-1.0.2.tgz 0ms (cache hit)
566 http cache @antv/scale@https://registry.npmjs.org/@antv/scale/-/scale-0.5.2.tgz 0ms (cache hit)
567 http cache @antv/g-plugin-dragndrop@https://registry.npmjs.org/@antv/g-plugin-dragndrop/-/g-plugin-dragndrop-2.0.42.tgz 0ms (cache hit)
568 http cache @antv/g-canvas@https://registry.npmjs.org/@antv/g-canvas/-/g-canvas-2.0.52.tgz 0ms (cache hit)
569 http cache @antv/expr@https://registry.npmjs.org/@antv/expr/-/expr-1.0.2.tgz 0ms (cache hit)
570 http cache @antv/coord@https://registry.npmjs.org/@antv/coord/-/coord-0.4.7.tgz 0ms (cache hit)
571 http cache eventemitter3@https://registry.npmjs.org/eventemitter3/-/eventemitter3-5.0.1.tgz 0ms (cache hit)
572 http cache @antv/component@https://registry.npmjs.org/@antv/component/-/component-2.1.11.tgz 0ms (cache hit)
573 http cache @antv/vendor@https://registry.npmjs.org/@antv/vendor/-/vendor-1.0.11.tgz 0ms (cache hit)
574 http cache @antv/g-math@https://registry.npmjs.org/@antv/g-math/-/g-math-3.0.1.tgz 0ms (cache hit)
575 http cache @antv/util@https://registry.npmjs.org/@antv/util/-/util-3.3.11.tgz 0ms (cache hit)
576 http cache @antv/g-web-animations-api@https://registry.npmjs.org/@antv/g-web-animations-api/-/g-web-animations-api-2.1.32.tgz 0ms (cache hit)
577 http cache @antv/g-lite@https://registry.npmjs.org/@antv/g-lite/-/g-lite-2.5.1.tgz 0ms (cache hit)
578 http cache @antv/g-dom-mutation-observer-api@https://registry.npmjs.org/@antv/g-dom-mutation-observer-api/-/g-dom-mutation-observer-api-2.0.42.tgz 0ms (cache hit)
579 http cache @antv/g-camera-api@https://registry.npmjs.org/@antv/g-camera-api/-/g-camera-api-2.0.45.tgz 0ms (cache hit)
580 http cache @antv/g2@https://registry.npmjs.org/@antv/g2/-/g2-5.4.7.tgz 0ms (cache hit)
581 http cache @antv/g@https://registry.npmjs.org/@antv/g/-/g-6.2.1.tgz 0ms (cache hit)
582 http cache @antv/event-emitter@https://registry.npmjs.org/@antv/event-emitter/-/event-emitter-0.1.3.tgz 0ms (cache hit)
583 http cache @ant-design/charts-util@https://registry.npmjs.org/@ant-design/charts-util/-/charts-util-0.0.2.tgz 0ms (cache hit)
584 http cache @ant-design/plots@https://registry.npmjs.org/@ant-design/plots/-/plots-2.6.6.tgz 0ms (cache hit)
585 http cache is-arrayish@https://registry.npmjs.org/is-arrayish/-/is-arrayish-0.3.4.tgz 0ms (cache hit)
586 http cache commander@https://registry.npmjs.org/commander/-/commander-7.2.0.tgz 0ms (cache hit)
587 http cache @antv/util@https://registry.npmjs.org/@antv/util/-/util-2.0.17.tgz 0ms (cache hit)
588 http cache commander@https://registry.npmjs.org/commander/-/commander-7.2.0.tgz 0ms (cache hit)
589 http cache @antv/scale@https://registry.npmjs.org/@antv/scale/-/scale-0.4.16.tgz 0ms (cache hit)
590 http cache @antv/util@https://registry.npmjs.org/@antv/util/-/util-3.3.11.tgz 0ms (cache hit)
591 http cache @antv/scale@https://registry.npmjs.org/@antv/scale/-/scale-0.4.16.tgz 0ms (cache hit)
592 http cache @antv/g2-extension-plot@https://registry.npmjs.org/@antv/g2-extension-plot/-/g2-extension-plot-0.2.2.tgz 0ms (cache hit)
593 silly tarball no local data for safer-buffer@https://registry.npmjs.org/safer-buffer/-/safer-buffer-2.1.2.tgz. Extracting by manifest.
594 silly tarball no local data for d3-time-format@https://registry.npmjs.org/d3-time-format/-/d3-time-format-4.1.0.tgz. Extracting by manifest.
595 silly tarball no local data for d3-octree@https://registry.npmjs.org/d3-octree/-/d3-octree-1.1.0.tgz. Extracting by manifest.
596 silly tarball no local data for d3-binarytree@https://registry.npmjs.org/d3-binarytree/-/d3-binarytree-1.0.2.tgz. Extracting by manifest.
597 silly tarball no local data for rw@https://registry.npmjs.org/rw/-/rw-1.3.3.tgz. Extracting by manifest.
598 silly tarball no local data for iconv-lite@https://registry.npmjs.org/iconv-lite/-/iconv-lite-0.6.3.tgz. Extracting by manifest.
599 silly tarball no local data for internmap@https://registry.npmjs.org/internmap/-/internmap-2.0.3.tgz. Extracting by manifest.
600 silly tarball no local data for d3-shape@https://registry.npmjs.org/d3-shape/-/d3-shape-3.2.0.tgz. Extracting by manifest.
601 silly tarball no local data for d3-scale-chromatic@https://registry.npmjs.org/d3-scale-chromatic/-/d3-scale-chromatic-3.1.0.tgz. Extracting by manifest.
602 silly tarball no local data for d3-time@https://registry.npmjs.org/d3-time/-/d3-time-3.1.0.tgz. Extracting by manifest.
603 silly tarball no local data for d3-timer@https://registry.npmjs.org/d3-timer/-/d3-timer-3.0.1.tgz. Extracting by manifest.
604 silly tarball no local data for d3-scale@https://registry.npmjs.org/d3-scale/-/d3-scale-4.0.2.tgz. Extracting by manifest.
605 silly tarball no local data for d3-random@https://registry.npmjs.org/d3-random/-/d3-random-3.0.1.tgz. Extracting by manifest.
606 silly tarball no local data for d3-regression@https://registry.npmjs.org/d3-regression/-/d3-regression-1.3.10.tgz. Extracting by manifest.
607 silly tarball no local data for d3-quadtree@https://registry.npmjs.org/d3-quadtree/-/d3-quadtree-3.0.1.tgz. Extracting by manifest.
608 silly tarball no local data for d3-path@https://registry.npmjs.org/d3-path/-/d3-path-3.1.0.tgz. Extracting by manifest.
609 silly tarball no local data for simple-swizzle@https://registry.npmjs.org/simple-swizzle/-/simple-swizzle-0.2.4.tgz. Extracting by manifest.
610 silly tarball no local data for d3-interpolate@https://registry.npmjs.org/d3-interpolate/-/d3-interpolate-3.0.1.tgz. Extracting by manifest.
611 silly tarball no local data for d3-hierarchy@https://registry.npmjs.org/d3-hierarchy/-/d3-hierarchy-3.1.2.tgz. Extracting by manifest.
612 silly tarball no local data for d3-geo@https://registry.npmjs.org/d3-geo/-/d3-geo-3.1.1.tgz. Extracting by manifest.
613 silly tarball no local data for d3-geo-projection@https://registry.npmjs.org/d3-geo-projection/-/d3-geo-projection-4.0.0.tgz. Extracting by manifest.
614 silly tarball no local data for d3-format@https://registry.npmjs.org/d3-format/-/d3-format-3.1.0.tgz. Extracting by manifest.
615 silly tarball no local data for d3-force-3d@https://registry.npmjs.org/d3-force-3d/-/d3-force-3d-3.0.6.tgz. Extracting by manifest.
616 silly tarball no local data for d3-force@https://registry.npmjs.org/d3-force/-/d3-force-3.0.0.tgz. Extracting by manifest.
617 silly tarball no local data for d3-fetch@https://registry.npmjs.org/d3-fetch/-/d3-fetch-3.0.1.tgz. Extracting by manifest.
618 silly tarball no local data for d3-ease@https://registry.npmjs.org/d3-ease/-/d3-ease-3.0.1.tgz. Extracting by manifest.
619 silly tarball no local data for d3-dsv@https://registry.npmjs.org/d3-dsv/-/d3-dsv-3.0.1.tgz. Extracting by manifest.
620 silly tarball no local data for d3-dispatch@https://registry.npmjs.org/d3-dispatch/-/d3-dispatch-3.0.1.tgz. Extracting by manifest.
621 silly tarball no local data for d3-color@https://registry.npmjs.org/d3-color/-/d3-color-3.1.0.tgz. Extracting by manifest.
622 silly tarball no local data for d3-array@https://registry.npmjs.org/d3-array/-/d3-array-3.2.4.tgz. Extracting by manifest.
623 silly tarball no local data for @types/d3-timer@https://registry.npmjs.org/@types/d3-timer/-/d3-timer-3.0.2.tgz. Extracting by manifest.
624 silly tarball no local data for @types/d3-time@https://registry.npmjs.org/@types/d3-time/-/d3-time-3.0.4.tgz. Extracting by manifest.
625 silly tarball no local data for @types/d3-shape@https://registry.npmjs.org/@types/d3-shape/-/d3-shape-3.1.7.tgz. Extracting by manifest.
626 silly tarball no local data for @types/d3-scale-chromatic@https://registry.npmjs.org/@types/d3-scale-chromatic/-/d3-scale-chromatic-3.1.0.tgz. Extracting by manifest.
627 silly tarball no local data for @types/d3-scale@https://registry.npmjs.org/@types/d3-scale/-/d3-scale-4.0.9.tgz. Extracting by manifest.
628 silly tarball no local data for @types/d3-random@https://registry.npmjs.org/@types/d3-random/-/d3-random-3.0.3.tgz. Extracting by manifest.
629 silly tarball no local data for @types/d3-quadtree@https://registry.npmjs.org/@types/d3-quadtree/-/d3-quadtree-3.0.6.tgz. Extracting by manifest.
630 silly tarball no local data for @types/d3-path@https://registry.npmjs.org/@types/d3-path/-/d3-path-3.1.1.tgz. Extracting by manifest.
631 silly tarball no local data for @types/d3-interpolate@https://registry.npmjs.org/@types/d3-interpolate/-/d3-interpolate-3.0.4.tgz. Extracting by manifest.
632 silly tarball no local data for @types/d3-geo@https://registry.npmjs.org/@types/d3-geo/-/d3-geo-3.1.0.tgz. Extracting by manifest.
633 silly tarball no local data for @types/d3-hierarchy@https://registry.npmjs.org/@types/d3-hierarchy/-/d3-hierarchy-3.1.7.tgz. Extracting by manifest.
634 silly tarball no local data for @types/d3-format@https://registry.npmjs.org/@types/d3-format/-/d3-format-3.0.4.tgz. Extracting by manifest.
635 silly tarball no local data for @types/d3-force@https://registry.npmjs.org/@types/d3-force/-/d3-force-3.0.10.tgz. Extracting by manifest.
636 silly tarball no local data for @types/d3-fetch@https://registry.npmjs.org/@types/d3-fetch/-/d3-fetch-3.0.7.tgz. Extracting by manifest.
637 silly tarball no local data for @types/d3-ease@https://registry.npmjs.org/@types/d3-ease/-/d3-ease-3.0.2.tgz. Extracting by manifest.
638 silly tarball no local data for @types/d3-dsv@https://registry.npmjs.org/@types/d3-dsv/-/d3-dsv-3.0.7.tgz. Extracting by manifest.
639 silly tarball no local data for @types/d3-dispatch@https://registry.npmjs.org/@types/d3-dispatch/-/d3-dispatch-3.0.7.tgz. Extracting by manifest.
640 silly tarball no local data for @types/d3-color@https://registry.npmjs.org/@types/d3-color/-/d3-color-3.1.3.tgz. Extracting by manifest.
641 silly tarball no local data for @types/d3-array@https://registry.npmjs.org/@types/d3-array/-/d3-array-3.2.2.tgz. Extracting by manifest.
642 silly tarball no local data for fecha@https://registry.npmjs.org/fecha/-/fecha-4.2.3.tgz. Extracting by manifest.
643 silly tarball no local data for fast-deep-equal@https://registry.npmjs.org/fast-deep-equal/-/fast-deep-equal-3.1.3.tgz. Extracting by manifest.
644 silly tarball no local data for color-string@https://registry.npmjs.org/color-string/-/color-string-1.9.1.tgz. Extracting by manifest.
645 silly tarball no local data for @antv/g-plugin-image-loader@https://registry.npmjs.org/@antv/g-plugin-image-loader/-/g-plugin-image-loader-2.3.1.tgz. Extracting by manifest.
646 silly tarball no local data for @antv/g-plugin-html-renderer@https://registry.npmjs.org/@antv/g-plugin-html-renderer/-/g-plugin-html-renderer-2.3.1.tgz. Extracting by manifest.
647 silly tarball no local data for @antv/g-plugin-dom-interaction@https://registry.npmjs.org/@antv/g-plugin-dom-interaction/-/g-plugin-dom-interaction-2.1.31.tgz. Extracting by manifest.
648 silly tarball no local data for @antv/g-plugin-canvas-renderer@https://registry.npmjs.org/@antv/g-plugin-canvas-renderer/-/g-plugin-canvas-renderer-2.5.1.tgz. Extracting by manifest.
649 silly tarball no local data for @antv/g-plugin-canvas-picker@https://registry.npmjs.org/@antv/g-plugin-canvas-picker/-/g-plugin-canvas-picker-2.3.1.tgz. Extracting by manifest.
650 silly tarball no local data for @antv/g-plugin-canvas-path-generator@https://registry.npmjs.org/@antv/g-plugin-canvas-path-generator/-/g-plugin-canvas-path-generator-2.1.26.tgz. Extracting by manifest.
651 silly tarball no local data for svg-path-parser@https://registry.npmjs.org/svg-path-parser/-/svg-path-parser-1.1.0.tgz. Extracting by manifest.
652 silly tarball no local data for pdfast@https://registry.npmjs.org/pdfast/-/pdfast-0.2.0.tgz. Extracting by manifest.
653 silly tarball no local data for flru@https://registry.npmjs.org/flru/-/flru-1.0.2.tgz. Extracting by manifest.
654 silly tarball no local data for @antv/scale@https://registry.npmjs.org/@antv/scale/-/scale-0.5.2.tgz. Extracting by manifest.
655 silly tarball no local data for @antv/g-plugin-dragndrop@https://registry.npmjs.org/@antv/g-plugin-dragndrop/-/g-plugin-dragndrop-2.0.42.tgz. Extracting by manifest.
656 silly tarball no local data for @antv/g-canvas@https://registry.npmjs.org/@antv/g-canvas/-/g-canvas-2.0.52.tgz. Extracting by manifest.
657 silly tarball no local data for @antv/expr@https://registry.npmjs.org/@antv/expr/-/expr-1.0.2.tgz. Extracting by manifest.
658 silly tarball no local data for @antv/coord@https://registry.npmjs.org/@antv/coord/-/coord-0.4.7.tgz. Extracting by manifest.
659 silly tarball no local data for eventemitter3@https://registry.npmjs.org/eventemitter3/-/eventemitter3-5.0.1.tgz. Extracting by manifest.
660 silly tarball no local data for @antv/component@https://registry.npmjs.org/@antv/component/-/component-2.1.11.tgz. Extracting by manifest.
661 silly tarball no local data for @antv/vendor@https://registry.npmjs.org/@antv/vendor/-/vendor-1.0.11.tgz. Extracting by manifest.
662 silly tarball no local data for @antv/g-math@https://registry.npmjs.org/@antv/g-math/-/g-math-3.0.1.tgz. Extracting by manifest.
663 silly tarball no local data for @antv/util@https://registry.npmjs.org/@antv/util/-/util-3.3.11.tgz. Extracting by manifest.
664 silly tarball no local data for @antv/g-web-animations-api@https://registry.npmjs.org/@antv/g-web-animations-api/-/g-web-animations-api-2.1.32.tgz. Extracting by manifest.
665 silly tarball no local data for @antv/g-lite@https://registry.npmjs.org/@antv/g-lite/-/g-lite-2.5.1.tgz. Extracting by manifest.
666 silly tarball no local data for @antv/g-dom-mutation-observer-api@https://registry.npmjs.org/@antv/g-dom-mutation-observer-api/-/g-dom-mutation-observer-api-2.0.42.tgz. Extracting by manifest.
667 silly tarball no local data for @antv/g-camera-api@https://registry.npmjs.org/@antv/g-camera-api/-/g-camera-api-2.0.45.tgz. Extracting by manifest.
668 silly tarball no local data for @antv/g2@https://registry.npmjs.org/@antv/g2/-/g2-5.4.7.tgz. Extracting by manifest.
669 silly tarball no local data for @antv/g@https://registry.npmjs.org/@antv/g/-/g-6.2.1.tgz. Extracting by manifest.
670 silly tarball no local data for @antv/event-emitter@https://registry.npmjs.org/@antv/event-emitter/-/event-emitter-0.1.3.tgz. Extracting by manifest.
671 silly tarball no local data for @ant-design/charts-util@https://registry.npmjs.org/@ant-design/charts-util/-/charts-util-0.0.2.tgz. Extracting by manifest.
672 silly tarball no local data for @ant-design/plots@https://registry.npmjs.org/@ant-design/plots/-/plots-2.6.6.tgz. Extracting by manifest.
673 silly tarball no local data for is-arrayish@https://registry.npmjs.org/is-arrayish/-/is-arrayish-0.3.4.tgz. Extracting by manifest.
674 silly tarball no local data for commander@https://registry.npmjs.org/commander/-/commander-7.2.0.tgz. Extracting by manifest.
675 silly tarball no local data for @antv/util@https://registry.npmjs.org/@antv/util/-/util-2.0.17.tgz. Extracting by manifest.
676 silly tarball no local data for commander@https://registry.npmjs.org/commander/-/commander-7.2.0.tgz. Extracting by manifest.
677 silly tarball no local data for @antv/scale@https://registry.npmjs.org/@antv/scale/-/scale-0.4.16.tgz. Extracting by manifest.
678 silly tarball no local data for @antv/util@https://registry.npmjs.org/@antv/util/-/util-3.3.11.tgz. Extracting by manifest.
679 silly tarball no local data for @antv/scale@https://registry.npmjs.org/@antv/scale/-/scale-0.4.16.tgz. Extracting by manifest.
680 silly tarball no local data for @antv/g2-extension-plot@https://registry.npmjs.org/@antv/g2-extension-plot/-/g2-extension-plot-0.2.2.tgz. Extracting by manifest.
681 http fetch GET 200 https://registry.npmjs.org/safer-buffer/-/safer-buffer-2.1.2.tgz 51ms (cache miss)
682 http fetch GET 200 https://registry.npmjs.org/internmap/-/internmap-2.0.3.tgz 50ms (cache miss)
683 http fetch GET 200 https://registry.npmjs.org/rw/-/rw-1.3.3.tgz 51ms (cache miss)
684 http fetch GET 200 https://registry.npmjs.org/d3-octree/-/d3-octree-1.1.0.tgz 59ms (cache miss)
685 http fetch GET 200 https://registry.npmjs.org/d3-binarytree/-/d3-binarytree-1.0.2.tgz 59ms (cache miss)
686 http fetch GET 200 https://registry.npmjs.org/d3-time-format/-/d3-time-format-4.1.0.tgz 62ms (cache miss)
687 http fetch GET 200 https://registry.npmjs.org/iconv-lite/-/iconv-lite-0.6.3.tgz 65ms (cache miss)
688 http fetch GET 200 https://registry.npmjs.org/d3-quadtree/-/d3-quadtree-3.0.1.tgz 74ms (cache miss)
689 http fetch GET 200 https://registry.npmjs.org/simple-swizzle/-/simple-swizzle-0.2.4.tgz 82ms (cache miss)
690 http fetch GET 200 https://registry.npmjs.org/d3-path/-/d3-path-3.1.0.tgz 86ms (cache miss)
691 http fetch GET 200 https://registry.npmjs.org/d3-interpolate/-/d3-interpolate-3.0.1.tgz 107ms (cache miss)
692 http fetch GET 200 https://registry.npmjs.org/d3-timer/-/d3-timer-3.0.1.tgz 111ms (cache miss)
693 http fetch GET 200 https://registry.npmjs.org/d3-format/-/d3-format-3.1.0.tgz 116ms (cache miss)
694 http fetch GET 200 https://registry.npmjs.org/d3-fetch/-/d3-fetch-3.0.1.tgz 128ms (cache miss)
695 http fetch GET 200 https://registry.npmjs.org/d3-hierarchy/-/d3-hierarchy-3.1.2.tgz 131ms (cache miss)
696 http fetch GET 200 https://registry.npmjs.org/d3-force/-/d3-force-3.0.0.tgz 133ms (cache miss)
697 http fetch GET 200 https://registry.npmjs.org/d3-force-3d/-/d3-force-3d-3.0.6.tgz 135ms (cache miss)
698 http fetch GET 200 https://registry.npmjs.org/d3-ease/-/d3-ease-3.0.1.tgz 136ms (cache miss)
699 http fetch GET 200 https://registry.npmjs.org/d3-time/-/d3-time-3.1.0.tgz 138ms (cache miss)
700 http fetch GET 200 https://registry.npmjs.org/d3-shape/-/d3-shape-3.2.0.tgz 140ms (cache miss)
701 http fetch GET 200 https://registry.npmjs.org/d3-color/-/d3-color-3.1.0.tgz 142ms (cache miss)
702 http fetch GET 200 https://registry.npmjs.org/d3-dispatch/-/d3-dispatch-3.0.1.tgz 150ms (cache miss)
703 http fetch GET 200 https://registry.npmjs.org/d3-random/-/d3-random-3.0.1.tgz 158ms (cache miss)
704 http fetch GET 200 https://registry.npmjs.org/d3-dsv/-/d3-dsv-3.0.1.tgz 159ms (cache miss)
705 http fetch GET 200 https://registry.npmjs.org/d3-scale/-/d3-scale-4.0.2.tgz 161ms (cache miss)
706 http fetch GET 200 https://registry.npmjs.org/d3-geo/-/d3-geo-3.1.1.tgz 161ms (cache miss)
707 http fetch GET 200 https://registry.npmjs.org/d3-regression/-/d3-regression-1.3.10.tgz 165ms (cache miss)
708 http fetch GET 200 https://registry.npmjs.org/d3-scale-chromatic/-/d3-scale-chromatic-3.1.0.tgz 173ms (cache miss)
709 http fetch GET 200 https://registry.npmjs.org/@types/d3-timer/-/d3-timer-3.0.2.tgz 172ms (cache miss)
710 http fetch GET 200 https://registry.npmjs.org/@types/d3-time/-/d3-time-3.0.4.tgz 173ms (cache miss)
711 http fetch GET 200 https://registry.npmjs.org/@types/d3-random/-/d3-random-3.0.3.tgz 173ms (cache miss)
712 http fetch GET 200 https://registry.npmjs.org/d3-array/-/d3-array-3.2.4.tgz 176ms (cache miss)
713 http fetch GET 200 https://registry.npmjs.org/d3-geo-projection/-/d3-geo-projection-4.0.0.tgz 178ms (cache miss)
714 http fetch GET 200 https://registry.npmjs.org/@types/d3-quadtree/-/d3-quadtree-3.0.6.tgz 187ms (cache miss)
715 http fetch GET 200 https://registry.npmjs.org/@types/d3-interpolate/-/d3-interpolate-3.0.4.tgz 190ms (cache miss)
716 http fetch GET 200 https://registry.npmjs.org/@types/d3-scale-chromatic/-/d3-scale-chromatic-3.1.0.tgz 192ms (cache miss)
717 http fetch GET 200 https://registry.npmjs.org/@types/d3-shape/-/d3-shape-3.1.7.tgz 194ms (cache miss)
718 http fetch GET 200 https://registry.npmjs.org/@types/d3-geo/-/d3-geo-3.1.0.tgz 194ms (cache miss)
719 http fetch GET 200 https://registry.npmjs.org/@types/d3-path/-/d3-path-3.1.1.tgz 196ms (cache miss)
720 http fetch GET 200 https://registry.npmjs.org/@types/d3-scale/-/d3-scale-4.0.9.tgz 197ms (cache miss)
721 http fetch GET 200 https://registry.npmjs.org/@types/d3-hierarchy/-/d3-hierarchy-3.1.7.tgz 210ms (cache miss)
722 http fetch GET 200 https://registry.npmjs.org/color-string/-/color-string-1.9.1.tgz 223ms (cache miss)
723 http fetch GET 200 https://registry.npmjs.org/fast-deep-equal/-/fast-deep-equal-3.1.3.tgz 224ms (cache miss)
724 http fetch POST 200 https://registry.npmjs.org/-/npm/v1/security/advisories/bulk 242ms
725 silly audit report {
725 silly audit report   axios: [
725 silly audit report     {
725 silly audit report       id: 1111034,
725 silly audit report       url: 'https://github.com/advisories/GHSA-jr5f-v2jv-69x6',
725 silly audit report       title: 'axios Requests Vulnerable To Possible SSRF and Credential Leakage via Absolute URL',
725 silly audit report       severity: 'high',
725 silly audit report       vulnerable_versions: '<0.30.0',
725 silly audit report       cwe: [Array],
725 silly audit report       cvss: [Object]
725 silly audit report     },
725 silly audit report     {
725 silly audit report       id: 1108262,
725 silly audit report       url: 'https://github.com/advisories/GHSA-4hjh-wcwx-xvwj',
725 silly audit report       title: 'Axios is vulnerable to DoS attack through lack of data size check',
725 silly audit report       severity: 'high',
725 silly audit report       vulnerable_versions: '<0.30.2',
725 silly audit report       cwe: [Array],
725 silly audit report       cvss: [Object]
725 silly audit report     },
725 silly audit report     {
725 silly audit report       id: 1097679,
725 silly audit report       url: 'https://github.com/advisories/GHSA-wf5p-g6vw-rhxx',
725 silly audit report       title: 'Axios Cross-Site Request Forgery Vulnerability',
725 silly audit report       severity: 'moderate',
725 silly audit report       vulnerable_versions: '>=0.8.1 <0.28.0',
725 silly audit report       cwe: [Array],
725 silly audit report       cvss: [Object]
725 silly audit report     }
725 silly audit report   ]
725 silly audit report }
726 silly packumentCache corgi:https://registry.npmjs.org/axios cache-miss
727 http fetch GET 200 https://registry.npmjs.org/fecha/-/fecha-4.2.3.tgz 229ms (cache miss)
728 http fetch GET 200 https://registry.npmjs.org/@types/d3-fetch/-/d3-fetch-3.0.7.tgz 231ms (cache miss)
729 http fetch GET 200 https://registry.npmjs.org/@types/d3-format/-/d3-format-3.0.4.tgz 237ms (cache miss)
730 http fetch GET 200 https://registry.npmjs.org/@types/d3-dispatch/-/d3-dispatch-3.0.7.tgz 244ms (cache miss)
731 http fetch GET 200 https://registry.npmjs.org/@types/d3-ease/-/d3-ease-3.0.2.tgz 245ms (cache miss)
732 http fetch GET 200 https://registry.npmjs.org/@types/d3-force/-/d3-force-3.0.10.tgz 246ms (cache miss)
733 http fetch GET 200 https://registry.npmjs.org/@types/d3-dsv/-/d3-dsv-3.0.7.tgz 248ms (cache miss)
734 http fetch GET 200 https://registry.npmjs.org/pdfast/-/pdfast-0.2.0.tgz 258ms (cache miss)
735 http fetch GET 200 https://registry.npmjs.org/@types/d3-color/-/d3-color-3.1.3.tgz 261ms (cache miss)
736 http fetch GET 200 https://registry.npmjs.org/svg-path-parser/-/svg-path-parser-1.1.0.tgz 261ms (cache miss)
737 http fetch GET 200 https://registry.npmjs.org/@types/d3-array/-/d3-array-3.2.2.tgz 266ms (cache miss)
738 http fetch GET 200 https://registry.npmjs.org/flru/-/flru-1.0.2.tgz 270ms (cache miss)
739 http fetch GET 200 https://registry.npmjs.org/@antv/g-plugin-html-renderer/-/g-plugin-html-renderer-2.3.1.tgz 271ms (cache miss)
740 http fetch GET 200 https://registry.npmjs.org/@antv/g-plugin-image-loader/-/g-plugin-image-loader-2.3.1.tgz 294ms (cache miss)
741 http fetch GET 200 https://registry.npmjs.org/@antv/g-plugin-dom-interaction/-/g-plugin-dom-interaction-2.1.31.tgz 293ms (cache miss)
742 http fetch GET 200 https://registry.npmjs.org/eventemitter3/-/eventemitter3-5.0.1.tgz 293ms (cache miss)
743 http fetch GET 200 https://registry.npmjs.org/@antv/g-plugin-canvas-path-generator/-/g-plugin-canvas-path-generator-2.1.26.tgz 298ms (cache miss)
744 http fetch GET 200 https://registry.npmjs.org/@antv/g-plugin-canvas-renderer/-/g-plugin-canvas-renderer-2.5.1.tgz 306ms (cache miss)
745 http fetch GET 200 https://registry.npmjs.org/@antv/g-plugin-canvas-picker/-/g-plugin-canvas-picker-2.3.1.tgz 309ms (cache miss)
746 http fetch GET 200 https://registry.npmjs.org/@antv/g-canvas/-/g-canvas-2.0.52.tgz 323ms (cache miss)
747 http fetch GET 200 https://registry.npmjs.org/@antv/g-plugin-dragndrop/-/g-plugin-dragndrop-2.0.42.tgz 323ms (cache miss)
748 http fetch GET 200 https://registry.npmjs.org/@antv/expr/-/expr-1.0.2.tgz 326ms (cache miss)
749 http fetch GET 200 https://registry.npmjs.org/@antv/g-math/-/g-math-3.0.1.tgz 372ms (cache miss)
750 http fetch GET 200 https://registry.npmjs.org/@antv/g-dom-mutation-observer-api/-/g-dom-mutation-observer-api-2.0.42.tgz 382ms (cache miss)
751 http fetch GET 200 https://registry.npmjs.org/is-arrayish/-/is-arrayish-0.3.4.tgz 393ms (cache miss)
752 http fetch GET 200 https://registry.npmjs.org/@antv/g-web-animations-api/-/g-web-animations-api-2.1.32.tgz 397ms (cache miss)
753 http fetch GET 200 https://registry.npmjs.org/commander/-/commander-7.2.0.tgz 399ms (cache miss)
754 http fetch GET 200 https://registry.npmjs.org/@antv/coord/-/coord-0.4.7.tgz 419ms (cache miss)
755 http fetch GET 200 https://registry.npmjs.org/commander/-/commander-7.2.0.tgz 437ms (cache miss)
756 http fetch GET 200 https://registry.npmjs.org/@antv/event-emitter/-/event-emitter-0.1.3.tgz 438ms (cache miss)
757 http fetch GET 200 https://registry.npmjs.org/@ant-design/charts-util/-/charts-util-0.0.2.tgz 458ms (cache miss)
758 http fetch GET 200 https://registry.npmjs.org/@antv/g-camera-api/-/g-camera-api-2.0.45.tgz 465ms (cache miss)
759 http fetch GET 200 https://registry.npmjs.org/axios 242ms (cache miss)
760 silly packumentCache corgi:https://registry.npmjs.org/axios set size:undefined disposed:false
761 silly packumentCache corgi:https://registry.npmjs.org/@inertiajs%2finertia cache-miss
762 http fetch GET 200 https://registry.npmjs.org/@antv/g/-/g-6.2.1.tgz 495ms (cache miss)
763 http fetch GET 200 https://registry.npmjs.org/@antv/g2-extension-plot/-/g2-extension-plot-0.2.2.tgz 565ms (cache miss)
764 http fetch GET 200 https://registry.npmjs.org/@antv/vendor/-/vendor-1.0.11.tgz 573ms (cache miss)
765 http fetch GET 200 https://registry.npmjs.org/@antv/scale/-/scale-0.5.2.tgz 634ms (cache miss)
766 http fetch GET 200 https://registry.npmjs.org/@antv/g-lite/-/g-lite-2.5.1.tgz 665ms (cache miss)
767 http fetch GET 200 https://registry.npmjs.org/@inertiajs%2finertia 192ms (cache miss)
768 silly packumentCache corgi:https://registry.npmjs.org/@inertiajs%2finertia set size:undefined disposed:false
769 silly packumentCache corgi:https://registry.npmjs.org/@inertiajs%2fprogress cache-miss
770 http fetch GET 200 https://registry.npmjs.org/@antv/scale/-/scale-0.4.16.tgz 721ms (cache miss)
771 http fetch GET 200 https://registry.npmjs.org/@antv/scale/-/scale-0.4.16.tgz 725ms (cache miss)
772 http fetch GET 200 https://registry.npmjs.org/@antv/util/-/util-2.0.17.tgz 841ms (cache miss)
773 http fetch GET 200 https://registry.npmjs.org/@antv/util/-/util-3.3.11.tgz 1262ms (cache miss)
774 http fetch GET 200 https://registry.npmjs.org/@antv/component/-/component-2.1.11.tgz 1298ms (cache miss)
775 http fetch GET 200 https://registry.npmjs.org/@ant-design/plots/-/plots-2.6.6.tgz 1336ms (cache miss)
776 http fetch GET 200 https://registry.npmjs.org/@antv/util/-/util-3.3.11.tgz 1337ms (cache miss)
777 http fetch GET 200 https://registry.npmjs.org/@antv/g2/-/g2-5.4.7.tgz 1614ms (cache miss)
778 http fetch GET 200 https://registry.npmjs.org/@inertiajs%2fprogress 1402ms (cache miss)
779 silly packumentCache corgi:https://registry.npmjs.org/@inertiajs%2fprogress set size:undefined disposed:false
780 silly ADD node_modules/safer-buffer
781 silly ADD node_modules/d3-time-format
782 silly ADD node_modules/d3-octree
783 silly ADD node_modules/d3-binarytree
784 silly ADD node_modules/rw
785 silly ADD node_modules/iconv-lite
786 silly ADD node_modules/internmap
787 silly ADD node_modules/simple-swizzle
788 silly ADD node_modules/simple-swizzle/node_modules/is-arrayish
789 silly ADD node_modules/d3-timer
790 silly ADD node_modules/d3-time
791 silly ADD node_modules/d3-shape
792 silly ADD node_modules/d3-scale-chromatic
793 silly ADD node_modules/d3-scale
794 silly ADD node_modules/d3-regression
795 silly ADD node_modules/d3-random
796 silly ADD node_modules/d3-quadtree
797 silly ADD node_modules/d3-path
798 silly ADD node_modules/d3-interpolate
799 silly ADD node_modules/d3-hierarchy
800 silly ADD node_modules/d3-geo-projection
801 silly ADD node_modules/d3-geo-projection/node_modules/commander
802 silly ADD node_modules/d3-geo
803 silly ADD node_modules/d3-format
804 silly ADD node_modules/d3-force-3d
805 silly ADD node_modules/d3-force
806 silly ADD node_modules/d3-fetch
807 silly ADD node_modules/d3-ease
808 silly ADD node_modules/d3-dsv
809 silly ADD node_modules/d3-dsv/node_modules/commander
810 silly ADD node_modules/d3-dispatch
811 silly ADD node_modules/d3-color
812 silly ADD node_modules/d3-array
813 silly ADD node_modules/@types/d3-timer
814 silly ADD node_modules/@types/d3-time
815 silly ADD node_modules/@types/d3-shape
816 silly ADD node_modules/@types/d3-scale-chromatic
817 silly ADD node_modules/@types/d3-scale
818 silly ADD node_modules/@types/d3-random
819 silly ADD node_modules/@types/d3-quadtree
820 silly ADD node_modules/@types/d3-path
821 silly ADD node_modules/@types/d3-interpolate
822 silly ADD node_modules/@types/d3-hierarchy
823 silly ADD node_modules/@types/d3-geo
824 silly ADD node_modules/@types/d3-format
825 silly ADD node_modules/@types/d3-force
826 silly ADD node_modules/@types/d3-fetch
827 silly ADD node_modules/@types/d3-ease
828 silly ADD node_modules/@types/d3-dsv
829 silly ADD node_modules/@types/d3-dispatch
830 silly ADD node_modules/@types/d3-color
831 silly ADD node_modules/@types/d3-array
832 silly ADD node_modules/fast-deep-equal
833 silly ADD node_modules/fecha
834 silly ADD node_modules/color-string
835 silly ADD node_modules/@antv/g-plugin-image-loader
836 silly ADD node_modules/@antv/g-plugin-html-renderer
837 silly ADD node_modules/@antv/g-plugin-dom-interaction
838 silly ADD node_modules/@antv/g-plugin-canvas-renderer
839 silly ADD node_modules/@antv/g-plugin-canvas-picker
840 silly ADD node_modules/@antv/g-plugin-canvas-path-generator
841 silly ADD node_modules/svg-path-parser
842 silly ADD node_modules/pdfast
843 silly ADD node_modules/flru
844 silly ADD node_modules/@antv/scale
845 silly ADD node_modules/@antv/g-plugin-dragndrop
846 silly ADD node_modules/@antv/g-canvas
847 silly ADD node_modules/@antv/expr
848 silly ADD node_modules/@antv/coord
849 silly ADD node_modules/@antv/coord/node_modules/@antv/util
850 silly ADD node_modules/@antv/coord/node_modules/@antv/scale
851 silly ADD node_modules/@antv/coord/node_modules/@antv/scale/node_modules/@antv/util
852 silly ADD node_modules/@antv/component
853 silly ADD node_modules/@antv/component/node_modules/@antv/scale
854 silly ADD node_modules/eventemitter3
855 silly ADD node_modules/@antv/vendor
856 silly ADD node_modules/@antv/g-math
857 silly ADD node_modules/@antv/util
858 silly ADD node_modules/@antv/g-web-animations-api
859 silly ADD node_modules/@antv/g-lite
860 silly ADD node_modules/@antv/g-dom-mutation-observer-api
861 silly ADD node_modules/@antv/g-camera-api
862 silly ADD node_modules/@antv/g2-extension-plot
863 silly ADD node_modules/@antv/g2
864 silly ADD node_modules/@antv/g
865 silly ADD node_modules/@antv/event-emitter
866 silly ADD node_modules/@ant-design/charts-util
867 silly ADD node_modules/@ant-design/plots
868 verbose cwd /Users/beniam/Documents/CODE/LOMI/MEDIC/medic/assets
869 verbose os Darwin 24.6.0
870 verbose node v24.10.0
871 verbose npm  v11.6.0
872 notice
872 notice New [33mminor[39m version of npm available! [33m11.6.0[39m -> [34m11.7.0[39m
872 notice Changelog: [34mhttps://github.com/npm/cli/releases/tag/v11.7.0[39m
872 notice To update run: [4mnpm install -g npm@11.7.0[24m
872 notice  { force: true, Symbol(proc-log.meta): true }
873 verbose exit 0
874 info ok
